[0.042s] Invoking command in '/home/ionia/Desktop/dubal_ws/build/controller': CMAKE_PREFIX_PATH=${CMAKE_PREFIX_PATH}:/home/ionia/Desktop/dubal_ws/install/serial_reciver:/home/ionia/Desktop/dubal_ws/install/odrive_controller:/opt/ros/foxy /usr/bin/cmake /home/ionia/Desktop/dubal_ws/src/controller -DCMAKE_INSTALL_PREFIX=/home/ionia/Desktop/dubal_ws/install/controller
[0.969s] -- The C compiler identification is GNU 9.4.0
[0.969s] -- The CXX compiler identification is GNU 9.4.0
[0.969s] -- Check for working C compiler: /usr/bin/cc
[0.969s] -- Check for working C compiler: /usr/bin/cc -- works
[0.969s] -- Detecting C compiler ABI info
[0.971s] -- Detecting C compiler ABI info - done
[0.973s] -- Detecting C compile features
[0.973s] -- Detecting C compile features - done
[0.973s] -- Check for working CXX compiler: /usr/bin/c++
[0.974s] -- Check for working CXX compiler: /usr/bin/c++ -- works
[0.974s] -- Detecting CXX compiler ABI info
[0.975s] -- Detecting CXX compiler ABI info - done
[0.999s] -- Detecting CXX compile features
[1.001s] -- Detecting CXX compile features - done
[1.007s] -- Found ament_cmake: 0.9.12 (/opt/ros/foxy/share/ament_cmake/cmake)
[1.076s] -- Found PythonInterp: /usr/bin/python3 (found suitable version "3.8.10", minimum required is "3") 
[1.077s] -- Using PYTHON_EXECUTABLE: /usr/bin/python3
[1.582s] -- Found rclcpp: 2.4.3 (/opt/ros/foxy/share/rclcpp/cmake)
[1.706s] -- Using all available rosidl_typesupport_c: rosidl_typesupport_fastrtps_c;rosidl_typesupport_introspection_c
[1.724s] -- Found rosidl_adapter: 1.3.1 (/opt/ros/foxy/share/rosidl_adapter/cmake)
[1.947s] -- Found OpenSSL: /usr/lib/x86_64-linux-gnu/libcrypto.so (found version "1.1.1f")  
[2.030s] -- Found FastRTPS: /opt/ros/foxy/include  
[2.198s] -- Using all available rosidl_typesupport_cpp: rosidl_typesupport_fastrtps_cpp;rosidl_typesupport_introspection_cpp
[2.306s] -- Found rmw_implementation_cmake: 1.0.4 (/opt/ros/foxy/share/rmw_implementation_cmake/cmake)
[2.308s] -- Using RMW implementation 'rmw_fastrtps_cpp' as default
[2.310s] -- Looking for pthread.h
[2.443s] -- Looking for pthread.h - found
[2.443s] -- Performing Test CMAKE_HAVE_LIBC_PTHREAD
[2.562s] -- Performing Test CMAKE_HAVE_LIBC_PTHREAD - Failed
[2.564s] -- Looking for pthread_create in pthreads
[2.657s] -- Looking for pthread_create in pthreads - not found
[2.657s] -- Looking for pthread_create in pthread
[2.752s] -- Looking for pthread_create in pthread - found
[2.753s] -- Found Threads: TRUE  
[2.942s] -- Found sensor_msgs: 2.0.5 (/opt/ros/foxy/share/sensor_msgs/cmake)
[3.167s] -- Configuring done
[3.178s] -- Generating done
[3.180s] -- Build files have been written to: /home/ionia/Desktop/dubal_ws/build/controller
[3.191s] Invoked command in '/home/ionia/Desktop/dubal_ws/build/controller' returned '0': CMAKE_PREFIX_PATH=${CMAKE_PREFIX_PATH}:/home/ionia/Desktop/dubal_ws/install/serial_reciver:/home/ionia/Desktop/dubal_ws/install/odrive_controller:/opt/ros/foxy /usr/bin/cmake /home/ionia/Desktop/dubal_ws/src/controller -DCMAKE_INSTALL_PREFIX=/home/ionia/Desktop/dubal_ws/install/controller
[3.195s] Invoking command in '/home/ionia/Desktop/dubal_ws/build/controller': CMAKE_PREFIX_PATH=${CMAKE_PREFIX_PATH}:/home/ionia/Desktop/dubal_ws/install/serial_reciver:/home/ionia/Desktop/dubal_ws/install/odrive_controller:/opt/ros/foxy /usr/bin/cmake --build /home/ionia/Desktop/dubal_ws/build/controller -- -j4 -l4
[3.246s] [35m[1mScanning dependencies of target controller_main[0m
[3.284s] [ 50%] [32mBuilding CXX object CMakeFiles/controller_main.dir/src/controller_main.cpp.o[0m
[10.738s] [100%] [32m[1mLinking CXX executable controller_main[0m
[11.147s] [100%] Built target controller_main
[11.162s] Invoked command in '/home/ionia/Desktop/dubal_ws/build/controller' returned '0': CMAKE_PREFIX_PATH=${CMAKE_PREFIX_PATH}:/home/ionia/Desktop/dubal_ws/install/serial_reciver:/home/ionia/Desktop/dubal_ws/install/odrive_controller:/opt/ros/foxy /usr/bin/cmake --build /home/ionia/Desktop/dubal_ws/build/controller -- -j4 -l4
[11.211s] Invoking command in '/home/ionia/Desktop/dubal_ws/build/controller': CMAKE_PREFIX_PATH=${CMAKE_PREFIX_PATH}:/home/ionia/Desktop/dubal_ws/install/serial_reciver:/home/ionia/Desktop/dubal_ws/install/odrive_controller:/opt/ros/foxy /usr/bin/cmake --install /home/ionia/Desktop/dubal_ws/build/controller
[11.223s] -- Install configuration: ""
[11.223s] -- Installing: /home/ionia/Desktop/dubal_ws/install/controller/lib/controller/controller_main
[11.226s] -- Set runtime path of "/home/ionia/Desktop/dubal_ws/install/controller/lib/controller/controller_main" to ""
[11.227s] -- Up-to-date: /home/ionia/Desktop/dubal_ws/install/controller/share/controller/
[11.227s] -- Up-to-date: /home/ionia/Desktop/dubal_ws/install/controller/share/controller//dubal_no_eye.py
[11.227s] -- Up-to-date: /home/ionia/Desktop/dubal_ws/install/controller/share/ament_index/resource_index/package_run_dependencies/controller
[11.227s] -- Installing: /home/ionia/Desktop/dubal_ws/install/controller/share/ament_index/resource_index/parent_prefix_path/controller
[11.227s] -- Installing: /home/ionia/Desktop/dubal_ws/install/controller/share/controller/environment/ament_prefix_path.sh
[11.227s] -- Installing: /home/ionia/Desktop/dubal_ws/install/controller/share/controller/environment/ament_prefix_path.dsv
[11.228s] -- Installing: /home/ionia/Desktop/dubal_ws/install/controller/share/controller/environment/path.sh
[11.228s] -- Installing: /home/ionia/Desktop/dubal_ws/install/controller/share/controller/environment/path.dsv
[11.228s] -- Up-to-date: /home/ionia/Desktop/dubal_ws/install/controller/share/controller/local_setup.bash
[11.228s] -- Installing: /home/ionia/Desktop/dubal_ws/install/controller/share/controller/local_setup.sh
[11.228s] -- Up-to-date: /home/ionia/Desktop/dubal_ws/install/controller/share/controller/local_setup.zsh
[11.229s] -- Installing: /home/ionia/Desktop/dubal_ws/install/controller/share/controller/local_setup.dsv
[11.229s] -- Installing: /home/ionia/Desktop/dubal_ws/install/controller/share/controller/package.dsv
[11.229s] -- Up-to-date: /home/ionia/Desktop/dubal_ws/install/controller/share/ament_index/resource_index/packages/controller
[11.229s] -- Up-to-date: /home/ionia/Desktop/dubal_ws/install/controller/share/controller/cmake/controllerConfig.cmake
[11.229s] -- Up-to-date: /home/ionia/Desktop/dubal_ws/install/controller/share/controller/cmake/controllerConfig-version.cmake
[11.230s] -- Up-to-date: /home/ionia/Desktop/dubal_ws/install/controller/share/controller/package.xml
[11.233s] Invoked command in '/home/ionia/Desktop/dubal_ws/build/controller' returned '0': CMAKE_PREFIX_PATH=${CMAKE_PREFIX_PATH}:/home/ionia/Desktop/dubal_ws/install/serial_reciver:/home/ionia/Desktop/dubal_ws/install/odrive_controller:/opt/ros/foxy /usr/bin/cmake --install /home/ionia/Desktop/dubal_ws/build/controller
