[0.436s] Invoking command in '/home/ryung/Desktop/buf/build/controller': CMAKE_PREFIX_PATH=${CMAKE_PREFIX_PATH}:/home/ryung/Desktop/buf/install/serial_reciver:/home/ryung/Desktop/buf/install/odrive_controller:/home/ryung/Desktop/dubal_ws/install/two_wheel_demo:/home/ryung/Desktop/dubal_ws/install/serial_reciver:/home/ryung/Desktop/dubal_ws/install/odrive_driver:/home/ryung/Desktop/dubal_ws/install/eye_dubal:/opt/ros/foxy /usr/bin/cmake --build /home/ryung/Desktop/buf/build/controller -- -j16 -l16
[0.689s] [35m[1mScanning dependencies of target controller_main[0m
[0.690s] [ 50%] [32mBuilding CXX object CMakeFiles/controller_main.dir/src/controller_main.cpp.o[0m
[1.314s] [01m[K/home/ryung/Desktop/buf/src/controller/src/controller_main.cpp:8:1:[m[K [01;31m[Kerror: [m[K‘[01m[Kflaot[m[K’ does not name a type; did you mean ‘[01m[Kfloat[m[K’?
[1.314s]     8 | [01;31m[Kflaot[m[K balancing_controller()
[1.314s]       | [01;31m[K^~~~~[m[K
[1.314s]       | [32m[Kfloat[m[K
[1.315s] [01m[K/home/ryung/Desktop/buf/src/controller/src/controller_main.cpp:22:1:[m[K [01;31m[Kerror: [m[K‘[01m[Kflaot[m[K’ does not name a type; did you mean ‘[01m[Kfloat[m[K’?
[1.315s]    22 | [01;31m[Kflaot[m[K heading_controller()
[1.315s]       | [01;31m[K^~~~~[m[K
[1.315s]       | [32m[Kfloat[m[K
[1.327s] [01m[K/home/ryung/Desktop/buf/src/controller/src/controller_main.cpp:[m[K In function ‘[01m[Kint main(int, char**)[m[K’:
[1.327s] [01m[K/home/ryung/Desktop/buf/src/controller/src/controller_main.cpp:63:25:[m[K [01;31m[Kerror: [m[K‘[01m[Kbalancing_controller[m[K’ was not declared in this scope
[1.327s]    63 |         balancing_CMD = [01;31m[Kbalancing_controller[m[K();
[1.327s]       |                         [01;31m[K^~~~~~~~~~~~~~~~~~~~[m[K
[1.329s] [01m[K/home/ryung/Desktop/buf/src/controller/src/controller_main.cpp:64:23:[m[K [01;31m[Kerror: [m[K‘[01m[Kheading_controller[m[K’ was not declared in this scope
[1.329s]    64 |         heading_CMD = [01;31m[Kheading_controller[m[K();
[1.329s]       |                       [01;31m[K^~~~~~~~~~~~~~~~~~[m[K
[2.099s] make[2]: *** [CMakeFiles/controller_main.dir/build.make:63: CMakeFiles/controller_main.dir/src/controller_main.cpp.o] Error 1
[2.099s] make[1]: *** [CMakeFiles/Makefile2:78: CMakeFiles/controller_main.dir/all] Error 2
[2.099s] make: *** [Makefile:141: all] Error 2
[2.100s] Invoked command in '/home/ryung/Desktop/buf/build/controller' returned '2': CMAKE_PREFIX_PATH=${CMAKE_PREFIX_PATH}:/home/ryung/Desktop/buf/install/serial_reciver:/home/ryung/Desktop/buf/install/odrive_controller:/home/ryung/Desktop/dubal_ws/install/two_wheel_demo:/home/ryung/Desktop/dubal_ws/install/serial_reciver:/home/ryung/Desktop/dubal_ws/install/odrive_driver:/home/ryung/Desktop/dubal_ws/install/eye_dubal:/opt/ros/foxy /usr/bin/cmake --build /home/ryung/Desktop/buf/build/controller -- -j16 -l16
