In file included from [01m[K/home/ryung/Desktop/buf/src/controller/src/controller_main.cpp:9[m[K:
[01m[K/home/ryung/Desktop/buf/src/controller/include/controller_main_function.h:67:43:[m[K [01;31m[Kerror: [m[K‘[01m[KImu[m[K’ in namespace ‘[01m[Ksensor_msgs::msg[m[K’ does not name a type
   67 | void imu_callback(const sensor_msgs::msg::[01;31m[KImu[m[K::SharedPtr msg)
      |                                           [01;31m[K^~~[m[K
[01m[K/home/ryung/Desktop/buf/src/controller/include/controller_main_function.h:67:58:[m[K [01;31m[Kerror: [m[Kexpected unqualified-id before ‘[01m[Kmsg[m[K’
   67 | void imu_callback(const sensor_msgs::msg::Imu::SharedPtr [01;31m[Kmsg[m[K)
      |                                                          [01;31m[K^~~[m[K
[01m[K/home/ryung/Desktop/buf/src/controller/include/controller_main_function.h:67:57:[m[K [01;31m[Kerror: [m[Kexpected ‘[01m[K)[m[K’ before ‘[01m[Kmsg[m[K’
   67 | void imu_callback[34m[K([m[Kconst sensor_msgs::msg::Imu::SharedPtr[01;31m[K [m[K[32m[Kmsg[m[K)
      |                  [34m[K~[m[K                                      [01;31m[K^[m[K[32m[K~~~[m[K
      |                                                         [32m[K)[m[K
[01m[K/home/ryung/Desktop/buf/src/controller/include/controller_main_function.h:67:58:[m[K [01;31m[Kerror: [m[Kexpected initializer before ‘[01m[Kmsg[m[K’
   67 | void imu_callback(const sensor_msgs::msg::Imu::SharedPtr [01;31m[Kmsg[m[K)
      |                                                          [01;31m[K^~~[m[K
[01m[K/home/ryung/Desktop/buf/src/controller/src/controller_main.cpp:[m[K In function ‘[01m[Kint main(int, char**)[m[K’:
[01m[K/home/ryung/Desktop/buf/src/controller/src/controller_main.cpp:66:73:[m[K [01;31m[Kerror: [m[K‘[01m[KImu[m[K’ is not a member of ‘[01m[Ksensor_msgs::msg[m[K’
   66 |     auto imu_subscription = node->create_subscription<sensor_msgs::msg::[01;31m[KImu[m[K>("imu_data", 10, imu_callback);
      |                                                                         [01;31m[K^~~[m[K
[01m[K/home/ryung/Desktop/buf/src/controller/src/controller_main.cpp:66:73:[m[K [01;31m[Kerror: [m[K‘[01m[KImu[m[K’ is not a member of ‘[01m[Ksensor_msgs::msg[m[K’
[01m[K/home/ryung/Desktop/buf/src/controller/src/controller_main.cpp:66:94:[m[K [01;31m[Kerror: [m[K‘[01m[Kimu_callback[m[K’ was not declared in this scope; did you mean ‘[01m[Ksbus_callback[m[K’?
   66 |     auto imu_subscription = node->create_subscription<sensor_msgs::msg::Imu>("imu_data", 10, [01;31m[Kimu_callback[m[K);
      |                                                                                              [01;31m[K^~~~~~~~~~~~[m[K
      |                                                                                              [32m[Ksbus_callback[m[K
make[2]: *** [CMakeFiles/controller_main.dir/build.make:63: CMakeFiles/controller_main.dir/src/controller_main.cpp.o] Error 1
make[1]: *** [CMakeFiles/Makefile2:78: CMakeFiles/controller_main.dir/all] Error 2
make: *** [Makefile:141: all] Error 2
