[0.444s] Invoking command in '/home/ryung/Desktop/buf/build/controller': CMAKE_PREFIX_PATH=${CMAKE_PREFIX_PATH}:/home/ryung/Desktop/buf/install/serial_reciver:/home/ryung/Desktop/buf/install/odrive_controller:/home/ryung/Desktop/dubal_ws/install/two_wheel_demo:/home/ryung/Desktop/dubal_ws/install/serial_reciver:/home/ryung/Desktop/dubal_ws/install/odrive_driver:/home/ryung/Desktop/dubal_ws/install/eye_dubal:/opt/ros/foxy /usr/bin/cmake --build /home/ryung/Desktop/buf/build/controller -- -j16 -l16
[0.697s] -- Found ament_cmake: 0.9.12 (/opt/ros/foxy/share/ament_cmake/cmake)
[0.697s] -- Using PYTHON_EXECUTABLE: /usr/bin/python3
[0.697s] -- Found rclcpp: 2.4.3 (/opt/ros/foxy/share/rclcpp/cmake)
[0.697s] -- Using all available rosidl_typesupport_c: rosidl_typesupport_fastrtps_c;rosidl_typesupport_introspection_c
[0.697s] -- Found rosidl_adapter: 1.3.1 (/opt/ros/foxy/share/rosidl_adapter/cmake)
[0.697s] -- Using all available rosidl_typesupport_cpp: rosidl_typesupport_fastrtps_cpp;rosidl_typesupport_introspection_cpp
[0.697s] -- Found rmw_implementation_cmake: 1.0.4 (/opt/ros/foxy/share/rmw_implementation_cmake/cmake)
[0.697s] -- Using RMW implementation 'rmw_fastrtps_cpp' as default
[0.773s] -- Found sensor_msgs: 2.0.5 (/opt/ros/foxy/share/sensor_msgs/cmake)
[0.872s] -- Configuring done
[0.876s] -- Generating done
[0.877s] -- Build files have been written to: /home/ryung/Desktop/buf/build/controller
[0.891s] [35m[1mScanning dependencies of target controller_main[0m
[0.909s] [ 50%] [32mBuilding CXX object CMakeFiles/controller_main.dir/src/controller_main.cpp.o[0m
[1.760s] In file included from [01m[K/home/ryung/Desktop/buf/src/controller/src/controller_main.cpp:9[m[K:
[1.760s] [01m[K/home/ryung/Desktop/buf/src/controller/include/controller_main_function.h:67:43:[m[K [01;31m[Kerror: [m[K‘[01m[KImu[m[K’ in namespace ‘[01m[Ksensor_msgs::msg[m[K’ does not name a type
[1.760s]    67 | void imu_callback(const sensor_msgs::msg::[01;31m[KImu[m[K::SharedPtr msg)
[1.760s]       |                                           [01;31m[K^~~[m[K
[1.760s] [01m[K/home/ryung/Desktop/buf/src/controller/include/controller_main_function.h:67:58:[m[K [01;31m[Kerror: [m[Kexpected unqualified-id before ‘[01m[Kmsg[m[K’
[1.760s]    67 | void imu_callback(const sensor_msgs::msg::Imu::SharedPtr [01;31m[Kmsg[m[K)
[1.760s]       |                                                          [01;31m[K^~~[m[K
[1.760s] [01m[K/home/ryung/Desktop/buf/src/controller/include/controller_main_function.h:67:57:[m[K [01;31m[Kerror: [m[Kexpected ‘[01m[K)[m[K’ before ‘[01m[Kmsg[m[K’
[1.760s]    67 | void imu_callback[34m[K([m[Kconst sensor_msgs::msg::Imu::SharedPtr[01;31m[K [m[K[32m[Kmsg[m[K)
[1.760s]       |                  [34m[K~[m[K                                      [01;31m[K^[m[K[32m[K~~~[m[K
[1.760s]       |                                                         [32m[K)[m[K
[1.760s] [01m[K/home/ryung/Desktop/buf/src/controller/include/controller_main_function.h:67:58:[m[K [01;31m[Kerror: [m[Kexpected initializer before ‘[01m[Kmsg[m[K’
[1.760s]    67 | void imu_callback(const sensor_msgs::msg::Imu::SharedPtr [01;31m[Kmsg[m[K)
[1.760s]       |                                                          [01;31m[K^~~[m[K
[1.769s] [01m[K/home/ryung/Desktop/buf/src/controller/src/controller_main.cpp:[m[K In function ‘[01m[Kint main(int, char**)[m[K’:
[1.769s] [01m[K/home/ryung/Desktop/buf/src/controller/src/controller_main.cpp:66:73:[m[K [01;31m[Kerror: [m[K‘[01m[KImu[m[K’ is not a member of ‘[01m[Ksensor_msgs::msg[m[K’
[1.769s]    66 |     auto imu_subscription = node->create_subscription<sensor_msgs::msg::[01;31m[KImu[m[K>("imu_data", 10, imu_callback);
[1.770s]       |                                                                         [01;31m[K^~~[m[K
[1.770s] [01m[K/home/ryung/Desktop/buf/src/controller/src/controller_main.cpp:66:73:[m[K [01;31m[Kerror: [m[K‘[01m[KImu[m[K’ is not a member of ‘[01m[Ksensor_msgs::msg[m[K’
[1.771s] [01m[K/home/ryung/Desktop/buf/src/controller/src/controller_main.cpp:66:94:[m[K [01;31m[Kerror: [m[K‘[01m[Kimu_callback[m[K’ was not declared in this scope; did you mean ‘[01m[Ksbus_callback[m[K’?
[1.771s]    66 |     auto imu_subscription = node->create_subscription<sensor_msgs::msg::Imu>("imu_data", 10, [01;31m[Kimu_callback[m[K);
[1.771s]       |                                                                                              [01;31m[K^~~~~~~~~~~~[m[K
[1.771s]       |                                                                                              [32m[Ksbus_callback[m[K
[2.593s] make[2]: *** [CMakeFiles/controller_main.dir/build.make:63: CMakeFiles/controller_main.dir/src/controller_main.cpp.o] Error 1
[2.593s] make[1]: *** [CMakeFiles/Makefile2:78: CMakeFiles/controller_main.dir/all] Error 2
[2.593s] make: *** [Makefile:141: all] Error 2
[2.594s] Invoked command in '/home/ryung/Desktop/buf/build/controller' returned '2': CMAKE_PREFIX_PATH=${CMAKE_PREFIX_PATH}:/home/ryung/Desktop/buf/install/serial_reciver:/home/ryung/Desktop/buf/install/odrive_controller:/home/ryung/Desktop/dubal_ws/install/two_wheel_demo:/home/ryung/Desktop/dubal_ws/install/serial_reciver:/home/ryung/Desktop/dubal_ws/install/odrive_driver:/home/ryung/Desktop/dubal_ws/install/eye_dubal:/opt/ros/foxy /usr/bin/cmake --build /home/ryung/Desktop/buf/build/controller -- -j16 -l16
