[0.415s] Invoking command in '/home/ryung/Desktop/buf/build/controller': CMAKE_PREFIX_PATH=${CMAKE_PREFIX_PATH}:/home/ryung/Desktop/buf/install/serial_reciver:/home/ryung/Desktop/buf/install/odrive_controller:/home/ryung/Desktop/dubal_ws/install/two_wheel_demo:/home/ryung/Desktop/dubal_ws/install/serial_reciver:/home/ryung/Desktop/dubal_ws/install/odrive_ros2_control:/home/ryung/Desktop/dubal_ws/install/odrive_hardware_interface:/home/ryung/Desktop/dubal_ws/install/odrive_driver:/home/ryung/Desktop/dubal_ws/install/odrive_demo_bringup:/home/ryung/Desktop/dubal_ws/install/odrive_demo_description:/home/ryung/Desktop/dubal_ws/install/eye_dubal:/home/ryung/Desktop/ros2_ws/install/stella_ahrs:/home/ryung/Desktop/ros2_ws/install/odrive_ros2_control:/home/ryung/Desktop/ros2_ws/install/odrive_hardware_interface:/home/ryung/Desktop/ros2_ws/install/odrive_demo_bringup:/home/ryung/Desktop/ros2_ws/install/odrive_demo_description:/opt/ros/foxy /usr/bin/cmake /home/ryung/Desktop/buf/src/controller -DCMAKE_INSTALL_PREFIX=/home/ryung/Desktop/buf/install/controller
[0.660s] -- The C compiler identification is GNU 9.4.0
[0.660s] -- The CXX compiler identification is GNU 9.4.0
[0.661s] -- Check for working C compiler: /usr/bin/cc
[0.662s] -- Check for working C compiler: /usr/bin/cc -- works
[0.662s] -- Detecting C compiler ABI info
[0.662s] -- Detecting C compiler ABI info - done
[0.662s] -- Detecting C compile features
[0.662s] -- Detecting C compile features - done
[0.662s] -- Check for working CXX compiler: /usr/bin/c++
[0.662s] -- Check for working CXX compiler: /usr/bin/c++ -- works
[0.662s] -- Detecting CXX compiler ABI info
[0.662s] -- Detecting CXX compiler ABI info - done
[0.665s] -- Detecting CXX compile features
[0.666s] -- Detecting CXX compile features - done
[0.668s] -- Found ament_cmake: 0.9.12 (/opt/ros/foxy/share/ament_cmake/cmake)
[0.682s] -- Found PythonInterp: /usr/bin/python3 (found suitable version "3.8.10", minimum required is "3") 
[0.683s] -- Using PYTHON_EXECUTABLE: /usr/bin/python3
[0.792s] -- Found rclcpp: 2.4.3 (/opt/ros/foxy/share/rclcpp/cmake)
[0.822s] -- Using all available rosidl_typesupport_c: rosidl_typesupport_fastrtps_c;rosidl_typesupport_introspection_c
[0.826s] -- Found rosidl_adapter: 1.3.1 (/opt/ros/foxy/share/rosidl_adapter/cmake)
[0.874s] -- Found OpenSSL: /usr/lib/x86_64-linux-gnu/libcrypto.so (found version "1.1.1f")  
[0.891s] -- Found FastRTPS: /opt/ros/foxy/include  
[0.938s] -- Using all available rosidl_typesupport_cpp: rosidl_typesupport_fastrtps_cpp;rosidl_typesupport_introspection_cpp
[0.973s] -- Found rmw_implementation_cmake: 1.0.4 (/opt/ros/foxy/share/rmw_implementation_cmake/cmake)
[0.974s] -- Using RMW implementation 'rmw_fastrtps_cpp' as default
[0.974s] -- Looking for pthread.h
[1.012s] -- Looking for pthread.h - found
[1.013s] -- Performing Test CMAKE_HAVE_LIBC_PTHREAD
[1.052s] -- Performing Test CMAKE_HAVE_LIBC_PTHREAD - Failed
[1.053s] -- Looking for pthread_create in pthreads
[1.085s] -- Looking for pthread_create in pthreads - not found
[1.085s] -- Looking for pthread_create in pthread
[1.123s] -- Looking for pthread_create in pthread - found
[1.124s] -- Found Threads: TRUE  
[1.215s] -- Found sensor_msgs: 2.0.5 (/opt/ros/foxy/share/sensor_msgs/cmake)
[1.318s] -- Configuring done
[1.321s] -- Generating done
[1.322s] -- Build files have been written to: /home/ryung/Desktop/buf/build/controller
[1.425s] Invoked command in '/home/ryung/Desktop/buf/build/controller' returned '0': CMAKE_PREFIX_PATH=${CMAKE_PREFIX_PATH}:/home/ryung/Desktop/buf/install/serial_reciver:/home/ryung/Desktop/buf/install/odrive_controller:/home/ryung/Desktop/dubal_ws/install/two_wheel_demo:/home/ryung/Desktop/dubal_ws/install/serial_reciver:/home/ryung/Desktop/dubal_ws/install/odrive_ros2_control:/home/ryung/Desktop/dubal_ws/install/odrive_hardware_interface:/home/ryung/Desktop/dubal_ws/install/odrive_driver:/home/ryung/Desktop/dubal_ws/install/odrive_demo_bringup:/home/ryung/Desktop/dubal_ws/install/odrive_demo_description:/home/ryung/Desktop/dubal_ws/install/eye_dubal:/home/ryung/Desktop/ros2_ws/install/stella_ahrs:/home/ryung/Desktop/ros2_ws/install/odrive_ros2_control:/home/ryung/Desktop/ros2_ws/install/odrive_hardware_interface:/home/ryung/Desktop/ros2_ws/install/odrive_demo_bringup:/home/ryung/Desktop/ros2_ws/install/odrive_demo_description:/opt/ros/foxy /usr/bin/cmake /home/ryung/Desktop/buf/src/controller -DCMAKE_INSTALL_PREFIX=/home/ryung/Desktop/buf/install/controller
[1.426s] Invoking command in '/home/ryung/Desktop/buf/build/controller': CMAKE_PREFIX_PATH=${CMAKE_PREFIX_PATH}:/home/ryung/Desktop/buf/install/serial_reciver:/home/ryung/Desktop/buf/install/odrive_controller:/home/ryung/Desktop/dubal_ws/install/two_wheel_demo:/home/ryung/Desktop/dubal_ws/install/serial_reciver:/home/ryung/Desktop/dubal_ws/install/odrive_ros2_control:/home/ryung/Desktop/dubal_ws/install/odrive_hardware_interface:/home/ryung/Desktop/dubal_ws/install/odrive_driver:/home/ryung/Desktop/dubal_ws/install/odrive_demo_bringup:/home/ryung/Desktop/dubal_ws/install/odrive_demo_description:/home/ryung/Desktop/dubal_ws/install/eye_dubal:/home/ryung/Desktop/ros2_ws/install/stella_ahrs:/home/ryung/Desktop/ros2_ws/install/odrive_ros2_control:/home/ryung/Desktop/ros2_ws/install/odrive_hardware_interface:/home/ryung/Desktop/ros2_ws/install/odrive_demo_bringup:/home/ryung/Desktop/ros2_ws/install/odrive_demo_description:/opt/ros/foxy /usr/bin/cmake --build /home/ryung/Desktop/buf/build/controller -- -j16 -l16
[1.448s] [35m[1mScanning dependencies of target controller_main[0m
[1.463s] [ 50%] [32mBuilding CXX object CMakeFiles/controller_main.dir/src/controller_main.cpp.o[0m
[4.727s] [100%] [32m[1mLinking CXX executable controller_main[0m
[4.873s] [100%] Built target controller_main
[4.880s] Invoked command in '/home/ryung/Desktop/buf/build/controller' returned '0': CMAKE_PREFIX_PATH=${CMAKE_PREFIX_PATH}:/home/ryung/Desktop/buf/install/serial_reciver:/home/ryung/Desktop/buf/install/odrive_controller:/home/ryung/Desktop/dubal_ws/install/two_wheel_demo:/home/ryung/Desktop/dubal_ws/install/serial_reciver:/home/ryung/Desktop/dubal_ws/install/odrive_ros2_control:/home/ryung/Desktop/dubal_ws/install/odrive_hardware_interface:/home/ryung/Desktop/dubal_ws/install/odrive_driver:/home/ryung/Desktop/dubal_ws/install/odrive_demo_bringup:/home/ryung/Desktop/dubal_ws/install/odrive_demo_description:/home/ryung/Desktop/dubal_ws/install/eye_dubal:/home/ryung/Desktop/ros2_ws/install/stella_ahrs:/home/ryung/Desktop/ros2_ws/install/odrive_ros2_control:/home/ryung/Desktop/ros2_ws/install/odrive_hardware_interface:/home/ryung/Desktop/ros2_ws/install/odrive_demo_bringup:/home/ryung/Desktop/ros2_ws/install/odrive_demo_description:/opt/ros/foxy /usr/bin/cmake --build /home/ryung/Desktop/buf/build/controller -- -j16 -l16
[4.904s] Invoking command in '/home/ryung/Desktop/buf/build/controller': CMAKE_PREFIX_PATH=${CMAKE_PREFIX_PATH}:/home/ryung/Desktop/buf/install/serial_reciver:/home/ryung/Desktop/buf/install/odrive_controller:/home/ryung/Desktop/dubal_ws/install/two_wheel_demo:/home/ryung/Desktop/dubal_ws/install/serial_reciver:/home/ryung/Desktop/dubal_ws/install/odrive_ros2_control:/home/ryung/Desktop/dubal_ws/install/odrive_hardware_interface:/home/ryung/Desktop/dubal_ws/install/odrive_driver:/home/ryung/Desktop/dubal_ws/install/odrive_demo_bringup:/home/ryung/Desktop/dubal_ws/install/odrive_demo_description:/home/ryung/Desktop/dubal_ws/install/eye_dubal:/home/ryung/Desktop/ros2_ws/install/stella_ahrs:/home/ryung/Desktop/ros2_ws/install/odrive_ros2_control:/home/ryung/Desktop/ros2_ws/install/odrive_hardware_interface:/home/ryung/Desktop/ros2_ws/install/odrive_demo_bringup:/home/ryung/Desktop/ros2_ws/install/odrive_demo_description:/opt/ros/foxy /usr/bin/cmake --install /home/ryung/Desktop/buf/build/controller
[4.909s] -- Install configuration: ""
[4.909s] -- Installing: /home/ryung/Desktop/buf/install/controller/lib/controller/controller_main
[4.910s] -- Set runtime path of "/home/ryung/Desktop/buf/install/controller/lib/controller/controller_main" to ""
[4.910s] -- Up-to-date: /home/ryung/Desktop/buf/install/controller/share/ament_index/resource_index/package_run_dependencies/controller
[4.911s] -- Installing: /home/ryung/Desktop/buf/install/controller/share/ament_index/resource_index/parent_prefix_path/controller
[4.911s] -- Installing: /home/ryung/Desktop/buf/install/controller/share/controller/environment/ament_prefix_path.sh
[4.911s] -- Installing: /home/ryung/Desktop/buf/install/controller/share/controller/environment/ament_prefix_path.dsv
[4.911s] -- Installing: /home/ryung/Desktop/buf/install/controller/share/controller/environment/path.sh
[4.911s] -- Installing: /home/ryung/Desktop/buf/install/controller/share/controller/environment/path.dsv
[4.911s] -- Up-to-date: /home/ryung/Desktop/buf/install/controller/share/controller/local_setup.bash
[4.911s] -- Installing: /home/ryung/Desktop/buf/install/controller/share/controller/local_setup.sh
[4.911s] -- Up-to-date: /home/ryung/Desktop/buf/install/controller/share/controller/local_setup.zsh
[4.911s] -- Installing: /home/ryung/Desktop/buf/install/controller/share/controller/local_setup.dsv
[4.911s] -- Installing: /home/ryung/Desktop/buf/install/controller/share/controller/package.dsv
[4.911s] -- Up-to-date: /home/ryung/Desktop/buf/install/controller/share/ament_index/resource_index/packages/controller
[4.911s] -- Up-to-date: /home/ryung/Desktop/buf/install/controller/share/controller/cmake/controllerConfig.cmake
[4.911s] -- Up-to-date: /home/ryung/Desktop/buf/install/controller/share/controller/cmake/controllerConfig-version.cmake
[4.911s] -- Up-to-date: /home/ryung/Desktop/buf/install/controller/share/controller/package.xml
[4.912s] Invoked command in '/home/ryung/Desktop/buf/build/controller' returned '0': CMAKE_PREFIX_PATH=${CMAKE_PREFIX_PATH}:/home/ryung/Desktop/buf/install/serial_reciver:/home/ryung/Desktop/buf/install/odrive_controller:/home/ryung/Desktop/dubal_ws/install/two_wheel_demo:/home/ryung/Desktop/dubal_ws/install/serial_reciver:/home/ryung/Desktop/dubal_ws/install/odrive_ros2_control:/home/ryung/Desktop/dubal_ws/install/odrive_hardware_interface:/home/ryung/Desktop/dubal_ws/install/odrive_driver:/home/ryung/Desktop/dubal_ws/install/odrive_demo_bringup:/home/ryung/Desktop/dubal_ws/install/odrive_demo_description:/home/ryung/Desktop/dubal_ws/install/eye_dubal:/home/ryung/Desktop/ros2_ws/install/stella_ahrs:/home/ryung/Desktop/ros2_ws/install/odrive_ros2_control:/home/ryung/Desktop/ros2_ws/install/odrive_hardware_interface:/home/ryung/Desktop/ros2_ws/install/odrive_demo_bringup:/home/ryung/Desktop/ros2_ws/install/odrive_demo_description:/opt/ros/foxy /usr/bin/cmake --install /home/ryung/Desktop/buf/build/controller
