[0.454s] DEBUG:colcon:Command line arguments: ['/usr/bin/colcon', 'build']
[0.455s] DEBUG:colcon:Parsed command line arguments: Namespace(allow_overriding=[], ament_cmake_args=None, base_paths=['.'], build_base='build', catkin_cmake_args=None, catkin_skip_building_tests=False, cmake_args=None, cmake_clean_cache=False, cmake_clean_first=False, cmake_force_configure=False, cmake_target=None, cmake_target_skip_unavailable=False, continue_on_error=False, event_handlers=None, executor='parallel', ignore_user_meta=False, install_base='install', log_base=None, log_level=None, main=<bound method BuildVerb.main of <colcon_core.verb.build.BuildVerb object at 0x7fe0cb99c610>>, merge_install=False, metas=['./colcon.meta'], mixin=None, mixin_files=None, mixin_verb=('build',), packages_above=None, packages_above_and_dependencies=None, packages_above_depth=None, packages_end=None, packages_ignore=None, packages_ignore_regex=None, packages_select=None, packages_select_build_failed=False, packages_select_by_dep=None, packages_select_regex=None, packages_select_test_failures=False, packages_skip=None, packages_skip_build_finished=False, packages_skip_by_dep=None, packages_skip_regex=None, packages_skip_test_passed=False, packages_skip_up_to=None, packages_start=None, packages_up_to=None, packages_up_to_regex=None, parallel_workers=4, paths=None, symlink_install=False, test_result_base=None, verb_extension=<colcon_core.verb.build.BuildVerb object at 0x7fe0cb99c610>, verb_name='build', verb_parser=<colcon_mixin.mixin.mixin_argument.MixinArgumentDecorator object at 0x7fe0cb8e1550>)
[0.708s] Level 1:colcon.colcon_core.package_discovery:discover_packages(colcon_meta) check parameters
[0.708s] Level 1:colcon.colcon_core.package_discovery:discover_packages(recursive) check parameters
[0.708s] Level 1:colcon.colcon_core.package_discovery:discover_packages(ignore) check parameters
[0.708s] Level 1:colcon.colcon_core.package_discovery:discover_packages(path) check parameters
[0.708s] Level 1:colcon.colcon_core.package_discovery:discover_packages(colcon_meta) discover
[0.709s] Level 1:colcon.colcon_core.package_discovery:discover_packages(recursive) discover
[0.709s] INFO:colcon.colcon_core.package_discovery:Crawling recursively for packages in '/home/ionia/Desktop/dubal_ws'
[0.709s] Level 1:colcon.colcon_core.package_identification:_identify(.) by extensions ['ignore', 'ignore_ament_install']
[0.709s] Level 1:colcon.colcon_core.package_identification:_identify(.) by extension 'ignore'
[0.709s] Level 1:colcon.colcon_core.package_identification:_identify(.) by extension 'ignore_ament_install'
[0.709s] Level 1:colcon.colcon_core.package_identification:_identify(.) by extensions ['colcon_pkg']
[0.709s] Level 1:colcon.colcon_core.package_identification:_identify(.) by extension 'colcon_pkg'
[0.709s] Level 1:colcon.colcon_core.package_identification:_identify(.) by extensions ['colcon_meta']
[0.709s] Level 1:colcon.colcon_core.package_identification:_identify(.) by extension 'colcon_meta'
[0.709s] Level 1:colcon.colcon_core.package_identification:_identify(.) by extensions ['ros']
[0.710s] Level 1:colcon.colcon_core.package_identification:_identify(.) by extension 'ros'
[0.726s] Level 1:colcon.colcon_core.package_identification:_identify(.) by extensions ['cmake', 'python']
[0.726s] Level 1:colcon.colcon_core.package_identification:_identify(.) by extension 'cmake'
[0.726s] Level 1:colcon.colcon_core.package_identification:_identify(.) by extension 'python'
[0.726s] Level 1:colcon.colcon_core.package_identification:_identify(.) by extensions ['python_setup_py']
[0.726s] Level 1:colcon.colcon_core.package_identification:_identify(.) by extension 'python_setup_py'
[0.726s] Level 1:colcon.colcon_core.package_identification:_identify(build) by extensions ['ignore', 'ignore_ament_install']
[0.726s] Level 1:colcon.colcon_core.package_identification:_identify(build) by extension 'ignore'
[0.726s] Level 1:colcon.colcon_core.package_identification:_identify(build) ignored
[0.727s] Level 1:colcon.colcon_core.package_identification:_identify(install) by extensions ['ignore', 'ignore_ament_install']
[0.727s] Level 1:colcon.colcon_core.package_identification:_identify(install) by extension 'ignore'
[0.727s] Level 1:colcon.colcon_core.package_identification:_identify(install) ignored
[0.727s] Level 1:colcon.colcon_core.package_identification:_identify(log) by extensions ['ignore', 'ignore_ament_install']
[0.728s] Level 1:colcon.colcon_core.package_identification:_identify(log) by extension 'ignore'
[0.728s] Level 1:colcon.colcon_core.package_identification:_identify(log) ignored
[0.728s] Level 1:colcon.colcon_core.package_identification:_identify(src) by extensions ['ignore', 'ignore_ament_install']
[0.728s] Level 1:colcon.colcon_core.package_identification:_identify(src) by extension 'ignore'
[0.728s] Level 1:colcon.colcon_core.package_identification:_identify(src) by extension 'ignore_ament_install'
[0.728s] Level 1:colcon.colcon_core.package_identification:_identify(src) by extensions ['colcon_pkg']
[0.728s] Level 1:colcon.colcon_core.package_identification:_identify(src) by extension 'colcon_pkg'
[0.728s] Level 1:colcon.colcon_core.package_identification:_identify(src) by extensions ['colcon_meta']
[0.728s] Level 1:colcon.colcon_core.package_identification:_identify(src) by extension 'colcon_meta'
[0.728s] Level 1:colcon.colcon_core.package_identification:_identify(src) by extensions ['ros']
[0.728s] Level 1:colcon.colcon_core.package_identification:_identify(src) by extension 'ros'
[0.728s] Level 1:colcon.colcon_core.package_identification:_identify(src) by extensions ['cmake', 'python']
[0.728s] Level 1:colcon.colcon_core.package_identification:_identify(src) by extension 'cmake'
[0.728s] Level 1:colcon.colcon_core.package_identification:_identify(src) by extension 'python'
[0.729s] Level 1:colcon.colcon_core.package_identification:_identify(src) by extensions ['python_setup_py']
[0.729s] Level 1:colcon.colcon_core.package_identification:_identify(src) by extension 'python_setup_py'
[0.729s] Level 1:colcon.colcon_core.package_identification:_identify(src/controller) by extensions ['ignore', 'ignore_ament_install']
[0.729s] Level 1:colcon.colcon_core.package_identification:_identify(src/controller) by extension 'ignore'
[0.729s] Level 1:colcon.colcon_core.package_identification:_identify(src/controller) by extension 'ignore_ament_install'
[0.729s] Level 1:colcon.colcon_core.package_identification:_identify(src/controller) by extensions ['colcon_pkg']
[0.729s] Level 1:colcon.colcon_core.package_identification:_identify(src/controller) by extension 'colcon_pkg'
[0.729s] Level 1:colcon.colcon_core.package_identification:_identify(src/controller) by extensions ['colcon_meta']
[0.729s] Level 1:colcon.colcon_core.package_identification:_identify(src/controller) by extension 'colcon_meta'
[0.729s] Level 1:colcon.colcon_core.package_identification:_identify(src/controller) by extensions ['ros']
[0.729s] Level 1:colcon.colcon_core.package_identification:_identify(src/controller) by extension 'ros'
[0.733s] DEBUG:colcon.colcon_core.package_identification:Package 'src/controller' with type 'ros.ament_cmake' and name 'controller'
[0.733s] Level 1:colcon.colcon_core.package_identification:_identify(src/odrive_controller) by extensions ['ignore', 'ignore_ament_install']
[0.733s] Level 1:colcon.colcon_core.package_identification:_identify(src/odrive_controller) by extension 'ignore'
[0.733s] Level 1:colcon.colcon_core.package_identification:_identify(src/odrive_controller) by extension 'ignore_ament_install'
[0.733s] Level 1:colcon.colcon_core.package_identification:_identify(src/odrive_controller) by extensions ['colcon_pkg']
[0.733s] Level 1:colcon.colcon_core.package_identification:_identify(src/odrive_controller) by extension 'colcon_pkg'
[0.733s] Level 1:colcon.colcon_core.package_identification:_identify(src/odrive_controller) by extensions ['colcon_meta']
[0.734s] Level 1:colcon.colcon_core.package_identification:_identify(src/odrive_controller) by extension 'colcon_meta'
[0.734s] Level 1:colcon.colcon_core.package_identification:_identify(src/odrive_controller) by extensions ['ros']
[0.734s] Level 1:colcon.colcon_core.package_identification:_identify(src/odrive_controller) by extension 'ros'
[0.735s] DEBUG:colcon.colcon_core.package_identification:Package 'src/odrive_controller' with type 'ros.ament_python' and name 'odrive_controller'
[0.735s] Level 1:colcon.colcon_core.package_identification:_identify(src/serial_reciver) by extensions ['ignore', 'ignore_ament_install']
[0.735s] Level 1:colcon.colcon_core.package_identification:_identify(src/serial_reciver) by extension 'ignore'
[0.735s] Level 1:colcon.colcon_core.package_identification:_identify(src/serial_reciver) by extension 'ignore_ament_install'
[0.736s] Level 1:colcon.colcon_core.package_identification:_identify(src/serial_reciver) by extensions ['colcon_pkg']
[0.736s] Level 1:colcon.colcon_core.package_identification:_identify(src/serial_reciver) by extension 'colcon_pkg'
[0.736s] Level 1:colcon.colcon_core.package_identification:_identify(src/serial_reciver) by extensions ['colcon_meta']
[0.736s] Level 1:colcon.colcon_core.package_identification:_identify(src/serial_reciver) by extension 'colcon_meta'
[0.736s] Level 1:colcon.colcon_core.package_identification:_identify(src/serial_reciver) by extensions ['ros']
[0.736s] Level 1:colcon.colcon_core.package_identification:_identify(src/serial_reciver) by extension 'ros'
[0.737s] DEBUG:colcon.colcon_core.package_identification:Package 'src/serial_reciver' with type 'ros.ament_python' and name 'serial_reciver'
[0.737s] Level 1:colcon.colcon_core.package_discovery:discover_packages(recursive) using defaults
[0.737s] Level 1:colcon.colcon_core.package_discovery:discover_packages(ignore) discover
[0.737s] Level 1:colcon.colcon_core.package_discovery:discover_packages(ignore) using defaults
[0.737s] Level 1:colcon.colcon_core.package_discovery:discover_packages(path) discover
[0.737s] Level 1:colcon.colcon_core.package_discovery:discover_packages(path) using defaults
[0.765s] Level 1:colcon.colcon_core.package_discovery:discover_packages(prefix_path) check parameters
[0.765s] Level 1:colcon.colcon_core.package_discovery:discover_packages(prefix_path) discover
[0.767s] DEBUG:colcon.colcon_installed_package_information.package_discovery:Found 3 installed packages in /home/ionia/Desktop/dubal_ws/install
[0.769s] DEBUG:colcon.colcon_installed_package_information.package_discovery:Found 256 installed packages in /opt/ros/foxy
[0.771s] Level 1:colcon.colcon_core.package_discovery:discover_packages(prefix_path) using defaults
[0.886s] Level 5:colcon.colcon_core.verb:set package 'controller' build argument 'cmake_args' from command line to 'None'
[0.886s] Level 5:colcon.colcon_core.verb:set package 'controller' build argument 'cmake_target' from command line to 'None'
[0.886s] Level 5:colcon.colcon_core.verb:set package 'controller' build argument 'cmake_target_skip_unavailable' from command line to 'False'
[0.886s] Level 5:colcon.colcon_core.verb:set package 'controller' build argument 'cmake_clean_cache' from command line to 'False'
[0.886s] Level 5:colcon.colcon_core.verb:set package 'controller' build argument 'cmake_clean_first' from command line to 'False'
[0.886s] Level 5:colcon.colcon_core.verb:set package 'controller' build argument 'cmake_force_configure' from command line to 'False'
[0.886s] Level 5:colcon.colcon_core.verb:set package 'controller' build argument 'ament_cmake_args' from command line to 'None'
[0.886s] Level 5:colcon.colcon_core.verb:set package 'controller' build argument 'catkin_cmake_args' from command line to 'None'
[0.886s] Level 5:colcon.colcon_core.verb:set package 'controller' build argument 'catkin_skip_building_tests' from command line to 'False'
[0.886s] DEBUG:colcon.colcon_core.verb:Building package 'controller' with the following arguments: {'ament_cmake_args': None, 'build_base': '/home/ionia/Desktop/dubal_ws/build/controller', 'catkin_cmake_args': None, 'catkin_skip_building_tests': False, 'cmake_args': None, 'cmake_clean_cache': False, 'cmake_clean_first': False, 'cmake_force_configure': False, 'cmake_target': None, 'cmake_target_skip_unavailable': False, 'install_base': '/home/ionia/Desktop/dubal_ws/install/controller', 'merge_install': False, 'path': '/home/ionia/Desktop/dubal_ws/src/controller', 'symlink_install': False, 'test_result_base': None}
[0.887s] Level 5:colcon.colcon_core.verb:set package 'odrive_controller' build argument 'cmake_args' from command line to 'None'
[0.887s] Level 5:colcon.colcon_core.verb:set package 'odrive_controller' build argument 'cmake_target' from command line to 'None'
[0.887s] Level 5:colcon.colcon_core.verb:set package 'odrive_controller' build argument 'cmake_target_skip_unavailable' from command line to 'False'
[0.887s] Level 5:colcon.colcon_core.verb:set package 'odrive_controller' build argument 'cmake_clean_cache' from command line to 'False'
[0.887s] Level 5:colcon.colcon_core.verb:set package 'odrive_controller' build argument 'cmake_clean_first' from command line to 'False'
[0.887s] Level 5:colcon.colcon_core.verb:set package 'odrive_controller' build argument 'cmake_force_configure' from command line to 'False'
[0.887s] Level 5:colcon.colcon_core.verb:set package 'odrive_controller' build argument 'ament_cmake_args' from command line to 'None'
[0.887s] Level 5:colcon.colcon_core.verb:set package 'odrive_controller' build argument 'catkin_cmake_args' from command line to 'None'
[0.887s] Level 5:colcon.colcon_core.verb:set package 'odrive_controller' build argument 'catkin_skip_building_tests' from command line to 'False'
[0.887s] DEBUG:colcon.colcon_core.verb:Building package 'odrive_controller' with the following arguments: {'ament_cmake_args': None, 'build_base': '/home/ionia/Desktop/dubal_ws/build/odrive_controller', 'catkin_cmake_args': None, 'catkin_skip_building_tests': False, 'cmake_args': None, 'cmake_clean_cache': False, 'cmake_clean_first': False, 'cmake_force_configure': False, 'cmake_target': None, 'cmake_target_skip_unavailable': False, 'install_base': '/home/ionia/Desktop/dubal_ws/install/odrive_controller', 'merge_install': False, 'path': '/home/ionia/Desktop/dubal_ws/src/odrive_controller', 'symlink_install': False, 'test_result_base': None}
[0.888s] Level 5:colcon.colcon_core.verb:set package 'serial_reciver' build argument 'cmake_args' from command line to 'None'
[0.888s] Level 5:colcon.colcon_core.verb:set package 'serial_reciver' build argument 'cmake_target' from command line to 'None'
[0.888s] Level 5:colcon.colcon_core.verb:set package 'serial_reciver' build argument 'cmake_target_skip_unavailable' from command line to 'False'
[0.888s] Level 5:colcon.colcon_core.verb:set package 'serial_reciver' build argument 'cmake_clean_cache' from command line to 'False'
[0.888s] Level 5:colcon.colcon_core.verb:set package 'serial_reciver' build argument 'cmake_clean_first' from command line to 'False'
[0.888s] Level 5:colcon.colcon_core.verb:set package 'serial_reciver' build argument 'cmake_force_configure' from command line to 'False'
[0.888s] Level 5:colcon.colcon_core.verb:set package 'serial_reciver' build argument 'ament_cmake_args' from command line to 'None'
[0.888s] Level 5:colcon.colcon_core.verb:set package 'serial_reciver' build argument 'catkin_cmake_args' from command line to 'None'
[0.888s] Level 5:colcon.colcon_core.verb:set package 'serial_reciver' build argument 'catkin_skip_building_tests' from command line to 'False'
[0.888s] DEBUG:colcon.colcon_core.verb:Building package 'serial_reciver' with the following arguments: {'ament_cmake_args': None, 'build_base': '/home/ionia/Desktop/dubal_ws/build/serial_reciver', 'catkin_cmake_args': None, 'catkin_skip_building_tests': False, 'cmake_args': None, 'cmake_clean_cache': False, 'cmake_clean_first': False, 'cmake_force_configure': False, 'cmake_target': None, 'cmake_target_skip_unavailable': False, 'install_base': '/home/ionia/Desktop/dubal_ws/install/serial_reciver', 'merge_install': False, 'path': '/home/ionia/Desktop/dubal_ws/src/serial_reciver', 'symlink_install': False, 'test_result_base': None}
[0.888s] INFO:colcon.colcon_core.executor:Executing jobs using 'parallel' executor
[0.890s] DEBUG:colcon.colcon_parallel_executor.executor.parallel:run_until_complete
[0.890s] INFO:colcon.colcon_ros.task.ament_cmake.build:Building ROS package in '/home/ionia/Desktop/dubal_ws/src/controller' with build type 'ament_cmake'
[0.891s] INFO:colcon.colcon_cmake.task.cmake.build:Building CMake package in '/home/ionia/Desktop/dubal_ws/src/controller'
[0.894s] INFO:colcon.colcon_core.plugin_system:Skipping extension 'colcon_core.shell.bat': Not used on non-Windows systems
[0.894s] INFO:colcon.colcon_core.shell:Skip shell extension 'powershell' for command environment: Not usable outside of PowerShell
[0.894s] DEBUG:colcon.colcon_core.shell:Skip shell extension 'dsv' for command environment
[0.903s] INFO:colcon.colcon_ros.task.ament_python.build:Building ROS package in '/home/ionia/Desktop/dubal_ws/src/odrive_controller' with build type 'ament_python'
[0.904s] Level 1:colcon.colcon_core.shell:create_environment_hook('odrive_controller', 'ament_prefix_path')
[0.905s] INFO:colcon.colcon_core.shell:Creating environment hook '/home/ionia/Desktop/dubal_ws/install/odrive_controller/share/odrive_controller/hook/ament_prefix_path.ps1'
[0.907s] INFO:colcon.colcon_core.shell:Creating environment descriptor '/home/ionia/Desktop/dubal_ws/install/odrive_controller/share/odrive_controller/hook/ament_prefix_path.dsv'
[0.908s] INFO:colcon.colcon_core.shell:Creating environment hook '/home/ionia/Desktop/dubal_ws/install/odrive_controller/share/odrive_controller/hook/ament_prefix_path.sh'
[0.910s] INFO:colcon.colcon_core.shell:Skip shell extension 'powershell' for command environment: Not usable outside of PowerShell
[0.910s] DEBUG:colcon.colcon_core.shell:Skip shell extension 'dsv' for command environment
[0.922s] INFO:colcon.colcon_ros.task.ament_python.build:Building ROS package in '/home/ionia/Desktop/dubal_ws/src/serial_reciver' with build type 'ament_python'
[0.922s] Level 1:colcon.colcon_core.shell:create_environment_hook('serial_reciver', 'ament_prefix_path')
[0.923s] INFO:colcon.colcon_core.shell:Creating environment hook '/home/ionia/Desktop/dubal_ws/install/serial_reciver/share/serial_reciver/hook/ament_prefix_path.ps1'
[0.925s] INFO:colcon.colcon_core.shell:Creating environment descriptor '/home/ionia/Desktop/dubal_ws/install/serial_reciver/share/serial_reciver/hook/ament_prefix_path.dsv'
[0.926s] INFO:colcon.colcon_core.shell:Creating environment hook '/home/ionia/Desktop/dubal_ws/install/serial_reciver/share/serial_reciver/hook/ament_prefix_path.sh'
[0.927s] INFO:colcon.colcon_core.shell:Skip shell extension 'powershell' for command environment: Not usable outside of PowerShell
[0.927s] DEBUG:colcon.colcon_core.shell:Skip shell extension 'dsv' for command environment
[0.960s] DEBUG:colcon.colcon_core.event_handler.log_command:Invoking command in '/home/ionia/Desktop/dubal_ws/build/controller': CMAKE_PREFIX_PATH=${CMAKE_PREFIX_PATH}:/home/ionia/Desktop/dubal_ws/install/serial_reciver:/home/ionia/Desktop/dubal_ws/install/odrive_controller:/opt/ros/foxy /usr/bin/cmake --build /home/ionia/Desktop/dubal_ws/build/controller -- -j4 -l4
[1.624s] INFO:colcon.colcon_core.task.python.build:Building Python package in '/home/ionia/Desktop/dubal_ws/src/odrive_controller'
[1.625s] INFO:colcon.colcon_core.shell:Skip shell extension 'powershell' for command environment: Not usable outside of PowerShell
[1.625s] DEBUG:colcon.colcon_core.shell:Skip shell extension 'dsv' for command environment
[2.177s] INFO:colcon.colcon_core.task.python.build:Building Python package in '/home/ionia/Desktop/dubal_ws/src/serial_reciver'
[2.178s] INFO:colcon.colcon_core.shell:Skip shell extension 'powershell' for command environment: Not usable outside of PowerShell
[2.178s] DEBUG:colcon.colcon_core.shell:Skip shell extension 'dsv' for command environment
[3.402s] DEBUG:colcon.colcon_core.event_handler.log_command:Invoking command in '/home/ionia/Desktop/dubal_ws/src/serial_reciver': PYTHONPATH=/home/ionia/Desktop/dubal_ws/build/serial_reciver/prefix_override:/usr/lib/python3/dist-packages/colcon_core/task/python/colcon_distutils_commands:/home/ionia/Desktop/dubal_ws/install/serial_reciver/lib/python3.8/site-packages:${PYTHONPATH} /usr/bin/python3 -W ignore:setup.py install is deprecated setup.py egg_info --egg-base ../../build/serial_reciver build --build-base /home/ionia/Desktop/dubal_ws/build/serial_reciver/build install --record /home/ionia/Desktop/dubal_ws/build/serial_reciver/install.log --install-scripts $base/lib/serial_reciver --single-version-externally-managed install_data
[3.608s] DEBUG:colcon.colcon_core.event_handler.log_command:Invoking command in '/home/ionia/Desktop/dubal_ws/src/odrive_controller': PYTHONPATH=/home/ionia/Desktop/dubal_ws/build/odrive_controller/prefix_override:/usr/lib/python3/dist-packages/colcon_core/task/python/colcon_distutils_commands:/home/ionia/Desktop/dubal_ws/install/odrive_controller/lib/python3.8/site-packages:${PYTHONPATH} /usr/bin/python3 -W ignore:setup.py install is deprecated setup.py egg_info --egg-base ../../build/odrive_controller build --build-base /home/ionia/Desktop/dubal_ws/build/odrive_controller/build install --record /home/ionia/Desktop/dubal_ws/build/odrive_controller/install.log --install-scripts $base/lib/odrive_controller --single-version-externally-managed install_data
[4.521s] Level 1:colcon.colcon_core.environment:checking '/home/ionia/Desktop/dubal_ws/install/serial_reciver' for CMake module files
[4.521s] DEBUG:colcon.colcon_core.event_handler.log_command:Invoked command in '/home/ionia/Desktop/dubal_ws/src/serial_reciver' returned '0': PYTHONPATH=/home/ionia/Desktop/dubal_ws/build/serial_reciver/prefix_override:/usr/lib/python3/dist-packages/colcon_core/task/python/colcon_distutils_commands:/home/ionia/Desktop/dubal_ws/install/serial_reciver/lib/python3.8/site-packages:${PYTHONPATH} /usr/bin/python3 -W ignore:setup.py install is deprecated setup.py egg_info --egg-base ../../build/serial_reciver build --build-base /home/ionia/Desktop/dubal_ws/build/serial_reciver/build install --record /home/ionia/Desktop/dubal_ws/build/serial_reciver/install.log --install-scripts $base/lib/serial_reciver --single-version-externally-managed install_data
[4.523s] Level 1:colcon.colcon_core.environment:checking '/home/ionia/Desktop/dubal_ws/install/serial_reciver' for CMake config files
[4.531s] Level 1:colcon.colcon_core.environment:checking '/home/ionia/Desktop/dubal_ws/install/serial_reciver/lib'
[4.531s] Level 1:colcon.colcon_core.environment:checking '/home/ionia/Desktop/dubal_ws/install/serial_reciver/bin'
[4.531s] Level 1:colcon.colcon_core.environment:checking '/home/ionia/Desktop/dubal_ws/install/serial_reciver/lib/pkgconfig/serial_reciver.pc'
[4.532s] Level 1:colcon.colcon_core.environment:checking '/home/ionia/Desktop/dubal_ws/install/serial_reciver/lib/python3.8/site-packages'
[4.532s] Level 1:colcon.colcon_core.shell:create_environment_hook('serial_reciver', 'pythonpath')
[4.533s] INFO:colcon.colcon_core.shell:Creating environment hook '/home/ionia/Desktop/dubal_ws/install/serial_reciver/share/serial_reciver/hook/pythonpath.ps1'
[4.534s] INFO:colcon.colcon_core.shell:Creating environment descriptor '/home/ionia/Desktop/dubal_ws/install/serial_reciver/share/serial_reciver/hook/pythonpath.dsv'
[4.534s] INFO:colcon.colcon_core.shell:Creating environment hook '/home/ionia/Desktop/dubal_ws/install/serial_reciver/share/serial_reciver/hook/pythonpath.sh'
[4.545s] Level 1:colcon.colcon_core.environment:checking '/home/ionia/Desktop/dubal_ws/install/serial_reciver/bin'
[4.545s] Level 1:colcon.colcon_core.environment:create_environment_scripts_only(serial_reciver)
[4.546s] INFO:colcon.colcon_core.shell:Creating package script '/home/ionia/Desktop/dubal_ws/install/serial_reciver/share/serial_reciver/package.ps1'
[4.553s] INFO:colcon.colcon_core.shell:Creating package descriptor '/home/ionia/Desktop/dubal_ws/install/serial_reciver/share/serial_reciver/package.dsv'
[4.561s] INFO:colcon.colcon_core.shell:Creating package script '/home/ionia/Desktop/dubal_ws/install/serial_reciver/share/serial_reciver/package.sh'
[4.580s] INFO:colcon.colcon_core.shell:Creating package script '/home/ionia/Desktop/dubal_ws/install/serial_reciver/share/serial_reciver/package.bash'
[4.587s] INFO:colcon.colcon_core.shell:Creating package script '/home/ionia/Desktop/dubal_ws/install/serial_reciver/share/serial_reciver/package.zsh'
[4.597s] Level 1:colcon.colcon_core.environment:create_file_with_runtime_dependencies(/home/ionia/Desktop/dubal_ws/install/serial_reciver/share/colcon-core/packages/serial_reciver)
[4.729s] Level 1:colcon.colcon_core.environment:checking '/home/ionia/Desktop/dubal_ws/install/odrive_controller' for CMake module files
[4.731s] Level 1:colcon.colcon_core.environment:checking '/home/ionia/Desktop/dubal_ws/install/odrive_controller' for CMake config files
[4.733s] Level 1:colcon.colcon_core.environment:checking '/home/ionia/Desktop/dubal_ws/install/odrive_controller/lib'
[4.735s] DEBUG:colcon.colcon_core.event_handler.log_command:Invoked command in '/home/ionia/Desktop/dubal_ws/src/odrive_controller' returned '0': PYTHONPATH=/home/ionia/Desktop/dubal_ws/build/odrive_controller/prefix_override:/usr/lib/python3/dist-packages/colcon_core/task/python/colcon_distutils_commands:/home/ionia/Desktop/dubal_ws/install/odrive_controller/lib/python3.8/site-packages:${PYTHONPATH} /usr/bin/python3 -W ignore:setup.py install is deprecated setup.py egg_info --egg-base ../../build/odrive_controller build --build-base /home/ionia/Desktop/dubal_ws/build/odrive_controller/build install --record /home/ionia/Desktop/dubal_ws/build/odrive_controller/install.log --install-scripts $base/lib/odrive_controller --single-version-externally-managed install_data
[4.735s] Level 1:colcon.colcon_core.environment:checking '/home/ionia/Desktop/dubal_ws/install/odrive_controller/bin'
[4.736s] Level 1:colcon.colcon_core.environment:checking '/home/ionia/Desktop/dubal_ws/install/odrive_controller/lib/pkgconfig/odrive_controller.pc'
[4.736s] Level 1:colcon.colcon_core.environment:checking '/home/ionia/Desktop/dubal_ws/install/odrive_controller/lib/python3.8/site-packages'
[4.736s] Level 1:colcon.colcon_core.shell:create_environment_hook('odrive_controller', 'pythonpath')
[4.737s] INFO:colcon.colcon_core.shell:Creating environment hook '/home/ionia/Desktop/dubal_ws/install/odrive_controller/share/odrive_controller/hook/pythonpath.ps1'
[4.741s] INFO:colcon.colcon_core.shell:Creating environment descriptor '/home/ionia/Desktop/dubal_ws/install/odrive_controller/share/odrive_controller/hook/pythonpath.dsv'
[4.747s] INFO:colcon.colcon_core.shell:Creating environment hook '/home/ionia/Desktop/dubal_ws/install/odrive_controller/share/odrive_controller/hook/pythonpath.sh'
[4.749s] Level 1:colcon.colcon_core.environment:checking '/home/ionia/Desktop/dubal_ws/install/odrive_controller/bin'
[4.749s] Level 1:colcon.colcon_core.environment:create_environment_scripts_only(odrive_controller)
[4.750s] INFO:colcon.colcon_core.shell:Creating package script '/home/ionia/Desktop/dubal_ws/install/odrive_controller/share/odrive_controller/package.ps1'
[4.751s] INFO:colcon.colcon_core.shell:Creating package descriptor '/home/ionia/Desktop/dubal_ws/install/odrive_controller/share/odrive_controller/package.dsv'
[4.752s] INFO:colcon.colcon_core.shell:Creating package script '/home/ionia/Desktop/dubal_ws/install/odrive_controller/share/odrive_controller/package.sh'
[4.753s] INFO:colcon.colcon_core.shell:Creating package script '/home/ionia/Desktop/dubal_ws/install/odrive_controller/share/odrive_controller/package.bash'
[4.753s] INFO:colcon.colcon_core.shell:Creating package script '/home/ionia/Desktop/dubal_ws/install/odrive_controller/share/odrive_controller/package.zsh'
[4.754s] Level 1:colcon.colcon_core.environment:create_file_with_runtime_dependencies(/home/ionia/Desktop/dubal_ws/install/odrive_controller/share/colcon-core/packages/odrive_controller)
[14.127s] DEBUG:colcon.colcon_core.event_handler.log_command:Invoked command in '/home/ionia/Desktop/dubal_ws/build/controller' returned '0': CMAKE_PREFIX_PATH=${CMAKE_PREFIX_PATH}:/home/ionia/Desktop/dubal_ws/install/serial_reciver:/home/ionia/Desktop/dubal_ws/install/odrive_controller:/opt/ros/foxy /usr/bin/cmake --build /home/ionia/Desktop/dubal_ws/build/controller -- -j4 -l4
[14.193s] DEBUG:colcon.colcon_core.event_handler.log_command:Invoking command in '/home/ionia/Desktop/dubal_ws/build/controller': CMAKE_PREFIX_PATH=${CMAKE_PREFIX_PATH}:/home/ionia/Desktop/dubal_ws/install/serial_reciver:/home/ionia/Desktop/dubal_ws/install/odrive_controller:/opt/ros/foxy /usr/bin/cmake --install /home/ionia/Desktop/dubal_ws/build/controller
[14.221s] Level 1:colcon.colcon_core.environment:create_environment_scripts_only(controller)
[14.221s] Level 1:colcon.colcon_core.environment:checking '/home/ionia/Desktop/dubal_ws/install/controller' for CMake module files
[14.222s] DEBUG:colcon.colcon_core.event_handler.log_command:Invoked command in '/home/ionia/Desktop/dubal_ws/build/controller' returned '0': CMAKE_PREFIX_PATH=${CMAKE_PREFIX_PATH}:/home/ionia/Desktop/dubal_ws/install/serial_reciver:/home/ionia/Desktop/dubal_ws/install/odrive_controller:/opt/ros/foxy /usr/bin/cmake --install /home/ionia/Desktop/dubal_ws/build/controller
[14.223s] Level 1:colcon.colcon_core.environment:checking '/home/ionia/Desktop/dubal_ws/install/controller' for CMake config files
[14.223s] Level 1:colcon.colcon_core.shell:create_environment_hook('controller', 'cmake_prefix_path')
[14.224s] INFO:colcon.colcon_core.shell:Creating environment hook '/home/ionia/Desktop/dubal_ws/install/controller/share/controller/hook/cmake_prefix_path.ps1'
[14.225s] INFO:colcon.colcon_core.shell:Creating environment descriptor '/home/ionia/Desktop/dubal_ws/install/controller/share/controller/hook/cmake_prefix_path.dsv'
[14.225s] INFO:colcon.colcon_core.shell:Creating environment hook '/home/ionia/Desktop/dubal_ws/install/controller/share/controller/hook/cmake_prefix_path.sh'
[14.226s] Level 1:colcon.colcon_core.environment:checking '/home/ionia/Desktop/dubal_ws/install/controller/lib'
[14.226s] Level 1:colcon.colcon_core.environment:checking '/home/ionia/Desktop/dubal_ws/install/controller/bin'
[14.226s] Level 1:colcon.colcon_core.environment:checking '/home/ionia/Desktop/dubal_ws/install/controller/lib/pkgconfig/controller.pc'
[14.227s] Level 1:colcon.colcon_core.environment:checking '/home/ionia/Desktop/dubal_ws/install/controller/lib/python3.8/site-packages'
[14.227s] Level 1:colcon.colcon_core.environment:checking '/home/ionia/Desktop/dubal_ws/install/controller/bin'
[14.228s] INFO:colcon.colcon_core.shell:Creating package script '/home/ionia/Desktop/dubal_ws/install/controller/share/controller/package.ps1'
[14.229s] INFO:colcon.colcon_core.shell:Creating package descriptor '/home/ionia/Desktop/dubal_ws/install/controller/share/controller/package.dsv'
[14.229s] INFO:colcon.colcon_core.shell:Creating package script '/home/ionia/Desktop/dubal_ws/install/controller/share/controller/package.sh'
[14.230s] INFO:colcon.colcon_core.shell:Creating package script '/home/ionia/Desktop/dubal_ws/install/controller/share/controller/package.bash'
[14.230s] INFO:colcon.colcon_core.shell:Creating package script '/home/ionia/Desktop/dubal_ws/install/controller/share/controller/package.zsh'
[14.231s] Level 1:colcon.colcon_core.environment:create_file_with_runtime_dependencies(/home/ionia/Desktop/dubal_ws/install/controller/share/colcon-core/packages/controller)
[14.289s] Level 1:colcon.colcon_core.environment:create_environment_scripts_only(controller)
[14.290s] Level 1:colcon.colcon_core.environment:checking '/home/ionia/Desktop/dubal_ws/install/controller' for CMake module files
[14.291s] Level 1:colcon.colcon_core.environment:checking '/home/ionia/Desktop/dubal_ws/install/controller' for CMake config files
[14.291s] Level 1:colcon.colcon_core.shell:create_environment_hook('controller', 'cmake_prefix_path')
[14.292s] INFO:colcon.colcon_core.shell:Creating environment hook '/home/ionia/Desktop/dubal_ws/install/controller/share/controller/hook/cmake_prefix_path.ps1'
[14.293s] INFO:colcon.colcon_core.shell:Creating environment descriptor '/home/ionia/Desktop/dubal_ws/install/controller/share/controller/hook/cmake_prefix_path.dsv'
[14.293s] INFO:colcon.colcon_core.shell:Creating environment hook '/home/ionia/Desktop/dubal_ws/install/controller/share/controller/hook/cmake_prefix_path.sh'
[14.294s] Level 1:colcon.colcon_core.environment:checking '/home/ionia/Desktop/dubal_ws/install/controller/lib'
[14.295s] Level 1:colcon.colcon_core.environment:checking '/home/ionia/Desktop/dubal_ws/install/controller/bin'
[14.295s] Level 1:colcon.colcon_core.environment:checking '/home/ionia/Desktop/dubal_ws/install/controller/lib/pkgconfig/controller.pc'
[14.295s] Level 1:colcon.colcon_core.environment:checking '/home/ionia/Desktop/dubal_ws/install/controller/lib/python3.8/site-packages'
[14.295s] Level 1:colcon.colcon_core.environment:checking '/home/ionia/Desktop/dubal_ws/install/controller/bin'
[14.296s] INFO:colcon.colcon_core.shell:Creating package script '/home/ionia/Desktop/dubal_ws/install/controller/share/controller/package.ps1'
[14.297s] INFO:colcon.colcon_core.shell:Creating package descriptor '/home/ionia/Desktop/dubal_ws/install/controller/share/controller/package.dsv'
[14.298s] INFO:colcon.colcon_core.shell:Creating package script '/home/ionia/Desktop/dubal_ws/install/controller/share/controller/package.sh'
[14.298s] INFO:colcon.colcon_core.shell:Creating package script '/home/ionia/Desktop/dubal_ws/install/controller/share/controller/package.bash'
[14.299s] INFO:colcon.colcon_core.shell:Creating package script '/home/ionia/Desktop/dubal_ws/install/controller/share/controller/package.zsh'
[14.300s] Level 1:colcon.colcon_core.environment:create_file_with_runtime_dependencies(/home/ionia/Desktop/dubal_ws/install/controller/share/colcon-core/packages/controller)
[14.301s] DEBUG:colcon.colcon_parallel_executor.executor.parallel:closing loop
[14.302s] DEBUG:colcon.colcon_parallel_executor.executor.parallel:loop closed
[14.303s] DEBUG:colcon.colcon_parallel_executor.executor.parallel:run_until_complete finished with '0'
[14.303s] DEBUG:colcon.colcon_core.event_reactor:joining thread
[14.321s] INFO:colcon.colcon_core.plugin_system:Skipping extension 'colcon_notification.desktop_notification.terminal_notifier': Not used on non-Darwin systems
[14.321s] INFO:colcon.colcon_core.plugin_system:Skipping extension 'colcon_notification.desktop_notification.win32': Not used on non-Windows systems
[14.321s] INFO:colcon.colcon_notification.desktop_notification:Sending desktop notification using 'notify2'
[14.363s] DEBUG:colcon.colcon_core.event_reactor:joined thread
[14.364s] INFO:colcon.colcon_core.shell:Creating prefix script '/home/ionia/Desktop/dubal_ws/install/local_setup.ps1'
[14.366s] INFO:colcon.colcon_core.shell:Creating prefix util module '/home/ionia/Desktop/dubal_ws/install/_local_setup_util_ps1.py'
[14.368s] INFO:colcon.colcon_core.shell:Creating prefix chain script '/home/ionia/Desktop/dubal_ws/install/setup.ps1'
[14.370s] INFO:colcon.colcon_core.shell:Creating prefix script '/home/ionia/Desktop/dubal_ws/install/local_setup.sh'
[14.374s] INFO:colcon.colcon_core.shell:Creating prefix util module '/home/ionia/Desktop/dubal_ws/install/_local_setup_util_sh.py'
[14.376s] INFO:colcon.colcon_core.shell:Creating prefix chain script '/home/ionia/Desktop/dubal_ws/install/setup.sh'
[14.378s] INFO:colcon.colcon_core.shell:Creating prefix script '/home/ionia/Desktop/dubal_ws/install/local_setup.bash'
[14.379s] INFO:colcon.colcon_core.shell:Creating prefix chain script '/home/ionia/Desktop/dubal_ws/install/setup.bash'
[14.381s] INFO:colcon.colcon_core.shell:Creating prefix script '/home/ionia/Desktop/dubal_ws/install/local_setup.zsh'
[14.382s] INFO:colcon.colcon_core.shell:Creating prefix chain script '/home/ionia/Desktop/dubal_ws/install/setup.zsh'
