-- Found ament_cmake: 0.9.12 (/opt/ros/foxy/share/ament_cmake/cmake)
-- Using PYTHON_EXECUTABLE: /home/ionia/anaconda3/bin/python3
-- Found rclcpp: 2.4.3 (/opt/ros/foxy/share/rclcpp/cmake)
-- Using all available rosidl_typesupport_c: rosidl_typesupport_fastrtps_c;rosidl_typesupport_introspection_c
-- Found rosidl_adapter: 1.3.1 (/opt/ros/foxy/share/rosidl_adapter/cmake)
-- Using all available rosidl_typesupport_cpp: rosidl_typesupport_fastrtps_cpp;rosidl_typesupport_introspection_cpp
-- Found rmw_implementation_cmake: 1.0.4 (/opt/ros/foxy/share/rmw_implementation_cmake/cmake)
-- Using RMW implementation 'rmw_fastrtps_cpp' as default
-- Found sensor_msgs: 2.0.5 (/opt/ros/foxy/share/sensor_msgs/cmake)
-- Configuring done
-- Generating done
-- Build files have been written to: /home/ionia/Desktop/dubal_ws/build/controller
[35m[1mScanning dependencies of target controller_main[0m
[ 50%] [32mBuilding CXX object CMakeFiles/controller_main.dir/src/controller_main.cpp.o[0m
[100%] [32m[1mLinking CXX executable controller_main[0m
[100%] Built target controller_main
-- Install configuration: ""
-- Installing: /home/ionia/Desktop/dubal_ws/install/controller/lib/controller/controller_main
-- Set runtime path of "/home/ionia/Desktop/dubal_ws/install/controller/lib/controller/controller_main" to ""
-- Installing: /home/ionia/Desktop/dubal_ws/install/controller/share/ament_index/resource_index/package_run_dependencies/controller
-- Installing: /home/ionia/Desktop/dubal_ws/install/controller/share/ament_index/resource_index/parent_prefix_path/controller
-- Installing: /home/ionia/Desktop/dubal_ws/install/controller/share/controller/environment/ament_prefix_path.sh
-- Installing: /home/ionia/Desktop/dubal_ws/install/controller/share/controller/environment/ament_prefix_path.dsv
-- Installing: /home/ionia/Desktop/dubal_ws/install/controller/share/controller/environment/path.sh
-- Installing: /home/ionia/Desktop/dubal_ws/install/controller/share/controller/environment/path.dsv
-- Installing: /home/ionia/Desktop/dubal_ws/install/controller/share/controller/local_setup.bash
-- Installing: /home/ionia/Desktop/dubal_ws/install/controller/share/controller/local_setup.sh
-- Installing: /home/ionia/Desktop/dubal_ws/install/controller/share/controller/local_setup.zsh
-- Installing: /home/ionia/Desktop/dubal_ws/install/controller/share/controller/local_setup.dsv
-- Installing: /home/ionia/Desktop/dubal_ws/install/controller/share/controller/package.dsv
-- Installing: /home/ionia/Desktop/dubal_ws/install/controller/share/ament_index/resource_index/packages/controller
-- Installing: /home/ionia/Desktop/dubal_ws/install/controller/share/controller/cmake/controllerConfig.cmake
-- Installing: /home/ionia/Desktop/dubal_ws/install/controller/share/controller/cmake/controllerConfig-version.cmake
-- Installing: /home/ionia/Desktop/dubal_ws/install/controller/share/controller/package.xml
