[3.577s] Invoking command in '/home/ionia/Desktop/dubal_ws/src/odrive_controller': PYTHONPATH=/home/ionia/Desktop/dubal_ws/build/odrive_controller/prefix_override:/usr/lib/python3/dist-packages/colcon_core/task/python/colcon_distutils_commands:/home/ionia/Desktop/dubal_ws/install/odrive_controller/lib/python3.8/site-packages:${PYTHONPATH} /usr/bin/python3 -W ignore:setup.py install is deprecated setup.py egg_info --egg-base ../../build/odrive_controller build --build-base /home/ionia/Desktop/dubal_ws/build/odrive_controller/build install --record /home/ionia/Desktop/dubal_ws/build/odrive_controller/install.log --install-scripts $base/lib/odrive_controller --single-version-externally-managed install_data
[4.867s] running egg_info
[4.867s] writing ../../build/odrive_controller/odrive_controller.egg-info/PKG-INFO
[4.867s] writing dependency_links to ../../build/odrive_controller/odrive_controller.egg-info/dependency_links.txt
[4.868s] writing entry points to ../../build/odrive_controller/odrive_controller.egg-info/entry_points.txt
[4.868s] writing requirements to ../../build/odrive_controller/odrive_controller.egg-info/requires.txt
[4.868s] writing top-level names to ../../build/odrive_controller/odrive_controller.egg-info/top_level.txt
[5.071s] reading manifest file '../../build/odrive_controller/odrive_controller.egg-info/SOURCES.txt'
[5.080s] writing manifest file '../../build/odrive_controller/odrive_controller.egg-info/SOURCES.txt'
[5.080s] running build
[5.080s] running build_py
[5.080s] running install
[5.082s] running install_lib
[5.102s] running install_data
[5.103s] running install_egg_info
[5.121s] removing '/home/ionia/Desktop/dubal_ws/install/odrive_controller/lib/python3.8/site-packages/odrive_controller-0.0.0-py3.8.egg-info' (and everything under it)
[5.121s] Copying ../../build/odrive_controller/odrive_controller.egg-info to /home/ionia/Desktop/dubal_ws/install/odrive_controller/lib/python3.8/site-packages/odrive_controller-0.0.0-py3.8.egg-info
[5.124s] running install_scripts
[5.230s] Installing odrive_controller script to /home/ionia/Desktop/dubal_ws/install/odrive_controller/lib/odrive_controller
[5.231s] writing list of installed files to '/home/ionia/Desktop/dubal_ws/build/odrive_controller/install.log'
[5.376s] Invoked command in '/home/ionia/Desktop/dubal_ws/src/odrive_controller' returned '0': PYTHONPATH=/home/ionia/Desktop/dubal_ws/build/odrive_controller/prefix_override:/usr/lib/python3/dist-packages/colcon_core/task/python/colcon_distutils_commands:/home/ionia/Desktop/dubal_ws/install/odrive_controller/lib/python3.8/site-packages:${PYTHONPATH} /usr/bin/python3 -W ignore:setup.py install is deprecated setup.py egg_info --egg-base ../../build/odrive_controller build --build-base /home/ionia/Desktop/dubal_ws/build/odrive_controller/build install --record /home/ionia/Desktop/dubal_ws/build/odrive_controller/install.log --install-scripts $base/lib/odrive_controller --single-version-externally-managed install_data
