[4.624s] Invoking command in '/home/ionia/Desktop/dubal_ws/src/serial_reciver': PYTHONPATH=/home/ionia/Desktop/dubal_ws/build/serial_reciver/prefix_override:/usr/lib/python3/dist-packages/colcon_core/task/python/colcon_distutils_commands:/home/ionia/Desktop/dubal_ws/install/serial_reciver/lib/python3.8/site-packages:${PYTHONPATH} /usr/bin/python3 -W ignore:setup.py install is deprecated setup.py egg_info --egg-base ../../build/serial_reciver build --build-base /home/ionia/Desktop/dubal_ws/build/serial_reciver/build install --record /home/ionia/Desktop/dubal_ws/build/serial_reciver/install.log --install-scripts $base/lib/serial_reciver --single-version-externally-managed install_data
[6.035s] running egg_info
[6.037s] writing ../../build/serial_reciver/serial_reciver.egg-info/PKG-INFO
[6.037s] writing dependency_links to ../../build/serial_reciver/serial_reciver.egg-info/dependency_links.txt
[6.037s] writing entry points to ../../build/serial_reciver/serial_reciver.egg-info/entry_points.txt
[6.038s] writing requirements to ../../build/serial_reciver/serial_reciver.egg-info/requires.txt
[6.038s] writing top-level names to ../../build/serial_reciver/serial_reciver.egg-info/top_level.txt
[6.252s] reading manifest file '../../build/serial_reciver/serial_reciver.egg-info/SOURCES.txt'
[6.259s] writing manifest file '../../build/serial_reciver/serial_reciver.egg-info/SOURCES.txt'
[6.262s] running build
[6.262s] running build_py
[6.262s] running install
[6.274s] running install_lib
[6.282s] running install_data
[6.283s] running install_egg_info
[6.291s] removing '/home/ionia/Desktop/dubal_ws/install/serial_reciver/lib/python3.8/site-packages/serial_reciver-0.0.0-py3.8.egg-info' (and everything under it)
[6.309s] Copying ../../build/serial_reciver/serial_reciver.egg-info to /home/ionia/Desktop/dubal_ws/install/serial_reciver/lib/python3.8/site-packages/serial_reciver-0.0.0-py3.8.egg-info
[6.320s] running install_scripts
[6.408s] Installing serial_reciver_node script to /home/ionia/Desktop/dubal_ws/install/serial_reciver/lib/serial_reciver
[6.409s] writing list of installed files to '/home/ionia/Desktop/dubal_ws/build/serial_reciver/install.log'
[6.524s] Invoked command in '/home/ionia/Desktop/dubal_ws/src/serial_reciver' returned '0': PYTHONPATH=/home/ionia/Desktop/dubal_ws/build/serial_reciver/prefix_override:/usr/lib/python3/dist-packages/colcon_core/task/python/colcon_distutils_commands:/home/ionia/Desktop/dubal_ws/install/serial_reciver/lib/python3.8/site-packages:${PYTHONPATH} /usr/bin/python3 -W ignore:setup.py install is deprecated setup.py egg_info --egg-base ../../build/serial_reciver build --build-base /home/ionia/Desktop/dubal_ws/build/serial_reciver/build install --record /home/ionia/Desktop/dubal_ws/build/serial_reciver/install.log --install-scripts $base/lib/serial_reciver --single-version-externally-managed install_data
