[1.164s] DEBUG:colcon:Command line arguments: ['/usr/bin/colcon', 'build']
[1.164s] DEBUG:colcon:Parsed command line arguments: Namespace(allow_overriding=[], ament_cmake_args=None, base_paths=['.'], build_base='build', catkin_cmake_args=None, catkin_skip_building_tests=False, cmake_args=None, cmake_clean_cache=False, cmake_clean_first=False, cmake_force_configure=False, cmake_target=None, cmake_target_skip_unavailable=False, continue_on_error=False, event_handlers=None, executor='parallel', ignore_user_meta=False, install_base='install', log_base=None, log_level=None, main=<bound method BuildVerb.main of <colcon_core.verb.build.BuildVerb object at 0x7fd90e364490>>, merge_install=False, metas=['./colcon.meta'], packages_above=None, packages_above_and_dependencies=None, packages_above_depth=None, packages_end=None, packages_ignore=None, packages_ignore_regex=None, packages_select=None, packages_select_build_failed=False, packages_select_by_dep=None, packages_select_regex=None, packages_select_test_failures=False, packages_skip=None, packages_skip_build_finished=False, packages_skip_by_dep=None, packages_skip_regex=None, packages_skip_test_passed=False, packages_skip_up_to=None, packages_start=None, packages_up_to=None, packages_up_to_regex=None, parallel_workers=16, paths=None, symlink_install=False, test_result_base=None, verb_extension=<colcon_core.verb.build.BuildVerb object at 0x7fd90e364490>, verb_name='build', verb_parser=<colcon_defaults.argument_parser.defaults.DefaultArgumentsDecorator object at 0x7fd90df2f3d0>)
[1.218s] Level 1:colcon.colcon_core.package_discovery:discover_packages(colcon_meta) check parameters
[1.218s] Level 1:colcon.colcon_core.package_discovery:discover_packages(recursive) check parameters
[1.218s] Level 1:colcon.colcon_core.package_discovery:discover_packages(ignore) check parameters
[1.218s] Level 1:colcon.colcon_core.package_discovery:discover_packages(path) check parameters
[1.218s] Level 1:colcon.colcon_core.package_discovery:discover_packages(colcon_meta) discover
[1.218s] Level 1:colcon.colcon_core.package_discovery:discover_packages(recursive) discover
[1.218s] INFO:colcon.colcon_core.package_discovery:Crawling recursively for packages in '/home/ryung/Desktop/buf'
[1.218s] Level 1:colcon.colcon_core.package_identification:_identify(.) by extensions ['ignore', 'ignore_ament_install']
[1.219s] Level 1:colcon.colcon_core.package_identification:_identify(.) by extension 'ignore'
[1.219s] Level 1:colcon.colcon_core.package_identification:_identify(.) by extension 'ignore_ament_install'
[1.219s] Level 1:colcon.colcon_core.package_identification:_identify(.) by extensions ['colcon_pkg']
[1.219s] Level 1:colcon.colcon_core.package_identification:_identify(.) by extension 'colcon_pkg'
[1.219s] Level 1:colcon.colcon_core.package_identification:_identify(.) by extensions ['colcon_meta']
[1.219s] Level 1:colcon.colcon_core.package_identification:_identify(.) by extension 'colcon_meta'
[1.219s] Level 1:colcon.colcon_core.package_identification:_identify(.) by extensions ['ros']
[1.219s] Level 1:colcon.colcon_core.package_identification:_identify(.) by extension 'ros'
[1.225s] Level 1:colcon.colcon_core.package_identification:_identify(.) by extensions ['cmake', 'python']
[1.225s] Level 1:colcon.colcon_core.package_identification:_identify(.) by extension 'cmake'
[1.225s] Level 1:colcon.colcon_core.package_identification:_identify(.) by extension 'python'
[1.225s] Level 1:colcon.colcon_core.package_identification:_identify(.) by extensions ['python_setup_py']
[1.225s] Level 1:colcon.colcon_core.package_identification:_identify(.) by extension 'python_setup_py'
[1.225s] Level 1:colcon.colcon_core.package_identification:_identify(build) by extensions ['ignore', 'ignore_ament_install']
[1.225s] Level 1:colcon.colcon_core.package_identification:_identify(build) by extension 'ignore'
[1.225s] Level 1:colcon.colcon_core.package_identification:_identify(build) ignored
[1.225s] Level 1:colcon.colcon_core.package_identification:_identify(install) by extensions ['ignore', 'ignore_ament_install']
[1.225s] Level 1:colcon.colcon_core.package_identification:_identify(install) by extension 'ignore'
[1.225s] Level 1:colcon.colcon_core.package_identification:_identify(install) ignored
[1.225s] Level 1:colcon.colcon_core.package_identification:_identify(log) by extensions ['ignore', 'ignore_ament_install']
[1.225s] Level 1:colcon.colcon_core.package_identification:_identify(log) by extension 'ignore'
[1.225s] Level 1:colcon.colcon_core.package_identification:_identify(log) ignored
[1.225s] Level 1:colcon.colcon_core.package_identification:_identify(src) by extensions ['ignore', 'ignore_ament_install']
[1.225s] Level 1:colcon.colcon_core.package_identification:_identify(src) by extension 'ignore'
[1.225s] Level 1:colcon.colcon_core.package_identification:_identify(src) by extension 'ignore_ament_install'
[1.225s] Level 1:colcon.colcon_core.package_identification:_identify(src) by extensions ['colcon_pkg']
[1.225s] Level 1:colcon.colcon_core.package_identification:_identify(src) by extension 'colcon_pkg'
[1.225s] Level 1:colcon.colcon_core.package_identification:_identify(src) by extensions ['colcon_meta']
[1.225s] Level 1:colcon.colcon_core.package_identification:_identify(src) by extension 'colcon_meta'
[1.225s] Level 1:colcon.colcon_core.package_identification:_identify(src) by extensions ['ros']
[1.225s] Level 1:colcon.colcon_core.package_identification:_identify(src) by extension 'ros'
[1.225s] Level 1:colcon.colcon_core.package_identification:_identify(src) by extensions ['cmake', 'python']
[1.225s] Level 1:colcon.colcon_core.package_identification:_identify(src) by extension 'cmake'
[1.225s] Level 1:colcon.colcon_core.package_identification:_identify(src) by extension 'python'
[1.225s] Level 1:colcon.colcon_core.package_identification:_identify(src) by extensions ['python_setup_py']
[1.225s] Level 1:colcon.colcon_core.package_identification:_identify(src) by extension 'python_setup_py'
[1.225s] Level 1:colcon.colcon_core.package_identification:_identify(src/controller) by extensions ['ignore', 'ignore_ament_install']
[1.225s] Level 1:colcon.colcon_core.package_identification:_identify(src/controller) by extension 'ignore'
[1.226s] Level 1:colcon.colcon_core.package_identification:_identify(src/controller) by extension 'ignore_ament_install'
[1.226s] Level 1:colcon.colcon_core.package_identification:_identify(src/controller) by extensions ['colcon_pkg']
[1.226s] Level 1:colcon.colcon_core.package_identification:_identify(src/controller) by extension 'colcon_pkg'
[1.226s] Level 1:colcon.colcon_core.package_identification:_identify(src/controller) by extensions ['colcon_meta']
[1.226s] Level 1:colcon.colcon_core.package_identification:_identify(src/controller) by extension 'colcon_meta'
[1.226s] Level 1:colcon.colcon_core.package_identification:_identify(src/controller) by extensions ['ros']
[1.226s] Level 1:colcon.colcon_core.package_identification:_identify(src/controller) by extension 'ros'
[1.227s] DEBUG:colcon.colcon_core.package_identification:Package 'src/controller' with type 'ros.ament_cmake' and name 'controller'
[1.227s] Level 1:colcon.colcon_core.package_identification:_identify(src/odrive_controller) by extensions ['ignore', 'ignore_ament_install']
[1.227s] Level 1:colcon.colcon_core.package_identification:_identify(src/odrive_controller) by extension 'ignore'
[1.227s] Level 1:colcon.colcon_core.package_identification:_identify(src/odrive_controller) by extension 'ignore_ament_install'
[1.227s] Level 1:colcon.colcon_core.package_identification:_identify(src/odrive_controller) by extensions ['colcon_pkg']
[1.227s] Level 1:colcon.colcon_core.package_identification:_identify(src/odrive_controller) by extension 'colcon_pkg'
[1.227s] Level 1:colcon.colcon_core.package_identification:_identify(src/odrive_controller) by extensions ['colcon_meta']
[1.227s] Level 1:colcon.colcon_core.package_identification:_identify(src/odrive_controller) by extension 'colcon_meta'
[1.227s] Level 1:colcon.colcon_core.package_identification:_identify(src/odrive_controller) by extensions ['ros']
[1.227s] Level 1:colcon.colcon_core.package_identification:_identify(src/odrive_controller) by extension 'ros'
[1.228s] DEBUG:colcon.colcon_core.package_identification:Package 'src/odrive_controller' with type 'ros.ament_python' and name 'odrive_controller'
[1.228s] Level 1:colcon.colcon_core.package_identification:_identify(src/serial_reciver) by extensions ['ignore', 'ignore_ament_install']
[1.228s] Level 1:colcon.colcon_core.package_identification:_identify(src/serial_reciver) by extension 'ignore'
[1.228s] Level 1:colcon.colcon_core.package_identification:_identify(src/serial_reciver) by extension 'ignore_ament_install'
[1.228s] Level 1:colcon.colcon_core.package_identification:_identify(src/serial_reciver) by extensions ['colcon_pkg']
[1.228s] Level 1:colcon.colcon_core.package_identification:_identify(src/serial_reciver) by extension 'colcon_pkg'
[1.228s] Level 1:colcon.colcon_core.package_identification:_identify(src/serial_reciver) by extensions ['colcon_meta']
[1.228s] Level 1:colcon.colcon_core.package_identification:_identify(src/serial_reciver) by extension 'colcon_meta'
[1.228s] Level 1:colcon.colcon_core.package_identification:_identify(src/serial_reciver) by extensions ['ros']
[1.228s] Level 1:colcon.colcon_core.package_identification:_identify(src/serial_reciver) by extension 'ros'
[1.228s] DEBUG:colcon.colcon_core.package_identification:Package 'src/serial_reciver' with type 'ros.ament_python' and name 'serial_reciver'
[1.228s] Level 1:colcon.colcon_core.package_discovery:discover_packages(recursive) using defaults
[1.228s] Level 1:colcon.colcon_core.package_discovery:discover_packages(ignore) discover
[1.228s] Level 1:colcon.colcon_core.package_discovery:discover_packages(ignore) using defaults
[1.228s] Level 1:colcon.colcon_core.package_discovery:discover_packages(path) discover
[1.228s] Level 1:colcon.colcon_core.package_discovery:discover_packages(path) using defaults
[1.334s] Level 1:colcon.colcon_core.package_discovery:discover_packages(prefix_path) check parameters
[1.334s] Level 1:colcon.colcon_core.package_discovery:discover_packages(prefix_path) discover
[1.374s] DEBUG:colcon.colcon_installed_package_information.package_discovery:Found 3 installed packages in /home/ryung/Desktop/buf/install
[1.394s] DEBUG:colcon.colcon_installed_package_information.package_discovery:Found 9 installed packages in /home/ryung/Desktop/dubal_ws/install
[1.414s] DEBUG:colcon.colcon_installed_package_information.package_discovery:Found 7 installed packages in /home/ryung/Desktop/ros2_ws/install
[1.439s] DEBUG:colcon.colcon_installed_package_information.package_discovery:Found 279 installed packages in /opt/ros/foxy
[1.439s] Level 1:colcon.colcon_core.package_discovery:discover_packages(prefix_path) using defaults
[1.511s] Level 5:colcon.colcon_core.verb:set package 'controller' build argument 'cmake_args' from command line to 'None'
[1.511s] Level 5:colcon.colcon_core.verb:set package 'controller' build argument 'cmake_target' from command line to 'None'
[1.511s] Level 5:colcon.colcon_core.verb:set package 'controller' build argument 'cmake_target_skip_unavailable' from command line to 'False'
[1.511s] Level 5:colcon.colcon_core.verb:set package 'controller' build argument 'cmake_clean_cache' from command line to 'False'
[1.511s] Level 5:colcon.colcon_core.verb:set package 'controller' build argument 'cmake_clean_first' from command line to 'False'
[1.511s] Level 5:colcon.colcon_core.verb:set package 'controller' build argument 'cmake_force_configure' from command line to 'False'
[1.511s] Level 5:colcon.colcon_core.verb:set package 'controller' build argument 'ament_cmake_args' from command line to 'None'
[1.511s] Level 5:colcon.colcon_core.verb:set package 'controller' build argument 'catkin_cmake_args' from command line to 'None'
[1.511s] Level 5:colcon.colcon_core.verb:set package 'controller' build argument 'catkin_skip_building_tests' from command line to 'False'
[1.511s] DEBUG:colcon.colcon_core.verb:Building package 'controller' with the following arguments: {'ament_cmake_args': None, 'build_base': '/home/ryung/Desktop/buf/build/controller', 'catkin_cmake_args': None, 'catkin_skip_building_tests': False, 'cmake_args': None, 'cmake_clean_cache': False, 'cmake_clean_first': False, 'cmake_force_configure': False, 'cmake_target': None, 'cmake_target_skip_unavailable': False, 'install_base': '/home/ryung/Desktop/buf/install/controller', 'merge_install': False, 'path': '/home/ryung/Desktop/buf/src/controller', 'symlink_install': False, 'test_result_base': None}
[1.531s] Level 5:colcon.colcon_core.verb:set package 'odrive_controller' build argument 'cmake_args' from command line to 'None'
[1.531s] Level 5:colcon.colcon_core.verb:set package 'odrive_controller' build argument 'cmake_target' from command line to 'None'
[1.531s] Level 5:colcon.colcon_core.verb:set package 'odrive_controller' build argument 'cmake_target_skip_unavailable' from command line to 'False'
[1.531s] Level 5:colcon.colcon_core.verb:set package 'odrive_controller' build argument 'cmake_clean_cache' from command line to 'False'
[1.531s] Level 5:colcon.colcon_core.verb:set package 'odrive_controller' build argument 'cmake_clean_first' from command line to 'False'
[1.531s] Level 5:colcon.colcon_core.verb:set package 'odrive_controller' build argument 'cmake_force_configure' from command line to 'False'
[1.531s] Level 5:colcon.colcon_core.verb:set package 'odrive_controller' build argument 'ament_cmake_args' from command line to 'None'
[1.531s] Level 5:colcon.colcon_core.verb:set package 'odrive_controller' build argument 'catkin_cmake_args' from command line to 'None'
[1.531s] Level 5:colcon.colcon_core.verb:set package 'odrive_controller' build argument 'catkin_skip_building_tests' from command line to 'False'
[1.531s] DEBUG:colcon.colcon_core.verb:Building package 'odrive_controller' with the following arguments: {'ament_cmake_args': None, 'build_base': '/home/ryung/Desktop/buf/build/odrive_controller', 'catkin_cmake_args': None, 'catkin_skip_building_tests': False, 'cmake_args': None, 'cmake_clean_cache': False, 'cmake_clean_first': False, 'cmake_force_configure': False, 'cmake_target': None, 'cmake_target_skip_unavailable': False, 'install_base': '/home/ryung/Desktop/buf/install/odrive_controller', 'merge_install': False, 'path': '/home/ryung/Desktop/buf/src/odrive_controller', 'symlink_install': False, 'test_result_base': None}
[1.550s] Level 5:colcon.colcon_core.verb:set package 'serial_reciver' build argument 'cmake_args' from command line to 'None'
[1.550s] Level 5:colcon.colcon_core.verb:set package 'serial_reciver' build argument 'cmake_target' from command line to 'None'
[1.550s] Level 5:colcon.colcon_core.verb:set package 'serial_reciver' build argument 'cmake_target_skip_unavailable' from command line to 'False'
[1.550s] Level 5:colcon.colcon_core.verb:set package 'serial_reciver' build argument 'cmake_clean_cache' from command line to 'False'
[1.550s] Level 5:colcon.colcon_core.verb:set package 'serial_reciver' build argument 'cmake_clean_first' from command line to 'False'
[1.550s] Level 5:colcon.colcon_core.verb:set package 'serial_reciver' build argument 'cmake_force_configure' from command line to 'False'
[1.550s] Level 5:colcon.colcon_core.verb:set package 'serial_reciver' build argument 'ament_cmake_args' from command line to 'None'
[1.550s] Level 5:colcon.colcon_core.verb:set package 'serial_reciver' build argument 'catkin_cmake_args' from command line to 'None'
[1.550s] Level 5:colcon.colcon_core.verb:set package 'serial_reciver' build argument 'catkin_skip_building_tests' from command line to 'False'
[1.550s] DEBUG:colcon.colcon_core.verb:Building package 'serial_reciver' with the following arguments: {'ament_cmake_args': None, 'build_base': '/home/ryung/Desktop/buf/build/serial_reciver', 'catkin_cmake_args': None, 'catkin_skip_building_tests': False, 'cmake_args': None, 'cmake_clean_cache': False, 'cmake_clean_first': False, 'cmake_force_configure': False, 'cmake_target': None, 'cmake_target_skip_unavailable': False, 'install_base': '/home/ryung/Desktop/buf/install/serial_reciver', 'merge_install': False, 'path': '/home/ryung/Desktop/buf/src/serial_reciver', 'symlink_install': False, 'test_result_base': None}
[1.570s] INFO:colcon.colcon_core.executor:Executing jobs using 'parallel' executor
[1.589s] DEBUG:colcon.colcon_parallel_executor.executor.parallel:run_until_complete
[1.590s] INFO:colcon.colcon_ros.task.ament_cmake.build:Building ROS package in '/home/ryung/Desktop/buf/src/controller' with build type 'ament_cmake'
[1.590s] INFO:colcon.colcon_cmake.task.cmake.build:Building CMake package in '/home/ryung/Desktop/buf/src/controller'
[1.611s] INFO:colcon.colcon_core.plugin_system:Skipping extension 'colcon_core.shell.bat': Not used on non-Windows systems
[1.611s] INFO:colcon.colcon_core.shell:Skip shell extension 'powershell' for command environment: Not usable outside of PowerShell
[1.611s] DEBUG:colcon.colcon_core.shell:Skip shell extension 'dsv' for command environment
[1.719s] INFO:colcon.colcon_ros.task.ament_python.build:Building ROS package in '/home/ryung/Desktop/buf/src/odrive_controller' with build type 'ament_python'
[1.719s] Level 1:colcon.colcon_core.shell:create_environment_hook('odrive_controller', 'ament_prefix_path')
[1.740s] INFO:colcon.colcon_core.shell:Creating environment hook '/home/ryung/Desktop/buf/install/odrive_controller/share/odrive_controller/hook/ament_prefix_path.ps1'
[1.740s] INFO:colcon.colcon_core.shell:Creating environment descriptor '/home/ryung/Desktop/buf/install/odrive_controller/share/odrive_controller/hook/ament_prefix_path.dsv'
[1.741s] INFO:colcon.colcon_core.shell:Creating environment hook '/home/ryung/Desktop/buf/install/odrive_controller/share/odrive_controller/hook/ament_prefix_path.sh'
[1.761s] INFO:colcon.colcon_core.shell:Skip shell extension 'powershell' for command environment: Not usable outside of PowerShell
[1.761s] DEBUG:colcon.colcon_core.shell:Skip shell extension 'dsv' for command environment
[1.864s] INFO:colcon.colcon_ros.task.ament_python.build:Building ROS package in '/home/ryung/Desktop/buf/src/serial_reciver' with build type 'ament_python'
[1.864s] Level 1:colcon.colcon_core.shell:create_environment_hook('serial_reciver', 'ament_prefix_path')
[1.885s] INFO:colcon.colcon_core.shell:Creating environment hook '/home/ryung/Desktop/buf/install/serial_reciver/share/serial_reciver/hook/ament_prefix_path.ps1'
[1.886s] INFO:colcon.colcon_core.shell:Creating environment descriptor '/home/ryung/Desktop/buf/install/serial_reciver/share/serial_reciver/hook/ament_prefix_path.dsv'
[1.886s] INFO:colcon.colcon_core.shell:Creating environment hook '/home/ryung/Desktop/buf/install/serial_reciver/share/serial_reciver/hook/ament_prefix_path.sh'
[1.906s] INFO:colcon.colcon_core.shell:Skip shell extension 'powershell' for command environment: Not usable outside of PowerShell
[1.906s] DEBUG:colcon.colcon_core.shell:Skip shell extension 'dsv' for command environment
[2.013s] DEBUG:colcon.colcon_core.event_handler.log_command:Invoking command in '/home/ryung/Desktop/buf/build/controller': CMAKE_PREFIX_PATH=${CMAKE_PREFIX_PATH}:/home/ryung/Desktop/buf/install/serial_reciver:/home/ryung/Desktop/buf/install/odrive_controller:/home/ryung/Desktop/dubal_ws/install/two_wheel_demo:/home/ryung/Desktop/dubal_ws/install/serial_reciver:/home/ryung/Desktop/dubal_ws/install/odrive_driver:/home/ryung/Desktop/dubal_ws/install/eye_dubal:/opt/ros/foxy /usr/bin/cmake --build /home/ryung/Desktop/buf/build/controller -- -j16 -l16
[2.132s] INFO:colcon.colcon_core.task.python.build:Building Python package in '/home/ryung/Desktop/buf/src/odrive_controller'
[2.153s] INFO:colcon.colcon_core.shell:Skip shell extension 'powershell' for command environment: Not usable outside of PowerShell
[2.154s] DEBUG:colcon.colcon_core.shell:Skip shell extension 'dsv' for command environment
[2.375s] INFO:colcon.colcon_core.task.python.build:Building Python package in '/home/ryung/Desktop/buf/src/serial_reciver'
[2.397s] INFO:colcon.colcon_core.shell:Skip shell extension 'powershell' for command environment: Not usable outside of PowerShell
[2.397s] DEBUG:colcon.colcon_core.shell:Skip shell extension 'dsv' for command environment
[2.509s] DEBUG:colcon.colcon_core.event_handler.log_command:Invoked command in '/home/ryung/Desktop/buf/build/controller' returned '0': CMAKE_PREFIX_PATH=${CMAKE_PREFIX_PATH}:/home/ryung/Desktop/buf/install/serial_reciver:/home/ryung/Desktop/buf/install/odrive_controller:/home/ryung/Desktop/dubal_ws/install/two_wheel_demo:/home/ryung/Desktop/dubal_ws/install/serial_reciver:/home/ryung/Desktop/dubal_ws/install/odrive_driver:/home/ryung/Desktop/dubal_ws/install/eye_dubal:/opt/ros/foxy /usr/bin/cmake --build /home/ryung/Desktop/buf/build/controller -- -j16 -l16
[2.528s] DEBUG:colcon.colcon_core.event_handler.log_command:Invoking command in '/home/ryung/Desktop/buf/build/controller': CMAKE_PREFIX_PATH=${CMAKE_PREFIX_PATH}:/home/ryung/Desktop/buf/install/serial_reciver:/home/ryung/Desktop/buf/install/odrive_controller:/home/ryung/Desktop/dubal_ws/install/two_wheel_demo:/home/ryung/Desktop/dubal_ws/install/serial_reciver:/home/ryung/Desktop/dubal_ws/install/odrive_driver:/home/ryung/Desktop/dubal_ws/install/eye_dubal:/opt/ros/foxy /usr/bin/cmake --install /home/ryung/Desktop/buf/build/controller
[2.534s] Level 1:colcon.colcon_core.environment:create_environment_scripts_only(controller)
[2.534s] DEBUG:colcon.colcon_core.event_handler.log_command:Invoked command in '/home/ryung/Desktop/buf/build/controller' returned '0': CMAKE_PREFIX_PATH=${CMAKE_PREFIX_PATH}:/home/ryung/Desktop/buf/install/serial_reciver:/home/ryung/Desktop/buf/install/odrive_controller:/home/ryung/Desktop/dubal_ws/install/two_wheel_demo:/home/ryung/Desktop/dubal_ws/install/serial_reciver:/home/ryung/Desktop/dubal_ws/install/odrive_driver:/home/ryung/Desktop/dubal_ws/install/eye_dubal:/opt/ros/foxy /usr/bin/cmake --install /home/ryung/Desktop/buf/build/controller
[2.558s] Level 1:colcon.colcon_core.environment:checking '/home/ryung/Desktop/buf/install/controller' for CMake module files
[2.558s] Level 1:colcon.colcon_core.environment:checking '/home/ryung/Desktop/buf/install/controller' for CMake config files
[2.558s] Level 1:colcon.colcon_core.shell:create_environment_hook('controller', 'cmake_prefix_path')
[2.579s] INFO:colcon.colcon_core.shell:Creating environment hook '/home/ryung/Desktop/buf/install/controller/share/controller/hook/cmake_prefix_path.ps1'
[2.579s] INFO:colcon.colcon_core.shell:Creating environment descriptor '/home/ryung/Desktop/buf/install/controller/share/controller/hook/cmake_prefix_path.dsv'
[2.579s] INFO:colcon.colcon_core.shell:Creating environment hook '/home/ryung/Desktop/buf/install/controller/share/controller/hook/cmake_prefix_path.sh'
[2.580s] Level 1:colcon.colcon_core.environment:checking '/home/ryung/Desktop/buf/install/controller/lib'
[2.580s] Level 1:colcon.colcon_core.environment:checking '/home/ryung/Desktop/buf/install/controller/bin'
[2.580s] Level 1:colcon.colcon_core.environment:checking '/home/ryung/Desktop/buf/install/controller/lib/pkgconfig/controller.pc'
[2.580s] Level 1:colcon.colcon_core.environment:checking '/home/ryung/Desktop/buf/install/controller/lib/python3.8/site-packages'
[2.580s] Level 1:colcon.colcon_core.environment:checking '/home/ryung/Desktop/buf/install/controller/bin'
[2.601s] INFO:colcon.colcon_core.shell:Creating package script '/home/ryung/Desktop/buf/install/controller/share/controller/package.ps1'
[2.602s] INFO:colcon.colcon_core.shell:Creating package descriptor '/home/ryung/Desktop/buf/install/controller/share/controller/package.dsv'
[2.602s] INFO:colcon.colcon_core.shell:Creating package script '/home/ryung/Desktop/buf/install/controller/share/controller/package.sh'
[2.602s] INFO:colcon.colcon_core.shell:Creating package script '/home/ryung/Desktop/buf/install/controller/share/controller/package.bash'
[2.602s] INFO:colcon.colcon_core.shell:Creating package script '/home/ryung/Desktop/buf/install/controller/share/controller/package.zsh'
[2.603s] Level 1:colcon.colcon_core.environment:create_file_with_runtime_dependencies(/home/ryung/Desktop/buf/install/controller/share/colcon-core/packages/controller)
[2.638s] Level 1:colcon.colcon_core.environment:create_environment_scripts_only(controller)
[2.659s] Level 1:colcon.colcon_core.environment:checking '/home/ryung/Desktop/buf/install/controller' for CMake module files
[2.660s] Level 1:colcon.colcon_core.environment:checking '/home/ryung/Desktop/buf/install/controller' for CMake config files
[2.660s] Level 1:colcon.colcon_core.shell:create_environment_hook('controller', 'cmake_prefix_path')
[2.681s] INFO:colcon.colcon_core.shell:Creating environment hook '/home/ryung/Desktop/buf/install/controller/share/controller/hook/cmake_prefix_path.ps1'
[2.681s] INFO:colcon.colcon_core.shell:Creating environment descriptor '/home/ryung/Desktop/buf/install/controller/share/controller/hook/cmake_prefix_path.dsv'
[2.681s] INFO:colcon.colcon_core.shell:Creating environment hook '/home/ryung/Desktop/buf/install/controller/share/controller/hook/cmake_prefix_path.sh'
[2.681s] Level 1:colcon.colcon_core.environment:checking '/home/ryung/Desktop/buf/install/controller/lib'
[2.681s] Level 1:colcon.colcon_core.environment:checking '/home/ryung/Desktop/buf/install/controller/bin'
[2.681s] Level 1:colcon.colcon_core.environment:checking '/home/ryung/Desktop/buf/install/controller/lib/pkgconfig/controller.pc'
[2.682s] Level 1:colcon.colcon_core.environment:checking '/home/ryung/Desktop/buf/install/controller/lib/python3.8/site-packages'
[2.682s] Level 1:colcon.colcon_core.environment:checking '/home/ryung/Desktop/buf/install/controller/bin'
[2.703s] INFO:colcon.colcon_core.shell:Creating package script '/home/ryung/Desktop/buf/install/controller/share/controller/package.ps1'
[2.703s] INFO:colcon.colcon_core.shell:Creating package descriptor '/home/ryung/Desktop/buf/install/controller/share/controller/package.dsv'
[2.703s] INFO:colcon.colcon_core.shell:Creating package script '/home/ryung/Desktop/buf/install/controller/share/controller/package.sh'
[2.704s] INFO:colcon.colcon_core.shell:Creating package script '/home/ryung/Desktop/buf/install/controller/share/controller/package.bash'
[2.704s] INFO:colcon.colcon_core.shell:Creating package script '/home/ryung/Desktop/buf/install/controller/share/controller/package.zsh'
[2.704s] Level 1:colcon.colcon_core.environment:create_file_with_runtime_dependencies(/home/ryung/Desktop/buf/install/controller/share/colcon-core/packages/controller)
[2.739s] DEBUG:colcon.colcon_core.event_handler.log_command:Invoking command in '/home/ryung/Desktop/buf/src/serial_reciver': PYTHONPATH=/home/ryung/Desktop/buf/build/serial_reciver/prefix_override:/home/ryung/Desktop/buf/install/serial_reciver/lib/python3.8/site-packages:${PYTHONPATH} /usr/bin/python3 setup.py egg_info --egg-base ../../build/serial_reciver build --build-base /home/ryung/Desktop/buf/build/serial_reciver/build install --record /home/ryung/Desktop/buf/build/serial_reciver/install.log --install-scripts $base/lib/serial_reciver --single-version-externally-managed
[2.741s] DEBUG:colcon.colcon_core.event_handler.log_command:Invoking command in '/home/ryung/Desktop/buf/src/odrive_controller': PYTHONPATH=/home/ryung/Desktop/buf/build/odrive_controller/prefix_override:/home/ryung/Desktop/buf/install/odrive_controller/lib/python3.8/site-packages:${PYTHONPATH} /usr/bin/python3 setup.py egg_info --egg-base ../../build/odrive_controller build --build-base /home/ryung/Desktop/buf/build/odrive_controller/build install --record /home/ryung/Desktop/buf/build/odrive_controller/install.log --install-scripts $base/lib/odrive_controller --single-version-externally-managed
[2.896s] DEBUG:colcon.colcon_core.event_handler.log_command:Invoked command in '/home/ryung/Desktop/buf/src/serial_reciver' returned '0': PYTHONPATH=/home/ryung/Desktop/buf/build/serial_reciver/prefix_override:/home/ryung/Desktop/buf/install/serial_reciver/lib/python3.8/site-packages:${PYTHONPATH} /usr/bin/python3 setup.py egg_info --egg-base ../../build/serial_reciver build --build-base /home/ryung/Desktop/buf/build/serial_reciver/build install --record /home/ryung/Desktop/buf/build/serial_reciver/install.log --install-scripts $base/lib/serial_reciver --single-version-externally-managed
[2.918s] Level 1:colcon.colcon_core.environment:checking '/home/ryung/Desktop/buf/install/serial_reciver' for CMake module files
[2.918s] Level 1:colcon.colcon_core.environment:checking '/home/ryung/Desktop/buf/install/serial_reciver' for CMake config files
[2.918s] Level 1:colcon.colcon_core.environment:checking '/home/ryung/Desktop/buf/install/serial_reciver/lib'
[2.918s] Level 1:colcon.colcon_core.environment:checking '/home/ryung/Desktop/buf/install/serial_reciver/bin'
[2.918s] Level 1:colcon.colcon_core.environment:checking '/home/ryung/Desktop/buf/install/serial_reciver/lib/pkgconfig/serial_reciver.pc'
[2.918s] Level 1:colcon.colcon_core.environment:checking '/home/ryung/Desktop/buf/install/serial_reciver/lib/python3.8/site-packages'
[2.918s] Level 1:colcon.colcon_core.shell:create_environment_hook('serial_reciver', 'pythonpath')
[2.939s] INFO:colcon.colcon_core.shell:Creating environment hook '/home/ryung/Desktop/buf/install/serial_reciver/share/serial_reciver/hook/pythonpath.ps1'
[2.939s] INFO:colcon.colcon_core.shell:Creating environment descriptor '/home/ryung/Desktop/buf/install/serial_reciver/share/serial_reciver/hook/pythonpath.dsv'
[2.939s] INFO:colcon.colcon_core.shell:Creating environment hook '/home/ryung/Desktop/buf/install/serial_reciver/share/serial_reciver/hook/pythonpath.sh'
[2.940s] Level 1:colcon.colcon_core.environment:checking '/home/ryung/Desktop/buf/install/serial_reciver/bin'
[2.940s] Level 1:colcon.colcon_core.environment:create_environment_scripts_only(serial_reciver)
[2.960s] INFO:colcon.colcon_core.shell:Creating package script '/home/ryung/Desktop/buf/install/serial_reciver/share/serial_reciver/package.ps1'
[2.960s] INFO:colcon.colcon_core.shell:Creating package descriptor '/home/ryung/Desktop/buf/install/serial_reciver/share/serial_reciver/package.dsv'
[2.960s] INFO:colcon.colcon_core.shell:Creating package script '/home/ryung/Desktop/buf/install/serial_reciver/share/serial_reciver/package.sh'
[2.961s] INFO:colcon.colcon_core.shell:Creating package script '/home/ryung/Desktop/buf/install/serial_reciver/share/serial_reciver/package.bash'
[2.961s] INFO:colcon.colcon_core.shell:Creating package script '/home/ryung/Desktop/buf/install/serial_reciver/share/serial_reciver/package.zsh'
[2.961s] Level 1:colcon.colcon_core.environment:create_file_with_runtime_dependencies(/home/ryung/Desktop/buf/install/serial_reciver/share/colcon-core/packages/serial_reciver)
[2.962s] DEBUG:colcon.colcon_core.event_handler.log_command:Invoked command in '/home/ryung/Desktop/buf/src/odrive_controller' returned '0': PYTHONPATH=/home/ryung/Desktop/buf/build/odrive_controller/prefix_override:/home/ryung/Desktop/buf/install/odrive_controller/lib/python3.8/site-packages:${PYTHONPATH} /usr/bin/python3 setup.py egg_info --egg-base ../../build/odrive_controller build --build-base /home/ryung/Desktop/buf/build/odrive_controller/build install --record /home/ryung/Desktop/buf/build/odrive_controller/install.log --install-scripts $base/lib/odrive_controller --single-version-externally-managed
[2.982s] Level 1:colcon.colcon_core.environment:checking '/home/ryung/Desktop/buf/install/odrive_controller' for CMake module files
[2.982s] Level 1:colcon.colcon_core.environment:checking '/home/ryung/Desktop/buf/install/odrive_controller' for CMake config files
[2.982s] Level 1:colcon.colcon_core.environment:checking '/home/ryung/Desktop/buf/install/odrive_controller/lib'
[2.982s] Level 1:colcon.colcon_core.environment:checking '/home/ryung/Desktop/buf/install/odrive_controller/bin'
[2.982s] Level 1:colcon.colcon_core.environment:checking '/home/ryung/Desktop/buf/install/odrive_controller/lib/pkgconfig/odrive_controller.pc'
[2.982s] Level 1:colcon.colcon_core.environment:checking '/home/ryung/Desktop/buf/install/odrive_controller/lib/python3.8/site-packages'
[2.982s] Level 1:colcon.colcon_core.shell:create_environment_hook('odrive_controller', 'pythonpath')
[3.002s] INFO:colcon.colcon_core.shell:Creating environment hook '/home/ryung/Desktop/buf/install/odrive_controller/share/odrive_controller/hook/pythonpath.ps1'
[3.003s] INFO:colcon.colcon_core.shell:Creating environment descriptor '/home/ryung/Desktop/buf/install/odrive_controller/share/odrive_controller/hook/pythonpath.dsv'
[3.003s] INFO:colcon.colcon_core.shell:Creating environment hook '/home/ryung/Desktop/buf/install/odrive_controller/share/odrive_controller/hook/pythonpath.sh'
[3.003s] Level 1:colcon.colcon_core.environment:checking '/home/ryung/Desktop/buf/install/odrive_controller/bin'
[3.003s] Level 1:colcon.colcon_core.environment:create_environment_scripts_only(odrive_controller)
[3.024s] INFO:colcon.colcon_core.shell:Creating package script '/home/ryung/Desktop/buf/install/odrive_controller/share/odrive_controller/package.ps1'
[3.024s] INFO:colcon.colcon_core.shell:Creating package descriptor '/home/ryung/Desktop/buf/install/odrive_controller/share/odrive_controller/package.dsv'
[3.024s] INFO:colcon.colcon_core.shell:Creating package script '/home/ryung/Desktop/buf/install/odrive_controller/share/odrive_controller/package.sh'
[3.025s] INFO:colcon.colcon_core.shell:Creating package script '/home/ryung/Desktop/buf/install/odrive_controller/share/odrive_controller/package.bash'
[3.025s] INFO:colcon.colcon_core.shell:Creating package script '/home/ryung/Desktop/buf/install/odrive_controller/share/odrive_controller/package.zsh'
[3.025s] Level 1:colcon.colcon_core.environment:create_file_with_runtime_dependencies(/home/ryung/Desktop/buf/install/odrive_controller/share/colcon-core/packages/odrive_controller)
[3.025s] DEBUG:colcon.colcon_parallel_executor.executor.parallel:closing loop
[3.025s] DEBUG:colcon.colcon_parallel_executor.executor.parallel:loop closed
[3.025s] DEBUG:colcon.colcon_parallel_executor.executor.parallel:run_until_complete finished with '0'
[3.025s] DEBUG:colcon.colcon_core.event_reactor:joining thread
[3.048s] INFO:colcon.colcon_core.plugin_system:Skipping extension 'colcon_notification.desktop_notification.terminal_notifier': Not used on non-Darwin systems
[3.048s] INFO:colcon.colcon_core.plugin_system:Skipping extension 'colcon_notification.desktop_notification.win32': Not used on non-Windows systems
[3.048s] INFO:colcon.colcon_notification.desktop_notification:Sending desktop notification using 'notify2'
[3.066s] DEBUG:colcon.colcon_core.event_reactor:joined thread
[3.090s] INFO:colcon.colcon_core.shell:Creating prefix script '/home/ryung/Desktop/buf/install/local_setup.ps1'
[3.090s] INFO:colcon.colcon_core.shell:Creating prefix util module '/home/ryung/Desktop/buf/install/_local_setup_util_ps1.py'
[3.091s] INFO:colcon.colcon_core.shell:Creating prefix chain script '/home/ryung/Desktop/buf/install/setup.ps1'
[3.111s] INFO:colcon.colcon_core.shell:Creating prefix script '/home/ryung/Desktop/buf/install/local_setup.sh'
[3.111s] INFO:colcon.colcon_core.shell:Creating prefix util module '/home/ryung/Desktop/buf/install/_local_setup_util_sh.py'
[3.112s] INFO:colcon.colcon_core.shell:Creating prefix chain script '/home/ryung/Desktop/buf/install/setup.sh'
[3.132s] INFO:colcon.colcon_core.shell:Creating prefix script '/home/ryung/Desktop/buf/install/local_setup.bash'
[3.133s] INFO:colcon.colcon_core.shell:Creating prefix chain script '/home/ryung/Desktop/buf/install/setup.bash'
[3.153s] INFO:colcon.colcon_core.shell:Creating prefix script '/home/ryung/Desktop/buf/install/local_setup.zsh'
[3.153s] INFO:colcon.colcon_core.shell:Creating prefix chain script '/home/ryung/Desktop/buf/install/setup.zsh'
