[2.515s] Invoking command in '/home/ionia/Desktop/dubal_ws/src/serial_reciver': PYTHONPATH=/home/ionia/Desktop/dubal_ws/build/serial_reciver/prefix_override:/usr/lib/python3/dist-packages/colcon_core/task/python/colcon_distutils_commands:/home/ionia/Desktop/dubal_ws/install/serial_reciver/lib/python3.8/site-packages:${PYTHONPATH} /usr/bin/python3 -W ignore:setup.py install is deprecated setup.py egg_info --egg-base ../../build/serial_reciver build --build-base /home/ionia/Desktop/dubal_ws/build/serial_reciver/build install --record /home/ionia/Desktop/dubal_ws/build/serial_reciver/install.log --install-scripts $base/lib/serial_reciver --single-version-externally-managed install_data
[3.337s] running egg_info
[3.338s] writing ../../build/serial_reciver/serial_reciver.egg-info/PKG-INFO
[3.338s] writing dependency_links to ../../build/serial_reciver/serial_reciver.egg-info/dependency_links.txt
[3.338s] writing entry points to ../../build/serial_reciver/serial_reciver.egg-info/entry_points.txt
[3.339s] writing requirements to ../../build/serial_reciver/serial_reciver.egg-info/requires.txt
[3.339s] writing top-level names to ../../build/serial_reciver/serial_reciver.egg-info/top_level.txt
[3.427s] reading manifest file '../../build/serial_reciver/serial_reciver.egg-info/SOURCES.txt'
[3.429s] writing manifest file '../../build/serial_reciver/serial_reciver.egg-info/SOURCES.txt'
[3.430s] running build
[3.430s] running build_py
[3.435s] running install
[3.437s] running install_lib
[3.445s] running install_data
[3.446s] running install_egg_info
[3.450s] removing '/home/ionia/Desktop/dubal_ws/install/serial_reciver/lib/python3.8/site-packages/serial_reciver-0.0.0-py3.8.egg-info' (and everything under it)
[3.454s] Copying ../../build/serial_reciver/serial_reciver.egg-info to /home/ionia/Desktop/dubal_ws/install/serial_reciver/lib/python3.8/site-packages/serial_reciver-0.0.0-py3.8.egg-info
[3.458s] running install_scripts
[3.519s] Installing serial_reciver_node script to /home/ionia/Desktop/dubal_ws/install/serial_reciver/lib/serial_reciver
[3.520s] writing list of installed files to '/home/ionia/Desktop/dubal_ws/build/serial_reciver/install.log'
[3.621s] Invoked command in '/home/ionia/Desktop/dubal_ws/src/serial_reciver' returned '0': PYTHONPATH=/home/ionia/Desktop/dubal_ws/build/serial_reciver/prefix_override:/usr/lib/python3/dist-packages/colcon_core/task/python/colcon_distutils_commands:/home/ionia/Desktop/dubal_ws/install/serial_reciver/lib/python3.8/site-packages:${PYTHONPATH} /usr/bin/python3 -W ignore:setup.py install is deprecated setup.py egg_info --egg-base ../../build/serial_reciver build --build-base /home/ionia/Desktop/dubal_ws/build/serial_reciver/build install --record /home/ionia/Desktop/dubal_ws/build/serial_reciver/install.log --install-scripts $base/lib/serial_reciver --single-version-externally-managed install_data
