[0.331s] DEBUG:colcon:Command line arguments: ['/usr/bin/colcon', 'build']
[0.331s] DEBUG:colcon:Parsed command line arguments: Namespace(allow_overriding=[], ament_cmake_args=None, base_paths=['.'], build_base='build', catkin_cmake_args=None, catkin_skip_building_tests=False, cmake_args=None, cmake_clean_cache=False, cmake_clean_first=False, cmake_force_configure=False, cmake_target=None, cmake_target_skip_unavailable=False, continue_on_error=False, event_handlers=None, executor='parallel', ignore_user_meta=False, install_base='install', log_base=None, log_level=None, main=<bound method BuildVerb.main of <colcon_core.verb.build.BuildVerb object at 0x7f19fdee3610>>, merge_install=False, metas=['./colcon.meta'], mixin=None, mixin_files=None, mixin_verb=('build',), packages_above=None, packages_above_and_dependencies=None, packages_above_depth=None, packages_end=None, packages_ignore=None, packages_ignore_regex=None, packages_select=None, packages_select_build_failed=False, packages_select_by_dep=None, packages_select_regex=None, packages_select_test_failures=False, packages_skip=None, packages_skip_build_finished=False, packages_skip_by_dep=None, packages_skip_regex=None, packages_skip_test_passed=False, packages_skip_up_to=None, packages_start=None, packages_up_to=None, packages_up_to_regex=None, parallel_workers=4, paths=None, symlink_install=False, test_result_base=None, verb_extension=<colcon_core.verb.build.BuildVerb object at 0x7f19fdee3610>, verb_name='build', verb_parser=<colcon_mixin.mixin.mixin_argument.MixinArgumentDecorator object at 0x7f19fde29550>)
[0.580s] Level 1:colcon.colcon_core.package_discovery:discover_packages(colcon_meta) check parameters
[0.580s] Level 1:colcon.colcon_core.package_discovery:discover_packages(recursive) check parameters
[0.580s] Level 1:colcon.colcon_core.package_discovery:discover_packages(ignore) check parameters
[0.580s] Level 1:colcon.colcon_core.package_discovery:discover_packages(path) check parameters
[0.580s] Level 1:colcon.colcon_core.package_discovery:discover_packages(colcon_meta) discover
[0.580s] Level 1:colcon.colcon_core.package_discovery:discover_packages(recursive) discover
[0.580s] INFO:colcon.colcon_core.package_discovery:Crawling recursively for packages in '/home/ionia/Desktop/dubal_ws'
[0.580s] Level 1:colcon.colcon_core.package_identification:_identify(.) by extensions ['ignore', 'ignore_ament_install']
[0.581s] Level 1:colcon.colcon_core.package_identification:_identify(.) by extension 'ignore'
[0.581s] Level 1:colcon.colcon_core.package_identification:_identify(.) by extension 'ignore_ament_install'
[0.581s] Level 1:colcon.colcon_core.package_identification:_identify(.) by extensions ['colcon_pkg']
[0.581s] Level 1:colcon.colcon_core.package_identification:_identify(.) by extension 'colcon_pkg'
[0.581s] Level 1:colcon.colcon_core.package_identification:_identify(.) by extensions ['colcon_meta']
[0.582s] Level 1:colcon.colcon_core.package_identification:_identify(.) by extension 'colcon_meta'
[0.582s] Level 1:colcon.colcon_core.package_identification:_identify(.) by extensions ['ros']
[0.582s] Level 1:colcon.colcon_core.package_identification:_identify(.) by extension 'ros'
[0.599s] Level 1:colcon.colcon_core.package_identification:_identify(.) by extensions ['cmake', 'python']
[0.599s] Level 1:colcon.colcon_core.package_identification:_identify(.) by extension 'cmake'
[0.599s] Level 1:colcon.colcon_core.package_identification:_identify(.) by extension 'python'
[0.599s] Level 1:colcon.colcon_core.package_identification:_identify(.) by extensions ['python_setup_py']
[0.599s] Level 1:colcon.colcon_core.package_identification:_identify(.) by extension 'python_setup_py'
[0.599s] Level 1:colcon.colcon_core.package_identification:_identify(build) by extensions ['ignore', 'ignore_ament_install']
[0.599s] Level 1:colcon.colcon_core.package_identification:_identify(build) by extension 'ignore'
[0.600s] Level 1:colcon.colcon_core.package_identification:_identify(build) ignored
[0.600s] Level 1:colcon.colcon_core.package_identification:_identify(install) by extensions ['ignore', 'ignore_ament_install']
[0.600s] Level 1:colcon.colcon_core.package_identification:_identify(install) by extension 'ignore'
[0.600s] Level 1:colcon.colcon_core.package_identification:_identify(install) ignored
[0.600s] Level 1:colcon.colcon_core.package_identification:_identify(log) by extensions ['ignore', 'ignore_ament_install']
[0.600s] Level 1:colcon.colcon_core.package_identification:_identify(log) by extension 'ignore'
[0.600s] Level 1:colcon.colcon_core.package_identification:_identify(log) ignored
[0.600s] Level 1:colcon.colcon_core.package_identification:_identify(src) by extensions ['ignore', 'ignore_ament_install']
[0.600s] Level 1:colcon.colcon_core.package_identification:_identify(src) by extension 'ignore'
[0.601s] Level 1:colcon.colcon_core.package_identification:_identify(src) by extension 'ignore_ament_install'
[0.601s] Level 1:colcon.colcon_core.package_identification:_identify(src) by extensions ['colcon_pkg']
[0.601s] Level 1:colcon.colcon_core.package_identification:_identify(src) by extension 'colcon_pkg'
[0.601s] Level 1:colcon.colcon_core.package_identification:_identify(src) by extensions ['colcon_meta']
[0.601s] Level 1:colcon.colcon_core.package_identification:_identify(src) by extension 'colcon_meta'
[0.601s] Level 1:colcon.colcon_core.package_identification:_identify(src) by extensions ['ros']
[0.601s] Level 1:colcon.colcon_core.package_identification:_identify(src) by extension 'ros'
[0.601s] Level 1:colcon.colcon_core.package_identification:_identify(src) by extensions ['cmake', 'python']
[0.601s] Level 1:colcon.colcon_core.package_identification:_identify(src) by extension 'cmake'
[0.601s] Level 1:colcon.colcon_core.package_identification:_identify(src) by extension 'python'
[0.601s] Level 1:colcon.colcon_core.package_identification:_identify(src) by extensions ['python_setup_py']
[0.601s] Level 1:colcon.colcon_core.package_identification:_identify(src) by extension 'python_setup_py'
[0.601s] Level 1:colcon.colcon_core.package_identification:_identify(src/controller) by extensions ['ignore', 'ignore_ament_install']
[0.601s] Level 1:colcon.colcon_core.package_identification:_identify(src/controller) by extension 'ignore'
[0.602s] Level 1:colcon.colcon_core.package_identification:_identify(src/controller) by extension 'ignore_ament_install'
[0.602s] Level 1:colcon.colcon_core.package_identification:_identify(src/controller) by extensions ['colcon_pkg']
[0.602s] Level 1:colcon.colcon_core.package_identification:_identify(src/controller) by extension 'colcon_pkg'
[0.602s] Level 1:colcon.colcon_core.package_identification:_identify(src/controller) by extensions ['colcon_meta']
[0.602s] Level 1:colcon.colcon_core.package_identification:_identify(src/controller) by extension 'colcon_meta'
[0.602s] Level 1:colcon.colcon_core.package_identification:_identify(src/controller) by extensions ['ros']
[0.602s] Level 1:colcon.colcon_core.package_identification:_identify(src/controller) by extension 'ros'
[0.606s] DEBUG:colcon.colcon_core.package_identification:Package 'src/controller' with type 'ros.ament_cmake' and name 'controller'
[0.606s] Level 1:colcon.colcon_core.package_identification:_identify(src/odrive_controller) by extensions ['ignore', 'ignore_ament_install']
[0.607s] Level 1:colcon.colcon_core.package_identification:_identify(src/odrive_controller) by extension 'ignore'
[0.607s] Level 1:colcon.colcon_core.package_identification:_identify(src/odrive_controller) by extension 'ignore_ament_install'
[0.607s] Level 1:colcon.colcon_core.package_identification:_identify(src/odrive_controller) by extensions ['colcon_pkg']
[0.607s] Level 1:colcon.colcon_core.package_identification:_identify(src/odrive_controller) by extension 'colcon_pkg'
[0.607s] Level 1:colcon.colcon_core.package_identification:_identify(src/odrive_controller) by extensions ['colcon_meta']
[0.607s] Level 1:colcon.colcon_core.package_identification:_identify(src/odrive_controller) by extension 'colcon_meta'
[0.607s] Level 1:colcon.colcon_core.package_identification:_identify(src/odrive_controller) by extensions ['ros']
[0.607s] Level 1:colcon.colcon_core.package_identification:_identify(src/odrive_controller) by extension 'ros'
[0.608s] DEBUG:colcon.colcon_core.package_identification:Package 'src/odrive_controller' with type 'ros.ament_python' and name 'odrive_controller'
[0.609s] Level 1:colcon.colcon_core.package_identification:_identify(src/serial_reciver) by extensions ['ignore', 'ignore_ament_install']
[0.609s] Level 1:colcon.colcon_core.package_identification:_identify(src/serial_reciver) by extension 'ignore'
[0.609s] Level 1:colcon.colcon_core.package_identification:_identify(src/serial_reciver) by extension 'ignore_ament_install'
[0.609s] Level 1:colcon.colcon_core.package_identification:_identify(src/serial_reciver) by extensions ['colcon_pkg']
[0.609s] Level 1:colcon.colcon_core.package_identification:_identify(src/serial_reciver) by extension 'colcon_pkg'
[0.609s] Level 1:colcon.colcon_core.package_identification:_identify(src/serial_reciver) by extensions ['colcon_meta']
[0.609s] Level 1:colcon.colcon_core.package_identification:_identify(src/serial_reciver) by extension 'colcon_meta'
[0.609s] Level 1:colcon.colcon_core.package_identification:_identify(src/serial_reciver) by extensions ['ros']
[0.609s] Level 1:colcon.colcon_core.package_identification:_identify(src/serial_reciver) by extension 'ros'
[0.610s] DEBUG:colcon.colcon_core.package_identification:Package 'src/serial_reciver' with type 'ros.ament_python' and name 'serial_reciver'
[0.610s] Level 1:colcon.colcon_core.package_discovery:discover_packages(recursive) using defaults
[0.610s] Level 1:colcon.colcon_core.package_discovery:discover_packages(ignore) discover
[0.610s] Level 1:colcon.colcon_core.package_discovery:discover_packages(ignore) using defaults
[0.610s] Level 1:colcon.colcon_core.package_discovery:discover_packages(path) discover
[0.610s] Level 1:colcon.colcon_core.package_discovery:discover_packages(path) using defaults
[0.636s] Level 1:colcon.colcon_core.package_discovery:discover_packages(prefix_path) check parameters
[0.636s] Level 1:colcon.colcon_core.package_discovery:discover_packages(prefix_path) discover
[0.639s] DEBUG:colcon.colcon_installed_package_information.package_discovery:Found 3 installed packages in /home/ionia/Desktop/dubal_ws/install
[0.641s] DEBUG:colcon.colcon_installed_package_information.package_discovery:Found 256 installed packages in /opt/ros/foxy
[0.642s] Level 1:colcon.colcon_core.package_discovery:discover_packages(prefix_path) using defaults
[0.758s] Level 5:colcon.colcon_core.verb:set package 'controller' build argument 'cmake_args' from command line to 'None'
[0.758s] Level 5:colcon.colcon_core.verb:set package 'controller' build argument 'cmake_target' from command line to 'None'
[0.758s] Level 5:colcon.colcon_core.verb:set package 'controller' build argument 'cmake_target_skip_unavailable' from command line to 'False'
[0.758s] Level 5:colcon.colcon_core.verb:set package 'controller' build argument 'cmake_clean_cache' from command line to 'False'
[0.758s] Level 5:colcon.colcon_core.verb:set package 'controller' build argument 'cmake_clean_first' from command line to 'False'
[0.758s] Level 5:colcon.colcon_core.verb:set package 'controller' build argument 'cmake_force_configure' from command line to 'False'
[0.758s] Level 5:colcon.colcon_core.verb:set package 'controller' build argument 'ament_cmake_args' from command line to 'None'
[0.758s] Level 5:colcon.colcon_core.verb:set package 'controller' build argument 'catkin_cmake_args' from command line to 'None'
[0.758s] Level 5:colcon.colcon_core.verb:set package 'controller' build argument 'catkin_skip_building_tests' from command line to 'False'
[0.759s] DEBUG:colcon.colcon_core.verb:Building package 'controller' with the following arguments: {'ament_cmake_args': None, 'build_base': '/home/ionia/Desktop/dubal_ws/build/controller', 'catkin_cmake_args': None, 'catkin_skip_building_tests': False, 'cmake_args': None, 'cmake_clean_cache': False, 'cmake_clean_first': False, 'cmake_force_configure': False, 'cmake_target': None, 'cmake_target_skip_unavailable': False, 'install_base': '/home/ionia/Desktop/dubal_ws/install/controller', 'merge_install': False, 'path': '/home/ionia/Desktop/dubal_ws/src/controller', 'symlink_install': False, 'test_result_base': None}
[0.759s] Level 5:colcon.colcon_core.verb:set package 'odrive_controller' build argument 'cmake_args' from command line to 'None'
[0.759s] Level 5:colcon.colcon_core.verb:set package 'odrive_controller' build argument 'cmake_target' from command line to 'None'
[0.759s] Level 5:colcon.colcon_core.verb:set package 'odrive_controller' build argument 'cmake_target_skip_unavailable' from command line to 'False'
[0.759s] Level 5:colcon.colcon_core.verb:set package 'odrive_controller' build argument 'cmake_clean_cache' from command line to 'False'
[0.759s] Level 5:colcon.colcon_core.verb:set package 'odrive_controller' build argument 'cmake_clean_first' from command line to 'False'
[0.759s] Level 5:colcon.colcon_core.verb:set package 'odrive_controller' build argument 'cmake_force_configure' from command line to 'False'
[0.759s] Level 5:colcon.colcon_core.verb:set package 'odrive_controller' build argument 'ament_cmake_args' from command line to 'None'
[0.759s] Level 5:colcon.colcon_core.verb:set package 'odrive_controller' build argument 'catkin_cmake_args' from command line to 'None'
[0.759s] Level 5:colcon.colcon_core.verb:set package 'odrive_controller' build argument 'catkin_skip_building_tests' from command line to 'False'
[0.759s] DEBUG:colcon.colcon_core.verb:Building package 'odrive_controller' with the following arguments: {'ament_cmake_args': None, 'build_base': '/home/ionia/Desktop/dubal_ws/build/odrive_controller', 'catkin_cmake_args': None, 'catkin_skip_building_tests': False, 'cmake_args': None, 'cmake_clean_cache': False, 'cmake_clean_first': False, 'cmake_force_configure': False, 'cmake_target': None, 'cmake_target_skip_unavailable': False, 'install_base': '/home/ionia/Desktop/dubal_ws/install/odrive_controller', 'merge_install': False, 'path': '/home/ionia/Desktop/dubal_ws/src/odrive_controller', 'symlink_install': False, 'test_result_base': None}
[0.760s] Level 5:colcon.colcon_core.verb:set package 'serial_reciver' build argument 'cmake_args' from command line to 'None'
[0.760s] Level 5:colcon.colcon_core.verb:set package 'serial_reciver' build argument 'cmake_target' from command line to 'None'
[0.760s] Level 5:colcon.colcon_core.verb:set package 'serial_reciver' build argument 'cmake_target_skip_unavailable' from command line to 'False'
[0.760s] Level 5:colcon.colcon_core.verb:set package 'serial_reciver' build argument 'cmake_clean_cache' from command line to 'False'
[0.760s] Level 5:colcon.colcon_core.verb:set package 'serial_reciver' build argument 'cmake_clean_first' from command line to 'False'
[0.760s] Level 5:colcon.colcon_core.verb:set package 'serial_reciver' build argument 'cmake_force_configure' from command line to 'False'
[0.760s] Level 5:colcon.colcon_core.verb:set package 'serial_reciver' build argument 'ament_cmake_args' from command line to 'None'
[0.760s] Level 5:colcon.colcon_core.verb:set package 'serial_reciver' build argument 'catkin_cmake_args' from command line to 'None'
[0.760s] Level 5:colcon.colcon_core.verb:set package 'serial_reciver' build argument 'catkin_skip_building_tests' from command line to 'False'
[0.760s] DEBUG:colcon.colcon_core.verb:Building package 'serial_reciver' with the following arguments: {'ament_cmake_args': None, 'build_base': '/home/ionia/Desktop/dubal_ws/build/serial_reciver', 'catkin_cmake_args': None, 'catkin_skip_building_tests': False, 'cmake_args': None, 'cmake_clean_cache': False, 'cmake_clean_first': False, 'cmake_force_configure': False, 'cmake_target': None, 'cmake_target_skip_unavailable': False, 'install_base': '/home/ionia/Desktop/dubal_ws/install/serial_reciver', 'merge_install': False, 'path': '/home/ionia/Desktop/dubal_ws/src/serial_reciver', 'symlink_install': False, 'test_result_base': None}
[0.760s] INFO:colcon.colcon_core.executor:Executing jobs using 'parallel' executor
[0.762s] DEBUG:colcon.colcon_parallel_executor.executor.parallel:run_until_complete
[0.762s] INFO:colcon.colcon_ros.task.ament_cmake.build:Building ROS package in '/home/ionia/Desktop/dubal_ws/src/controller' with build type 'ament_cmake'
[0.762s] INFO:colcon.colcon_cmake.task.cmake.build:Building CMake package in '/home/ionia/Desktop/dubal_ws/src/controller'
[0.766s] INFO:colcon.colcon_core.plugin_system:Skipping extension 'colcon_core.shell.bat': Not used on non-Windows systems
[0.766s] INFO:colcon.colcon_core.shell:Skip shell extension 'powershell' for command environment: Not usable outside of PowerShell
[0.767s] DEBUG:colcon.colcon_core.shell:Skip shell extension 'dsv' for command environment
[0.778s] INFO:colcon.colcon_ros.task.ament_python.build:Building ROS package in '/home/ionia/Desktop/dubal_ws/src/odrive_controller' with build type 'ament_python'
[0.779s] Level 1:colcon.colcon_core.shell:create_environment_hook('odrive_controller', 'ament_prefix_path')
[0.780s] INFO:colcon.colcon_core.shell:Creating environment hook '/home/ionia/Desktop/dubal_ws/install/odrive_controller/share/odrive_controller/hook/ament_prefix_path.ps1'
[0.782s] INFO:colcon.colcon_core.shell:Creating environment descriptor '/home/ionia/Desktop/dubal_ws/install/odrive_controller/share/odrive_controller/hook/ament_prefix_path.dsv'
[0.782s] INFO:colcon.colcon_core.shell:Creating environment hook '/home/ionia/Desktop/dubal_ws/install/odrive_controller/share/odrive_controller/hook/ament_prefix_path.sh'
[0.784s] INFO:colcon.colcon_core.shell:Skip shell extension 'powershell' for command environment: Not usable outside of PowerShell
[0.784s] DEBUG:colcon.colcon_core.shell:Skip shell extension 'dsv' for command environment
[0.798s] INFO:colcon.colcon_ros.task.ament_python.build:Building ROS package in '/home/ionia/Desktop/dubal_ws/src/serial_reciver' with build type 'ament_python'
[0.798s] Level 1:colcon.colcon_core.shell:create_environment_hook('serial_reciver', 'ament_prefix_path')
[0.799s] INFO:colcon.colcon_core.shell:Creating environment hook '/home/ionia/Desktop/dubal_ws/install/serial_reciver/share/serial_reciver/hook/ament_prefix_path.ps1'
[0.801s] INFO:colcon.colcon_core.shell:Creating environment descriptor '/home/ionia/Desktop/dubal_ws/install/serial_reciver/share/serial_reciver/hook/ament_prefix_path.dsv'
[0.802s] INFO:colcon.colcon_core.shell:Creating environment hook '/home/ionia/Desktop/dubal_ws/install/serial_reciver/share/serial_reciver/hook/ament_prefix_path.sh'
[0.804s] INFO:colcon.colcon_core.shell:Skip shell extension 'powershell' for command environment: Not usable outside of PowerShell
[0.804s] DEBUG:colcon.colcon_core.shell:Skip shell extension 'dsv' for command environment
[0.839s] DEBUG:colcon.colcon_core.event_handler.log_command:Invoking command in '/home/ionia/Desktop/dubal_ws/build/controller': CMAKE_PREFIX_PATH=${CMAKE_PREFIX_PATH}:/home/ionia/Desktop/dubal_ws/install/serial_reciver:/home/ionia/Desktop/dubal_ws/install/odrive_controller:/opt/ros/foxy /usr/bin/cmake --build /home/ionia/Desktop/dubal_ws/build/controller -- -j4 -l4
[1.452s] INFO:colcon.colcon_core.task.python.build:Building Python package in '/home/ionia/Desktop/dubal_ws/src/odrive_controller'
[1.454s] INFO:colcon.colcon_core.shell:Skip shell extension 'powershell' for command environment: Not usable outside of PowerShell
[1.454s] DEBUG:colcon.colcon_core.shell:Skip shell extension 'dsv' for command environment
[2.147s] INFO:colcon.colcon_core.task.python.build:Building Python package in '/home/ionia/Desktop/dubal_ws/src/serial_reciver'
[2.148s] INFO:colcon.colcon_core.shell:Skip shell extension 'powershell' for command environment: Not usable outside of PowerShell
[2.148s] DEBUG:colcon.colcon_core.shell:Skip shell extension 'dsv' for command environment
[3.418s] DEBUG:colcon.colcon_core.event_handler.log_command:Invoking command in '/home/ionia/Desktop/dubal_ws/src/serial_reciver': PYTHONPATH=/home/ionia/Desktop/dubal_ws/build/serial_reciver/prefix_override:/usr/lib/python3/dist-packages/colcon_core/task/python/colcon_distutils_commands:/home/ionia/Desktop/dubal_ws/install/serial_reciver/lib/python3.8/site-packages:${PYTHONPATH} /usr/bin/python3 -W ignore:setup.py install is deprecated setup.py egg_info --egg-base ../../build/serial_reciver build --build-base /home/ionia/Desktop/dubal_ws/build/serial_reciver/build install --record /home/ionia/Desktop/dubal_ws/build/serial_reciver/install.log --install-scripts $base/lib/serial_reciver --single-version-externally-managed install_data
[3.506s] DEBUG:colcon.colcon_core.event_handler.log_command:Invoking command in '/home/ionia/Desktop/dubal_ws/src/odrive_controller': PYTHONPATH=/home/ionia/Desktop/dubal_ws/build/odrive_controller/prefix_override:/usr/lib/python3/dist-packages/colcon_core/task/python/colcon_distutils_commands:/home/ionia/Desktop/dubal_ws/install/odrive_controller/lib/python3.8/site-packages:${PYTHONPATH} /usr/bin/python3 -W ignore:setup.py install is deprecated setup.py egg_info --egg-base ../../build/odrive_controller build --build-base /home/ionia/Desktop/dubal_ws/build/odrive_controller/build install --record /home/ionia/Desktop/dubal_ws/build/odrive_controller/install.log --install-scripts $base/lib/odrive_controller --single-version-externally-managed install_data
[4.444s] Level 1:colcon.colcon_core.environment:checking '/home/ionia/Desktop/dubal_ws/install/serial_reciver' for CMake module files
[4.462s] DEBUG:colcon.colcon_core.event_handler.log_command:Invoked command in '/home/ionia/Desktop/dubal_ws/src/serial_reciver' returned '0': PYTHONPATH=/home/ionia/Desktop/dubal_ws/build/serial_reciver/prefix_override:/usr/lib/python3/dist-packages/colcon_core/task/python/colcon_distutils_commands:/home/ionia/Desktop/dubal_ws/install/serial_reciver/lib/python3.8/site-packages:${PYTHONPATH} /usr/bin/python3 -W ignore:setup.py install is deprecated setup.py egg_info --egg-base ../../build/serial_reciver build --build-base /home/ionia/Desktop/dubal_ws/build/serial_reciver/build install --record /home/ionia/Desktop/dubal_ws/build/serial_reciver/install.log --install-scripts $base/lib/serial_reciver --single-version-externally-managed install_data
[4.462s] Level 1:colcon.colcon_core.environment:checking '/home/ionia/Desktop/dubal_ws/install/serial_reciver' for CMake config files
[4.464s] Level 1:colcon.colcon_core.environment:checking '/home/ionia/Desktop/dubal_ws/install/serial_reciver/lib'
[4.465s] Level 1:colcon.colcon_core.environment:checking '/home/ionia/Desktop/dubal_ws/install/serial_reciver/bin'
[4.465s] Level 1:colcon.colcon_core.environment:checking '/home/ionia/Desktop/dubal_ws/install/serial_reciver/lib/pkgconfig/serial_reciver.pc'
[4.465s] Level 1:colcon.colcon_core.environment:checking '/home/ionia/Desktop/dubal_ws/install/serial_reciver/lib/python3.8/site-packages'
[4.466s] Level 1:colcon.colcon_core.shell:create_environment_hook('serial_reciver', 'pythonpath')
[4.466s] INFO:colcon.colcon_core.shell:Creating environment hook '/home/ionia/Desktop/dubal_ws/install/serial_reciver/share/serial_reciver/hook/pythonpath.ps1'
[4.467s] INFO:colcon.colcon_core.shell:Creating environment descriptor '/home/ionia/Desktop/dubal_ws/install/serial_reciver/share/serial_reciver/hook/pythonpath.dsv'
[4.468s] INFO:colcon.colcon_core.shell:Creating environment hook '/home/ionia/Desktop/dubal_ws/install/serial_reciver/share/serial_reciver/hook/pythonpath.sh'
[4.472s] Level 1:colcon.colcon_core.environment:checking '/home/ionia/Desktop/dubal_ws/install/serial_reciver/bin'
[4.472s] Level 1:colcon.colcon_core.environment:create_environment_scripts_only(serial_reciver)
[4.473s] INFO:colcon.colcon_core.shell:Creating package script '/home/ionia/Desktop/dubal_ws/install/serial_reciver/share/serial_reciver/package.ps1'
[4.475s] INFO:colcon.colcon_core.shell:Creating package descriptor '/home/ionia/Desktop/dubal_ws/install/serial_reciver/share/serial_reciver/package.dsv'
[4.477s] INFO:colcon.colcon_core.shell:Creating package script '/home/ionia/Desktop/dubal_ws/install/serial_reciver/share/serial_reciver/package.sh'
[4.478s] INFO:colcon.colcon_core.shell:Creating package script '/home/ionia/Desktop/dubal_ws/install/serial_reciver/share/serial_reciver/package.bash'
[4.480s] INFO:colcon.colcon_core.shell:Creating package script '/home/ionia/Desktop/dubal_ws/install/serial_reciver/share/serial_reciver/package.zsh'
[4.481s] Level 1:colcon.colcon_core.environment:create_file_with_runtime_dependencies(/home/ionia/Desktop/dubal_ws/install/serial_reciver/share/colcon-core/packages/serial_reciver)
[4.495s] Level 1:colcon.colcon_core.environment:checking '/home/ionia/Desktop/dubal_ws/install/odrive_controller' for CMake module files
[4.496s] DEBUG:colcon.colcon_core.event_handler.log_command:Invoked command in '/home/ionia/Desktop/dubal_ws/src/odrive_controller' returned '0': PYTHONPATH=/home/ionia/Desktop/dubal_ws/build/odrive_controller/prefix_override:/usr/lib/python3/dist-packages/colcon_core/task/python/colcon_distutils_commands:/home/ionia/Desktop/dubal_ws/install/odrive_controller/lib/python3.8/site-packages:${PYTHONPATH} /usr/bin/python3 -W ignore:setup.py install is deprecated setup.py egg_info --egg-base ../../build/odrive_controller build --build-base /home/ionia/Desktop/dubal_ws/build/odrive_controller/build install --record /home/ionia/Desktop/dubal_ws/build/odrive_controller/install.log --install-scripts $base/lib/odrive_controller --single-version-externally-managed install_data
[4.497s] Level 1:colcon.colcon_core.environment:checking '/home/ionia/Desktop/dubal_ws/install/odrive_controller' for CMake config files
[4.498s] Level 1:colcon.colcon_core.environment:checking '/home/ionia/Desktop/dubal_ws/install/odrive_controller/lib'
[4.498s] Level 1:colcon.colcon_core.environment:checking '/home/ionia/Desktop/dubal_ws/install/odrive_controller/bin'
[4.498s] Level 1:colcon.colcon_core.environment:checking '/home/ionia/Desktop/dubal_ws/install/odrive_controller/lib/pkgconfig/odrive_controller.pc'
[4.499s] Level 1:colcon.colcon_core.environment:checking '/home/ionia/Desktop/dubal_ws/install/odrive_controller/lib/python3.8/site-packages'
[4.499s] Level 1:colcon.colcon_core.shell:create_environment_hook('odrive_controller', 'pythonpath')
[4.499s] INFO:colcon.colcon_core.shell:Creating environment hook '/home/ionia/Desktop/dubal_ws/install/odrive_controller/share/odrive_controller/hook/pythonpath.ps1'
[4.500s] INFO:colcon.colcon_core.shell:Creating environment descriptor '/home/ionia/Desktop/dubal_ws/install/odrive_controller/share/odrive_controller/hook/pythonpath.dsv'
[4.501s] INFO:colcon.colcon_core.shell:Creating environment hook '/home/ionia/Desktop/dubal_ws/install/odrive_controller/share/odrive_controller/hook/pythonpath.sh'
[4.505s] Level 1:colcon.colcon_core.environment:checking '/home/ionia/Desktop/dubal_ws/install/odrive_controller/bin'
[4.505s] Level 1:colcon.colcon_core.environment:create_environment_scripts_only(odrive_controller)
[4.506s] INFO:colcon.colcon_core.shell:Creating package script '/home/ionia/Desktop/dubal_ws/install/odrive_controller/share/odrive_controller/package.ps1'
[4.508s] INFO:colcon.colcon_core.shell:Creating package descriptor '/home/ionia/Desktop/dubal_ws/install/odrive_controller/share/odrive_controller/package.dsv'
[4.509s] INFO:colcon.colcon_core.shell:Creating package script '/home/ionia/Desktop/dubal_ws/install/odrive_controller/share/odrive_controller/package.sh'
[4.510s] INFO:colcon.colcon_core.shell:Creating package script '/home/ionia/Desktop/dubal_ws/install/odrive_controller/share/odrive_controller/package.bash'
[4.511s] INFO:colcon.colcon_core.shell:Creating package script '/home/ionia/Desktop/dubal_ws/install/odrive_controller/share/odrive_controller/package.zsh'
[4.513s] Level 1:colcon.colcon_core.environment:create_file_with_runtime_dependencies(/home/ionia/Desktop/dubal_ws/install/odrive_controller/share/colcon-core/packages/odrive_controller)
[13.762s] DEBUG:colcon.colcon_core.event_handler.log_command:Invoked command in '/home/ionia/Desktop/dubal_ws/build/controller' returned '0': CMAKE_PREFIX_PATH=${CMAKE_PREFIX_PATH}:/home/ionia/Desktop/dubal_ws/install/serial_reciver:/home/ionia/Desktop/dubal_ws/install/odrive_controller:/opt/ros/foxy /usr/bin/cmake --build /home/ionia/Desktop/dubal_ws/build/controller -- -j4 -l4
[13.834s] DEBUG:colcon.colcon_core.event_handler.log_command:Invoking command in '/home/ionia/Desktop/dubal_ws/build/controller': CMAKE_PREFIX_PATH=${CMAKE_PREFIX_PATH}:/home/ionia/Desktop/dubal_ws/install/serial_reciver:/home/ionia/Desktop/dubal_ws/install/odrive_controller:/opt/ros/foxy /usr/bin/cmake --install /home/ionia/Desktop/dubal_ws/build/controller
[13.858s] Level 1:colcon.colcon_core.environment:create_environment_scripts_only(controller)
[13.859s] Level 1:colcon.colcon_core.environment:checking '/home/ionia/Desktop/dubal_ws/install/controller' for CMake module files
[13.859s] DEBUG:colcon.colcon_core.event_handler.log_command:Invoked command in '/home/ionia/Desktop/dubal_ws/build/controller' returned '0': CMAKE_PREFIX_PATH=${CMAKE_PREFIX_PATH}:/home/ionia/Desktop/dubal_ws/install/serial_reciver:/home/ionia/Desktop/dubal_ws/install/odrive_controller:/opt/ros/foxy /usr/bin/cmake --install /home/ionia/Desktop/dubal_ws/build/controller
[13.861s] Level 1:colcon.colcon_core.environment:checking '/home/ionia/Desktop/dubal_ws/install/controller' for CMake config files
[13.861s] Level 1:colcon.colcon_core.shell:create_environment_hook('controller', 'cmake_prefix_path')
[13.861s] INFO:colcon.colcon_core.shell:Creating environment hook '/home/ionia/Desktop/dubal_ws/install/controller/share/controller/hook/cmake_prefix_path.ps1'
[13.862s] INFO:colcon.colcon_core.shell:Creating environment descriptor '/home/ionia/Desktop/dubal_ws/install/controller/share/controller/hook/cmake_prefix_path.dsv'
[13.863s] INFO:colcon.colcon_core.shell:Creating environment hook '/home/ionia/Desktop/dubal_ws/install/controller/share/controller/hook/cmake_prefix_path.sh'
[13.864s] Level 1:colcon.colcon_core.environment:checking '/home/ionia/Desktop/dubal_ws/install/controller/lib'
[13.864s] Level 1:colcon.colcon_core.environment:checking '/home/ionia/Desktop/dubal_ws/install/controller/bin'
[13.864s] Level 1:colcon.colcon_core.environment:checking '/home/ionia/Desktop/dubal_ws/install/controller/lib/pkgconfig/controller.pc'
[13.865s] Level 1:colcon.colcon_core.environment:checking '/home/ionia/Desktop/dubal_ws/install/controller/lib/python3.8/site-packages'
[13.866s] Level 1:colcon.colcon_core.environment:checking '/home/ionia/Desktop/dubal_ws/install/controller/bin'
[13.867s] INFO:colcon.colcon_core.shell:Creating package script '/home/ionia/Desktop/dubal_ws/install/controller/share/controller/package.ps1'
[13.868s] INFO:colcon.colcon_core.shell:Creating package descriptor '/home/ionia/Desktop/dubal_ws/install/controller/share/controller/package.dsv'
[13.869s] INFO:colcon.colcon_core.shell:Creating package script '/home/ionia/Desktop/dubal_ws/install/controller/share/controller/package.sh'
[13.870s] INFO:colcon.colcon_core.shell:Creating package script '/home/ionia/Desktop/dubal_ws/install/controller/share/controller/package.bash'
[13.870s] INFO:colcon.colcon_core.shell:Creating package script '/home/ionia/Desktop/dubal_ws/install/controller/share/controller/package.zsh'
[13.871s] Level 1:colcon.colcon_core.environment:create_file_with_runtime_dependencies(/home/ionia/Desktop/dubal_ws/install/controller/share/colcon-core/packages/controller)
[13.910s] Level 1:colcon.colcon_core.environment:create_environment_scripts_only(controller)
[13.910s] Level 1:colcon.colcon_core.environment:checking '/home/ionia/Desktop/dubal_ws/install/controller' for CMake module files
[13.911s] Level 1:colcon.colcon_core.environment:checking '/home/ionia/Desktop/dubal_ws/install/controller' for CMake config files
[13.911s] Level 1:colcon.colcon_core.shell:create_environment_hook('controller', 'cmake_prefix_path')
[13.912s] INFO:colcon.colcon_core.shell:Creating environment hook '/home/ionia/Desktop/dubal_ws/install/controller/share/controller/hook/cmake_prefix_path.ps1'
[13.912s] INFO:colcon.colcon_core.shell:Creating environment descriptor '/home/ionia/Desktop/dubal_ws/install/controller/share/controller/hook/cmake_prefix_path.dsv'
[13.913s] INFO:colcon.colcon_core.shell:Creating environment hook '/home/ionia/Desktop/dubal_ws/install/controller/share/controller/hook/cmake_prefix_path.sh'
[13.914s] Level 1:colcon.colcon_core.environment:checking '/home/ionia/Desktop/dubal_ws/install/controller/lib'
[13.914s] Level 1:colcon.colcon_core.environment:checking '/home/ionia/Desktop/dubal_ws/install/controller/bin'
[13.914s] Level 1:colcon.colcon_core.environment:checking '/home/ionia/Desktop/dubal_ws/install/controller/lib/pkgconfig/controller.pc'
[13.915s] Level 1:colcon.colcon_core.environment:checking '/home/ionia/Desktop/dubal_ws/install/controller/lib/python3.8/site-packages'
[13.915s] Level 1:colcon.colcon_core.environment:checking '/home/ionia/Desktop/dubal_ws/install/controller/bin'
[13.916s] INFO:colcon.colcon_core.shell:Creating package script '/home/ionia/Desktop/dubal_ws/install/controller/share/controller/package.ps1'
[13.916s] INFO:colcon.colcon_core.shell:Creating package descriptor '/home/ionia/Desktop/dubal_ws/install/controller/share/controller/package.dsv'
[13.917s] INFO:colcon.colcon_core.shell:Creating package script '/home/ionia/Desktop/dubal_ws/install/controller/share/controller/package.sh'
[13.918s] INFO:colcon.colcon_core.shell:Creating package script '/home/ionia/Desktop/dubal_ws/install/controller/share/controller/package.bash'
[13.919s] INFO:colcon.colcon_core.shell:Creating package script '/home/ionia/Desktop/dubal_ws/install/controller/share/controller/package.zsh'
[13.919s] Level 1:colcon.colcon_core.environment:create_file_with_runtime_dependencies(/home/ionia/Desktop/dubal_ws/install/controller/share/colcon-core/packages/controller)
[13.920s] DEBUG:colcon.colcon_parallel_executor.executor.parallel:closing loop
[13.920s] DEBUG:colcon.colcon_parallel_executor.executor.parallel:loop closed
[13.920s] DEBUG:colcon.colcon_parallel_executor.executor.parallel:run_until_complete finished with '0'
[13.920s] DEBUG:colcon.colcon_core.event_reactor:joining thread
[13.935s] INFO:colcon.colcon_core.plugin_system:Skipping extension 'colcon_notification.desktop_notification.terminal_notifier': Not used on non-Darwin systems
[13.935s] INFO:colcon.colcon_core.plugin_system:Skipping extension 'colcon_notification.desktop_notification.win32': Not used on non-Windows systems
[13.936s] INFO:colcon.colcon_notification.desktop_notification:Sending desktop notification using 'notify2'
[13.969s] DEBUG:colcon.colcon_core.event_reactor:joined thread
[13.970s] INFO:colcon.colcon_core.shell:Creating prefix script '/home/ionia/Desktop/dubal_ws/install/local_setup.ps1'
[13.972s] INFO:colcon.colcon_core.shell:Creating prefix util module '/home/ionia/Desktop/dubal_ws/install/_local_setup_util_ps1.py'
[13.977s] INFO:colcon.colcon_core.shell:Creating prefix chain script '/home/ionia/Desktop/dubal_ws/install/setup.ps1'
[13.981s] INFO:colcon.colcon_core.shell:Creating prefix script '/home/ionia/Desktop/dubal_ws/install/local_setup.sh'
[13.982s] INFO:colcon.colcon_core.shell:Creating prefix util module '/home/ionia/Desktop/dubal_ws/install/_local_setup_util_sh.py'
[13.983s] INFO:colcon.colcon_core.shell:Creating prefix chain script '/home/ionia/Desktop/dubal_ws/install/setup.sh'
[13.984s] INFO:colcon.colcon_core.shell:Creating prefix script '/home/ionia/Desktop/dubal_ws/install/local_setup.bash'
[13.985s] INFO:colcon.colcon_core.shell:Creating prefix chain script '/home/ionia/Desktop/dubal_ws/install/setup.bash'
[13.987s] INFO:colcon.colcon_core.shell:Creating prefix script '/home/ionia/Desktop/dubal_ws/install/local_setup.zsh'
[13.988s] INFO:colcon.colcon_core.shell:Creating prefix chain script '/home/ionia/Desktop/dubal_ws/install/setup.zsh'
