Performing C SOURCE FILE Test CMAKE_HAVE_LIBC_PTHREAD failed with the following output:
Change Dir: /home/ionia/Desktop/dubal_ws/build/controller/CMakeFiles/CMakeTmp

Run Build Command(s):/usr/bin/make cmTC_666c0/fast && /usr/bin/make -f CMakeFiles/cmTC_666c0.dir/build.make CMakeFiles/cmTC_666c0.dir/build
make[1]: Entering directory '/home/ionia/Desktop/dubal_ws/build/controller/CMakeFiles/CMakeTmp'
Building C object CMakeFiles/cmTC_666c0.dir/src.c.o
/usr/bin/cc   -DCMAKE_HAVE_LIBC_PTHREAD   -o CMakeFiles/cmTC_666c0.dir/src.c.o   -c /home/ionia/Desktop/dubal_ws/build/controller/CMakeFiles/CMakeTmp/src.c
Linking C executable cmTC_666c0
/usr/bin/cmake -E cmake_link_script CMakeFiles/cmTC_666c0.dir/link.txt --verbose=1
/usr/bin/cc  -DCMAKE_HAVE_LIBC_PTHREAD    CMakeFiles/cmTC_666c0.dir/src.c.o  -o cmTC_666c0 
/usr/bin/ld: CMakeFiles/cmTC_666c0.dir/src.c.o: in function `main':
src.c:(.text+0x46): undefined reference to `pthread_create'
/usr/bin/ld: src.c:(.text+0x52): undefined reference to `pthread_detach'
/usr/bin/ld: src.c:(.text+0x63): undefined reference to `pthread_join'
collect2: error: ld returned 1 exit status
make[1]: *** [CMakeFiles/cmTC_666c0.dir/build.make:87: cmTC_666c0] Error 1
make[1]: Leaving directory '/home/ionia/Desktop/dubal_ws/build/controller/CMakeFiles/CMakeTmp'
make: *** [Makefile:121: cmTC_666c0/fast] Error 2


Source file was:
#include <pthread.h>

void* test_func(void* data)
{
  return data;
}

int main(void)
{
  pthread_t thread;
  pthread_create(&thread, NULL, test_func, NULL);
  pthread_detach(thread);
  pthread_join(thread, NULL);
  pthread_atfork(NULL, NULL, NULL);
  pthread_exit(NULL);

  return 0;
}

Determining if the function pthread_create exists in the pthreads failed with the following output:
Change Dir: /home/ionia/Desktop/dubal_ws/build/controller/CMakeFiles/CMakeTmp

Run Build Command(s):/usr/bin/make cmTC_0e285/fast && /usr/bin/make -f CMakeFiles/cmTC_0e285.dir/build.make CMakeFiles/cmTC_0e285.dir/build
make[1]: Entering directory '/home/ionia/Desktop/dubal_ws/build/controller/CMakeFiles/CMakeTmp'
Building C object CMakeFiles/cmTC_0e285.dir/CheckFunctionExists.c.o
/usr/bin/cc   -DCHECK_FUNCTION_EXISTS=pthread_create   -o CMakeFiles/cmTC_0e285.dir/CheckFunctionExists.c.o   -c /usr/share/cmake-3.16/Modules/CheckFunctionExists.c
Linking C executable cmTC_0e285
/usr/bin/cmake -E cmake_link_script CMakeFiles/cmTC_0e285.dir/link.txt --verbose=1
/usr/bin/cc  -DCHECK_FUNCTION_EXISTS=pthread_create    CMakeFiles/cmTC_0e285.dir/CheckFunctionExists.c.o  -o cmTC_0e285  -lpthreads 
/usr/bin/ld: cannot find -lpthreads
collect2: error: ld returned 1 exit status
make[1]: *** [CMakeFiles/cmTC_0e285.dir/build.make:87: cmTC_0e285] Error 1
make[1]: Leaving directory '/home/ionia/Desktop/dubal_ws/build/controller/CMakeFiles/CMakeTmp'
make: *** [Makefile:121: cmTC_0e285/fast] Error 2



Performing C SOURCE FILE Test CMAKE_HAVE_LIBC_PTHREAD failed with the following output:
Change Dir: /home/ryung/Desktop/buf/build/controller/CMakeFiles/CMakeTmp

Run Build Command(s):/usr/bin/make cmTC_2764e/fast && /usr/bin/make -f CMakeFiles/cmTC_2764e.dir/build.make CMakeFiles/cmTC_2764e.dir/build
make[1]: Entering directory '/home/ryung/Desktop/buf/build/controller/CMakeFiles/CMakeTmp'
Building C object CMakeFiles/cmTC_2764e.dir/src.c.o
/usr/bin/cc   -DCMAKE_HAVE_LIBC_PTHREAD   -o CMakeFiles/cmTC_2764e.dir/src.c.o   -c /home/ryung/Desktop/buf/build/controller/CMakeFiles/CMakeTmp/src.c
Linking C executable cmTC_2764e
/usr/bin/cmake -E cmake_link_script CMakeFiles/cmTC_2764e.dir/link.txt --verbose=1
/usr/bin/cc  -DCMAKE_HAVE_LIBC_PTHREAD    CMakeFiles/cmTC_2764e.dir/src.c.o  -o cmTC_2764e 
/usr/bin/ld: CMakeFiles/cmTC_2764e.dir/src.c.o: in function `main':
src.c:(.text+0x46): undefined reference to `pthread_create'
/usr/bin/ld: src.c:(.text+0x52): undefined reference to `pthread_detach'
/usr/bin/ld: src.c:(.text+0x63): undefined reference to `pthread_join'
collect2: error: ld returned 1 exit status
make[1]: *** [CMakeFiles/cmTC_2764e.dir/build.make:87: cmTC_2764e] Error 1
make[1]: Leaving directory '/home/ryung/Desktop/buf/build/controller/CMakeFiles/CMakeTmp'
make: *** [Makefile:121: cmTC_2764e/fast] Error 2


Source file was:
#include <pthread.h>

void* test_func(void* data)
{
  return data;
}

int main(void)
{
  pthread_t thread;
  pthread_create(&thread, NULL, test_func, NULL);
  pthread_detach(thread);
  pthread_join(thread, NULL);
  pthread_atfork(NULL, NULL, NULL);
  pthread_exit(NULL);

  return 0;
}

Determining if the function pthread_create exists in the pthreads failed with the following output:
Change Dir: /home/ryung/Desktop/buf/build/controller/CMakeFiles/CMakeTmp

Run Build Command(s):/usr/bin/make cmTC_1ae0c/fast && /usr/bin/make -f CMakeFiles/cmTC_1ae0c.dir/build.make CMakeFiles/cmTC_1ae0c.dir/build
make[1]: Entering directory '/home/ryung/Desktop/buf/build/controller/CMakeFiles/CMakeTmp'
Building C object CMakeFiles/cmTC_1ae0c.dir/CheckFunctionExists.c.o
/usr/bin/cc   -DCHECK_FUNCTION_EXISTS=pthread_create   -o CMakeFiles/cmTC_1ae0c.dir/CheckFunctionExists.c.o   -c /usr/share/cmake-3.16/Modules/CheckFunctionExists.c
Linking C executable cmTC_1ae0c
/usr/bin/cmake -E cmake_link_script CMakeFiles/cmTC_1ae0c.dir/link.txt --verbose=1
/usr/bin/cc  -DCHECK_FUNCTION_EXISTS=pthread_create    CMakeFiles/cmTC_1ae0c.dir/CheckFunctionExists.c.o  -o cmTC_1ae0c  -lpthreads 
/usr/bin/ld: cannot find -lpthreads
collect2: error: ld returned 1 exit status
make[1]: *** [CMakeFiles/cmTC_1ae0c.dir/build.make:87: cmTC_1ae0c] Error 1
make[1]: Leaving directory '/home/ryung/Desktop/buf/build/controller/CMakeFiles/CMakeTmp'
make: *** [Makefile:121: cmTC_1ae0c/fast] Error 2



Performing C SOURCE FILE Test CMAKE_HAVE_LIBC_PTHREAD failed with the following output:
Change Dir: /home/ionia/Desktop/dubal_ws/build/controller/CMakeFiles/CMakeTmp

Run Build Command(s):/usr/bin/make cmTC_eb476/fast && /usr/bin/make -f CMakeFiles/cmTC_eb476.dir/build.make CMakeFiles/cmTC_eb476.dir/build
make[1]: Entering directory '/home/ionia/Desktop/dubal_ws/build/controller/CMakeFiles/CMakeTmp'
Building C object CMakeFiles/cmTC_eb476.dir/src.c.o
/usr/bin/cc   -DCMAKE_HAVE_LIBC_PTHREAD   -o CMakeFiles/cmTC_eb476.dir/src.c.o   -c /home/ionia/Desktop/dubal_ws/build/controller/CMakeFiles/CMakeTmp/src.c
Linking C executable cmTC_eb476
/usr/bin/cmake -E cmake_link_script CMakeFiles/cmTC_eb476.dir/link.txt --verbose=1
/usr/bin/cc  -DCMAKE_HAVE_LIBC_PTHREAD    CMakeFiles/cmTC_eb476.dir/src.c.o  -o cmTC_eb476 
/usr/bin/ld: CMakeFiles/cmTC_eb476.dir/src.c.o: in function `main':
src.c:(.text+0x46): undefined reference to `pthread_create'
/usr/bin/ld: src.c:(.text+0x52): undefined reference to `pthread_detach'
/usr/bin/ld: src.c:(.text+0x63): undefined reference to `pthread_join'
collect2: error: ld returned 1 exit status
make[1]: *** [CMakeFiles/cmTC_eb476.dir/build.make:87: cmTC_eb476] Error 1
make[1]: Leaving directory '/home/ionia/Desktop/dubal_ws/build/controller/CMakeFiles/CMakeTmp'
make: *** [Makefile:121: cmTC_eb476/fast] Error 2


Source file was:
#include <pthread.h>

void* test_func(void* data)
{
  return data;
}

int main(void)
{
  pthread_t thread;
  pthread_create(&thread, NULL, test_func, NULL);
  pthread_detach(thread);
  pthread_join(thread, NULL);
  pthread_atfork(NULL, NULL, NULL);
  pthread_exit(NULL);

  return 0;
}

Determining if the function pthread_create exists in the pthreads failed with the following output:
Change Dir: /home/ionia/Desktop/dubal_ws/build/controller/CMakeFiles/CMakeTmp

Run Build Command(s):/usr/bin/make cmTC_6d77f/fast && /usr/bin/make -f CMakeFiles/cmTC_6d77f.dir/build.make CMakeFiles/cmTC_6d77f.dir/build
make[1]: Entering directory '/home/ionia/Desktop/dubal_ws/build/controller/CMakeFiles/CMakeTmp'
Building C object CMakeFiles/cmTC_6d77f.dir/CheckFunctionExists.c.o
/usr/bin/cc   -DCHECK_FUNCTION_EXISTS=pthread_create   -o CMakeFiles/cmTC_6d77f.dir/CheckFunctionExists.c.o   -c /usr/share/cmake-3.16/Modules/CheckFunctionExists.c
Linking C executable cmTC_6d77f
/usr/bin/cmake -E cmake_link_script CMakeFiles/cmTC_6d77f.dir/link.txt --verbose=1
/usr/bin/cc  -DCHECK_FUNCTION_EXISTS=pthread_create    CMakeFiles/cmTC_6d77f.dir/CheckFunctionExists.c.o  -o cmTC_6d77f  -lpthreads 
/usr/bin/ld: cannot find -lpthreads
collect2: error: ld returned 1 exit status
make[1]: *** [CMakeFiles/cmTC_6d77f.dir/build.make:87: cmTC_6d77f] Error 1
make[1]: Leaving directory '/home/ionia/Desktop/dubal_ws/build/controller/CMakeFiles/CMakeTmp'
make: *** [Makefile:121: cmTC_6d77f/fast] Error 2



Performing C SOURCE FILE Test CMAKE_HAVE_LIBC_PTHREAD failed with the following output:
Change Dir: /home/ryung/Desktop/buf/build/controller/CMakeFiles/CMakeTmp

Run Build Command(s):/usr/bin/make cmTC_b52d0/fast && /usr/bin/make -f CMakeFiles/cmTC_b52d0.dir/build.make CMakeFiles/cmTC_b52d0.dir/build
make[1]: Entering directory '/home/ryung/Desktop/buf/build/controller/CMakeFiles/CMakeTmp'
Building C object CMakeFiles/cmTC_b52d0.dir/src.c.o
/usr/bin/cc   -DCMAKE_HAVE_LIBC_PTHREAD   -o CMakeFiles/cmTC_b52d0.dir/src.c.o   -c /home/ryung/Desktop/buf/build/controller/CMakeFiles/CMakeTmp/src.c
Linking C executable cmTC_b52d0
/usr/bin/cmake -E cmake_link_script CMakeFiles/cmTC_b52d0.dir/link.txt --verbose=1
/usr/bin/cc  -DCMAKE_HAVE_LIBC_PTHREAD    CMakeFiles/cmTC_b52d0.dir/src.c.o  -o cmTC_b52d0 
/usr/bin/ld: CMakeFiles/cmTC_b52d0.dir/src.c.o: in function `main':
src.c:(.text+0x46): undefined reference to `pthread_create'
/usr/bin/ld: src.c:(.text+0x52): undefined reference to `pthread_detach'
/usr/bin/ld: src.c:(.text+0x63): undefined reference to `pthread_join'
collect2: error: ld returned 1 exit status
make[1]: *** [CMakeFiles/cmTC_b52d0.dir/build.make:87: cmTC_b52d0] Error 1
make[1]: Leaving directory '/home/ryung/Desktop/buf/build/controller/CMakeFiles/CMakeTmp'
make: *** [Makefile:121: cmTC_b52d0/fast] Error 2


Source file was:
#include <pthread.h>

void* test_func(void* data)
{
  return data;
}

int main(void)
{
  pthread_t thread;
  pthread_create(&thread, NULL, test_func, NULL);
  pthread_detach(thread);
  pthread_join(thread, NULL);
  pthread_atfork(NULL, NULL, NULL);
  pthread_exit(NULL);

  return 0;
}

Determining if the function pthread_create exists in the pthreads failed with the following output:
Change Dir: /home/ryung/Desktop/buf/build/controller/CMakeFiles/CMakeTmp

Run Build Command(s):/usr/bin/make cmTC_266b9/fast && /usr/bin/make -f CMakeFiles/cmTC_266b9.dir/build.make CMakeFiles/cmTC_266b9.dir/build
make[1]: Entering directory '/home/ryung/Desktop/buf/build/controller/CMakeFiles/CMakeTmp'
Building C object CMakeFiles/cmTC_266b9.dir/CheckFunctionExists.c.o
/usr/bin/cc   -DCHECK_FUNCTION_EXISTS=pthread_create   -o CMakeFiles/cmTC_266b9.dir/CheckFunctionExists.c.o   -c /usr/share/cmake-3.16/Modules/CheckFunctionExists.c
Linking C executable cmTC_266b9
/usr/bin/cmake -E cmake_link_script CMakeFiles/cmTC_266b9.dir/link.txt --verbose=1
/usr/bin/cc  -DCHECK_FUNCTION_EXISTS=pthread_create    CMakeFiles/cmTC_266b9.dir/CheckFunctionExists.c.o  -o cmTC_266b9  -lpthreads 
/usr/bin/ld: cannot find -lpthreads
collect2: error: ld returned 1 exit status
make[1]: *** [CMakeFiles/cmTC_266b9.dir/build.make:87: cmTC_266b9] Error 1
make[1]: Leaving directory '/home/ryung/Desktop/buf/build/controller/CMakeFiles/CMakeTmp'
make: *** [Makefile:121: cmTC_266b9/fast] Error 2



Performing C SOURCE FILE Test CMAKE_HAVE_LIBC_PTHREAD failed with the following output:
Change Dir: /home/ionia/Desktop/dubal_ws/build/controller/CMakeFiles/CMakeTmp

Run Build Command(s):/usr/bin/make cmTC_95e95/fast && /usr/bin/make -f CMakeFiles/cmTC_95e95.dir/build.make CMakeFiles/cmTC_95e95.dir/build
make[1]: Entering directory '/home/ionia/Desktop/dubal_ws/build/controller/CMakeFiles/CMakeTmp'
Building C object CMakeFiles/cmTC_95e95.dir/src.c.o
/usr/bin/cc   -DCMAKE_HAVE_LIBC_PTHREAD   -o CMakeFiles/cmTC_95e95.dir/src.c.o   -c /home/ionia/Desktop/dubal_ws/build/controller/CMakeFiles/CMakeTmp/src.c
Linking C executable cmTC_95e95
/usr/bin/cmake -E cmake_link_script CMakeFiles/cmTC_95e95.dir/link.txt --verbose=1
/usr/bin/cc  -DCMAKE_HAVE_LIBC_PTHREAD    CMakeFiles/cmTC_95e95.dir/src.c.o  -o cmTC_95e95 
/usr/bin/ld: CMakeFiles/cmTC_95e95.dir/src.c.o: in function `main':
src.c:(.text+0x46): undefined reference to `pthread_create'
/usr/bin/ld: src.c:(.text+0x52): undefined reference to `pthread_detach'
/usr/bin/ld: src.c:(.text+0x63): undefined reference to `pthread_join'
collect2: error: ld returned 1 exit status
make[1]: *** [CMakeFiles/cmTC_95e95.dir/build.make:87: cmTC_95e95] Error 1
make[1]: Leaving directory '/home/ionia/Desktop/dubal_ws/build/controller/CMakeFiles/CMakeTmp'
make: *** [Makefile:121: cmTC_95e95/fast] Error 2


Source file was:
#include <pthread.h>

void* test_func(void* data)
{
  return data;
}

int main(void)
{
  pthread_t thread;
  pthread_create(&thread, NULL, test_func, NULL);
  pthread_detach(thread);
  pthread_join(thread, NULL);
  pthread_atfork(NULL, NULL, NULL);
  pthread_exit(NULL);

  return 0;
}

Determining if the function pthread_create exists in the pthreads failed with the following output:
Change Dir: /home/ionia/Desktop/dubal_ws/build/controller/CMakeFiles/CMakeTmp

Run Build Command(s):/usr/bin/make cmTC_6047c/fast && /usr/bin/make -f CMakeFiles/cmTC_6047c.dir/build.make CMakeFiles/cmTC_6047c.dir/build
make[1]: Entering directory '/home/ionia/Desktop/dubal_ws/build/controller/CMakeFiles/CMakeTmp'
Building C object CMakeFiles/cmTC_6047c.dir/CheckFunctionExists.c.o
/usr/bin/cc   -DCHECK_FUNCTION_EXISTS=pthread_create   -o CMakeFiles/cmTC_6047c.dir/CheckFunctionExists.c.o   -c /usr/share/cmake-3.16/Modules/CheckFunctionExists.c
Linking C executable cmTC_6047c
/usr/bin/cmake -E cmake_link_script CMakeFiles/cmTC_6047c.dir/link.txt --verbose=1
/usr/bin/cc  -DCHECK_FUNCTION_EXISTS=pthread_create    CMakeFiles/cmTC_6047c.dir/CheckFunctionExists.c.o  -o cmTC_6047c  -lpthreads 
/usr/bin/ld: cannot find -lpthreads
collect2: error: ld returned 1 exit status
make[1]: *** [CMakeFiles/cmTC_6047c.dir/build.make:87: cmTC_6047c] Error 1
make[1]: Leaving directory '/home/ionia/Desktop/dubal_ws/build/controller/CMakeFiles/CMakeTmp'
make: *** [Makefile:121: cmTC_6047c/fast] Error 2



