[0.886s] Invoking command in '/home/ryung/Desktop/buf/src/serial_reciver': PYTHONPATH=/home/ryung/Desktop/buf/build/serial_reciver/prefix_override:/home/ryung/Desktop/buf/install/serial_reciver/lib/python3.8/site-packages:${PYTHONPATH} /usr/bin/python3 setup.py egg_info --egg-base ../../build/serial_reciver build --build-base /home/ryung/Desktop/buf/build/serial_reciver/build install --record /home/ryung/Desktop/buf/build/serial_reciver/install.log --install-scripts $base/lib/serial_reciver --single-version-externally-managed
[0.998s] running egg_info
[0.998s] writing ../../build/serial_reciver/serial_reciver.egg-info/PKG-INFO
[0.999s] writing dependency_links to ../../build/serial_reciver/serial_reciver.egg-info/dependency_links.txt
[0.999s] writing entry points to ../../build/serial_reciver/serial_reciver.egg-info/entry_points.txt
[0.999s] writing requirements to ../../build/serial_reciver/serial_reciver.egg-info/requires.txt
[0.999s] writing top-level names to ../../build/serial_reciver/serial_reciver.egg-info/top_level.txt
[1.017s] reading manifest file '../../build/serial_reciver/serial_reciver.egg-info/SOURCES.txt'
[1.018s] writing manifest file '../../build/serial_reciver/serial_reciver.egg-info/SOURCES.txt'
[1.018s] running build
[1.018s] running build_py
[1.018s] copying serial_reciver/SerialHandler.py -> /home/ryung/Desktop/buf/build/serial_reciver/build/lib/serial_reciver
[1.018s] copying serial_reciver/imu_receiver.py -> /home/ryung/Desktop/buf/build/serial_reciver/build/lib/serial_reciver
[1.018s] copying serial_reciver/serial_reciver_node.py -> /home/ryung/Desktop/buf/build/serial_reciver/build/lib/serial_reciver
[1.018s] running install
[1.019s] running install_lib
[1.019s] copying /home/ryung/Desktop/buf/build/serial_reciver/build/lib/serial_reciver/SerialHandler.py -> /home/ryung/Desktop/buf/install/serial_reciver/lib/python3.8/site-packages/serial_reciver
[1.019s] copying /home/ryung/Desktop/buf/build/serial_reciver/build/lib/serial_reciver/imu_receiver.py -> /home/ryung/Desktop/buf/install/serial_reciver/lib/python3.8/site-packages/serial_reciver
[1.019s] copying /home/ryung/Desktop/buf/build/serial_reciver/build/lib/serial_reciver/serial_reciver_node.py -> /home/ryung/Desktop/buf/install/serial_reciver/lib/python3.8/site-packages/serial_reciver
[1.020s] byte-compiling /home/ryung/Desktop/buf/install/serial_reciver/lib/python3.8/site-packages/serial_reciver/SerialHandler.py to SerialHandler.cpython-38.pyc
[1.021s] byte-compiling /home/ryung/Desktop/buf/install/serial_reciver/lib/python3.8/site-packages/serial_reciver/imu_receiver.py to imu_receiver.cpython-38.pyc
[1.021s] byte-compiling /home/ryung/Desktop/buf/install/serial_reciver/lib/python3.8/site-packages/serial_reciver/serial_reciver_node.py to serial_reciver_node.cpython-38.pyc
[1.022s] running install_data
[1.022s] running install_egg_info
[1.023s] removing '/home/ryung/Desktop/buf/install/serial_reciver/lib/python3.8/site-packages/serial_reciver-0.0.0-py3.8.egg-info' (and everything under it)
[1.023s] Copying ../../build/serial_reciver/serial_reciver.egg-info to /home/ryung/Desktop/buf/install/serial_reciver/lib/python3.8/site-packages/serial_reciver-0.0.0-py3.8.egg-info
[1.024s] running install_scripts
[1.034s] Installing serial_reciver_node script to /home/ryung/Desktop/buf/install/serial_reciver/lib/serial_reciver
[1.034s] writing list of installed files to '/home/ryung/Desktop/buf/build/serial_reciver/install.log'
[1.117s] Invoked command in '/home/ryung/Desktop/buf/src/serial_reciver' returned '0': PYTHONPATH=/home/ryung/Desktop/buf/build/serial_reciver/prefix_override:/home/ryung/Desktop/buf/install/serial_reciver/lib/python3.8/site-packages:${PYTHONPATH} /usr/bin/python3 setup.py egg_info --egg-base ../../build/serial_reciver build --build-base /home/ryung/Desktop/buf/build/serial_reciver/build install --record /home/ryung/Desktop/buf/build/serial_reciver/install.log --install-scripts $base/lib/serial_reciver --single-version-externally-managed
