[0.425s] Invoking command in '/home/ryung/Desktop/buf/build/controller': CMAKE_PREFIX_PATH=${CMAKE_PREFIX_PATH}:/home/ryung/Desktop/buf/install/serial_reciver:/home/ryung/Desktop/buf/install/odrive_controller:/home/ryung/Desktop/dubal_ws/install/two_wheel_demo:/home/ryung/Desktop/dubal_ws/install/serial_reciver:/home/ryung/Desktop/dubal_ws/install/odrive_driver:/home/ryung/Desktop/dubal_ws/install/eye_dubal:/opt/ros/foxy /usr/bin/cmake --build /home/ryung/Desktop/buf/build/controller -- -j16 -l16
[0.673s] -- Found ament_cmake: 0.9.12 (/opt/ros/foxy/share/ament_cmake/cmake)
[0.674s] -- Using PYTHON_EXECUTABLE: /usr/bin/python3
[0.674s] -- Found rclcpp: 2.4.3 (/opt/ros/foxy/share/rclcpp/cmake)
[0.674s] -- Using all available rosidl_typesupport_c: rosidl_typesupport_fastrtps_c;rosidl_typesupport_introspection_c
[0.674s] -- Found rosidl_adapter: 1.3.1 (/opt/ros/foxy/share/rosidl_adapter/cmake)
[0.675s] -- Using all available rosidl_typesupport_cpp: rosidl_typesupport_fastrtps_cpp;rosidl_typesupport_introspection_cpp
[0.712s] -- Found rmw_implementation_cmake: 1.0.4 (/opt/ros/foxy/share/rmw_implementation_cmake/cmake)
[0.713s] -- Using RMW implementation 'rmw_fastrtps_cpp' as default
[0.803s] -- Found sensor_msgs: 2.0.5 (/opt/ros/foxy/share/sensor_msgs/cmake)
[0.906s] -- Configuring done
[0.912s] -- Generating done
[0.912s] -- Build files have been written to: /home/ryung/Desktop/buf/build/controller
[0.937s] [100%] Built target controller_main
[0.944s] Invoked command in '/home/ryung/Desktop/buf/build/controller' returned '0': CMAKE_PREFIX_PATH=${CMAKE_PREFIX_PATH}:/home/ryung/Desktop/buf/install/serial_reciver:/home/ryung/Desktop/buf/install/odrive_controller:/home/ryung/Desktop/dubal_ws/install/two_wheel_demo:/home/ryung/Desktop/dubal_ws/install/serial_reciver:/home/ryung/Desktop/dubal_ws/install/odrive_driver:/home/ryung/Desktop/dubal_ws/install/eye_dubal:/opt/ros/foxy /usr/bin/cmake --build /home/ryung/Desktop/buf/build/controller -- -j16 -l16
[0.962s] Invoking command in '/home/ryung/Desktop/buf/build/controller': CMAKE_PREFIX_PATH=${CMAKE_PREFIX_PATH}:/home/ryung/Desktop/buf/install/serial_reciver:/home/ryung/Desktop/buf/install/odrive_controller:/home/ryung/Desktop/dubal_ws/install/two_wheel_demo:/home/ryung/Desktop/dubal_ws/install/serial_reciver:/home/ryung/Desktop/dubal_ws/install/odrive_driver:/home/ryung/Desktop/dubal_ws/install/eye_dubal:/opt/ros/foxy /usr/bin/cmake --install /home/ryung/Desktop/buf/build/controller
[0.966s] -- Install configuration: ""
[0.966s] -- Up-to-date: /home/ryung/Desktop/buf/install/controller/lib/controller/controller_main
[0.966s] -- Up-to-date: /home/ryung/Desktop/buf/install/controller/share/controller/
[0.966s] -- Installing: /home/ryung/Desktop/buf/install/controller/share/controller//dubal_no_eye.py
[0.966s] -- Up-to-date: /home/ryung/Desktop/buf/install/controller/share/ament_index/resource_index/package_run_dependencies/controller
[0.966s] -- Up-to-date: /home/ryung/Desktop/buf/install/controller/share/ament_index/resource_index/parent_prefix_path/controller
[0.966s] -- Up-to-date: /home/ryung/Desktop/buf/install/controller/share/controller/environment/ament_prefix_path.sh
[0.966s] -- Installing: /home/ryung/Desktop/buf/install/controller/share/controller/environment/ament_prefix_path.dsv
[0.966s] -- Up-to-date: /home/ryung/Desktop/buf/install/controller/share/controller/environment/path.sh
[0.967s] -- Installing: /home/ryung/Desktop/buf/install/controller/share/controller/environment/path.dsv
[0.967s] -- Up-to-date: /home/ryung/Desktop/buf/install/controller/share/controller/local_setup.bash
[0.967s] -- Up-to-date: /home/ryung/Desktop/buf/install/controller/share/controller/local_setup.sh
[0.967s] -- Up-to-date: /home/ryung/Desktop/buf/install/controller/share/controller/local_setup.zsh
[0.967s] -- Installing: /home/ryung/Desktop/buf/install/controller/share/controller/local_setup.dsv
[0.967s] -- Installing: /home/ryung/Desktop/buf/install/controller/share/controller/package.dsv
[0.967s] -- Up-to-date: /home/ryung/Desktop/buf/install/controller/share/ament_index/resource_index/packages/controller
[0.967s] -- Up-to-date: /home/ryung/Desktop/buf/install/controller/share/controller/cmake/controllerConfig.cmake
[0.967s] -- Up-to-date: /home/ryung/Desktop/buf/install/controller/share/controller/cmake/controllerConfig-version.cmake
[0.967s] -- Up-to-date: /home/ryung/Desktop/buf/install/controller/share/controller/package.xml
[0.968s] Invoked command in '/home/ryung/Desktop/buf/build/controller' returned '0': CMAKE_PREFIX_PATH=${CMAKE_PREFIX_PATH}:/home/ryung/Desktop/buf/install/serial_reciver:/home/ryung/Desktop/buf/install/odrive_controller:/home/ryung/Desktop/dubal_ws/install/two_wheel_demo:/home/ryung/Desktop/dubal_ws/install/serial_reciver:/home/ryung/Desktop/dubal_ws/install/odrive_driver:/home/ryung/Desktop/dubal_ws/install/eye_dubal:/opt/ros/foxy /usr/bin/cmake --install /home/ryung/Desktop/buf/build/controller
