[0.951s] Invoking command in '/home/ryung/Desktop/buf/src/serial_reciver': PYTHONPATH=/home/ryung/Desktop/buf/build/serial_reciver/prefix_override:/home/ryung/Desktop/buf/install/serial_reciver/lib/python3.8/site-packages:${PYTHONPATH} /usr/bin/python3 setup.py egg_info --egg-base ../../build/serial_reciver build --build-base /home/ryung/Desktop/buf/build/serial_reciver/build install --record /home/ryung/Desktop/buf/build/serial_reciver/install.log --install-scripts $base/lib/serial_reciver --single-version-externally-managed
[1.065s] running egg_info
[1.065s] writing ../../build/serial_reciver/serial_reciver.egg-info/PKG-INFO
[1.066s] writing dependency_links to ../../build/serial_reciver/serial_reciver.egg-info/dependency_links.txt
[1.066s] writing entry points to ../../build/serial_reciver/serial_reciver.egg-info/entry_points.txt
[1.066s] writing requirements to ../../build/serial_reciver/serial_reciver.egg-info/requires.txt
[1.066s] writing top-level names to ../../build/serial_reciver/serial_reciver.egg-info/top_level.txt
[1.086s] reading manifest file '../../build/serial_reciver/serial_reciver.egg-info/SOURCES.txt'
[1.086s] writing manifest file '../../build/serial_reciver/serial_reciver.egg-info/SOURCES.txt'
[1.086s] running build
[1.086s] running build_py
[1.087s] copying serial_reciver/teensy_receiver.py -> /home/ryung/Desktop/buf/build/serial_reciver/build/lib/serial_reciver
[1.087s] copying serial_reciver/SerialHandler.py -> /home/ryung/Desktop/buf/build/serial_reciver/build/lib/serial_reciver
[1.087s] copying serial_reciver/imu_receiver.py -> /home/ryung/Desktop/buf/build/serial_reciver/build/lib/serial_reciver
[1.087s] copying serial_reciver/serial_reciver_node.py -> /home/ryung/Desktop/buf/build/serial_reciver/build/lib/serial_reciver
[1.087s] running install
[1.087s] running install_lib
[1.088s] copying /home/ryung/Desktop/buf/build/serial_reciver/build/lib/serial_reciver/teensy_receiver.py -> /home/ryung/Desktop/buf/install/serial_reciver/lib/python3.8/site-packages/serial_reciver
[1.088s] copying /home/ryung/Desktop/buf/build/serial_reciver/build/lib/serial_reciver/SerialHandler.py -> /home/ryung/Desktop/buf/install/serial_reciver/lib/python3.8/site-packages/serial_reciver
[1.088s] copying /home/ryung/Desktop/buf/build/serial_reciver/build/lib/serial_reciver/imu_receiver.py -> /home/ryung/Desktop/buf/install/serial_reciver/lib/python3.8/site-packages/serial_reciver
[1.088s] copying /home/ryung/Desktop/buf/build/serial_reciver/build/lib/serial_reciver/serial_reciver_node.py -> /home/ryung/Desktop/buf/install/serial_reciver/lib/python3.8/site-packages/serial_reciver
[1.088s] byte-compiling /home/ryung/Desktop/buf/install/serial_reciver/lib/python3.8/site-packages/serial_reciver/teensy_receiver.py to teensy_receiver.cpython-38.pyc
[1.089s] byte-compiling /home/ryung/Desktop/buf/install/serial_reciver/lib/python3.8/site-packages/serial_reciver/SerialHandler.py to SerialHandler.cpython-38.pyc
[1.090s] byte-compiling /home/ryung/Desktop/buf/install/serial_reciver/lib/python3.8/site-packages/serial_reciver/imu_receiver.py to imu_receiver.cpython-38.pyc
[1.090s] byte-compiling /home/ryung/Desktop/buf/install/serial_reciver/lib/python3.8/site-packages/serial_reciver/serial_reciver_node.py to serial_reciver_node.cpython-38.pyc
[1.090s] running install_data
[1.091s] running install_egg_info
[1.092s] removing '/home/ryung/Desktop/buf/install/serial_reciver/lib/python3.8/site-packages/serial_reciver-0.0.0-py3.8.egg-info' (and everything under it)
[1.092s] Copying ../../build/serial_reciver/serial_reciver.egg-info to /home/ryung/Desktop/buf/install/serial_reciver/lib/python3.8/site-packages/serial_reciver-0.0.0-py3.8.egg-info
[1.092s] running install_scripts
[1.102s] Installing serial_reciver_node script to /home/ryung/Desktop/buf/install/serial_reciver/lib/serial_reciver
[1.102s] writing list of installed files to '/home/ryung/Desktop/buf/build/serial_reciver/install.log'
[1.178s] Invoked command in '/home/ryung/Desktop/buf/src/serial_reciver' returned '0': PYTHONPATH=/home/ryung/Desktop/buf/build/serial_reciver/prefix_override:/home/ryung/Desktop/buf/install/serial_reciver/lib/python3.8/site-packages:${PYTHONPATH} /usr/bin/python3 setup.py egg_info --egg-base ../../build/serial_reciver build --build-base /home/ryung/Desktop/buf/build/serial_reciver/build install --record /home/ryung/Desktop/buf/build/serial_reciver/install.log --install-scripts $base/lib/serial_reciver --single-version-externally-managed
