/home/ryung/Desktop/dubal_ws/install/serial_reciver/lib/python3.8/site-packages/serial_reciver/__init__.py
/home/ryung/Desktop/dubal_ws/install/serial_reciver/lib/python3.8/site-packages/serial_reciver/teensy_receiver.py
/home/ryung/Desktop/dubal_ws/install/serial_reciver/lib/python3.8/site-packages/serial_reciver/SerialHandler.py
/home/ryung/Desktop/dubal_ws/install/serial_reciver/lib/python3.8/site-packages/serial_reciver/imu_receiver.py
/home/ryung/Desktop/dubal_ws/install/serial_reciver/lib/python3.8/site-packages/serial_reciver/serial_reciver_node.py
/home/ryung/Desktop/dubal_ws/install/serial_reciver/lib/python3.8/site-packages/serial_reciver/__pycache__/__init__.cpython-38.pyc
/home/ryung/Desktop/dubal_ws/install/serial_reciver/lib/python3.8/site-packages/serial_reciver/__pycache__/teensy_receiver.cpython-38.pyc
/home/ryung/Desktop/dubal_ws/install/serial_reciver/lib/python3.8/site-packages/serial_reciver/__pycache__/SerialHandler.cpython-38.pyc
/home/ryung/Desktop/dubal_ws/install/serial_reciver/lib/python3.8/site-packages/serial_reciver/__pycache__/imu_receiver.cpython-38.pyc
/home/ryung/Desktop/dubal_ws/install/serial_reciver/lib/python3.8/site-packages/serial_reciver/__pycache__/serial_reciver_node.cpython-38.pyc
/home/ryung/Desktop/dubal_ws/install/serial_reciver/share/ament_index/resource_index/packages/serial_reciver
/home/ryung/Desktop/dubal_ws/install/serial_reciver/share/serial_reciver/package.xml
/home/ryung/Desktop/dubal_ws/install/serial_reciver/lib/python3.8/site-packages/serial_reciver-0.0.0-py3.8.egg-info/zip-safe
/home/ryung/Desktop/dubal_ws/install/serial_reciver/lib/python3.8/site-packages/serial_reciver-0.0.0-py3.8.egg-info/SOURCES.txt
/home/ryung/Desktop/dubal_ws/install/serial_reciver/lib/python3.8/site-packages/serial_reciver-0.0.0-py3.8.egg-info/requires.txt
/home/ryung/Desktop/dubal_ws/install/serial_reciver/lib/python3.8/site-packages/serial_reciver-0.0.0-py3.8.egg-info/dependency_links.txt
/home/ryung/Desktop/dubal_ws/install/serial_reciver/lib/python3.8/site-packages/serial_reciver-0.0.0-py3.8.egg-info/top_level.txt
/home/ryung/Desktop/dubal_ws/install/serial_reciver/lib/python3.8/site-packages/serial_reciver-0.0.0-py3.8.egg-info/PKG-INFO
/home/ryung/Desktop/dubal_ws/install/serial_reciver/lib/python3.8/site-packages/serial_reciver-0.0.0-py3.8.egg-info/entry_points.txt
/home/ryung/Desktop/dubal_ws/install/serial_reciver/lib/serial_reciver/serial_reciver_node
