[2.355s] Invoking command in '/home/ionia/Desktop/dubal_ws/src/odrive_controller': PYTHONPATH=/home/ionia/Desktop/dubal_ws/build/odrive_controller/prefix_override:/usr/lib/python3/dist-packages/colcon_core/task/python/colcon_distutils_commands:/home/ionia/Desktop/dubal_ws/install/odrive_controller/lib/python3.8/site-packages:${PYTHONPATH} /usr/bin/python3 -W ignore:setup.py install is deprecated setup.py egg_info --egg-base ../../build/odrive_controller build --build-base /home/ionia/Desktop/dubal_ws/build/odrive_controller/build install --record /home/ionia/Desktop/dubal_ws/build/odrive_controller/install.log --install-scripts $base/lib/odrive_controller --single-version-externally-managed install_data
[2.914s] running egg_info
[2.915s] writing ../../build/odrive_controller/odrive_controller.egg-info/PKG-INFO
[2.915s] writing dependency_links to ../../build/odrive_controller/odrive_controller.egg-info/dependency_links.txt
[2.915s] writing entry points to ../../build/odrive_controller/odrive_controller.egg-info/entry_points.txt
[2.915s] writing requirements to ../../build/odrive_controller/odrive_controller.egg-info/requires.txt
[2.915s] writing top-level names to ../../build/odrive_controller/odrive_controller.egg-info/top_level.txt
[3.004s] reading manifest file '../../build/odrive_controller/odrive_controller.egg-info/SOURCES.txt'
[3.010s] writing manifest file '../../build/odrive_controller/odrive_controller.egg-info/SOURCES.txt'
[3.011s] running build
[3.011s] running build_py
[3.011s] running install
[3.012s] running install_lib
[3.015s] running install_data
[3.015s] running install_egg_info
[3.018s] removing '/home/ionia/Desktop/dubal_ws/install/odrive_controller/lib/python3.8/site-packages/odrive_controller-0.0.0-py3.8.egg-info' (and everything under it)
[3.020s] Copying ../../build/odrive_controller/odrive_controller.egg-info to /home/ionia/Desktop/dubal_ws/install/odrive_controller/lib/python3.8/site-packages/odrive_controller-0.0.0-py3.8.egg-info
[3.023s] running install_scripts
[3.065s] Installing odrive_controller script to /home/ionia/Desktop/dubal_ws/install/odrive_controller/lib/odrive_controller
[3.066s] writing list of installed files to '/home/ionia/Desktop/dubal_ws/build/odrive_controller/install.log'
[3.115s] Invoked command in '/home/ionia/Desktop/dubal_ws/src/odrive_controller' returned '0': PYTHONPATH=/home/ionia/Desktop/dubal_ws/build/odrive_controller/prefix_override:/usr/lib/python3/dist-packages/colcon_core/task/python/colcon_distutils_commands:/home/ionia/Desktop/dubal_ws/install/odrive_controller/lib/python3.8/site-packages:${PYTHONPATH} /usr/bin/python3 -W ignore:setup.py install is deprecated setup.py egg_info --egg-base ../../build/odrive_controller build --build-base /home/ionia/Desktop/dubal_ws/build/odrive_controller/build install --record /home/ionia/Desktop/dubal_ws/build/odrive_controller/install.log --install-scripts $base/lib/odrive_controller --single-version-externally-managed install_data
