[1.020s] Invoking command in '/home/ryung/Desktop/buf/src/odrive_controller': PYTHONPATH=/home/ryung/Desktop/buf/build/odrive_controller/prefix_override:/home/ryung/Desktop/buf/install/odrive_controller/lib/python3.8/site-packages:${PYTHONPATH} /usr/bin/python3 setup.py egg_info --egg-base ../../build/odrive_controller build --build-base /home/ryung/Desktop/buf/build/odrive_controller/build install --record /home/ryung/Desktop/buf/build/odrive_controller/install.log --install-scripts $base/lib/odrive_controller --single-version-externally-managed
[1.128s] running egg_info
[1.129s] writing ../../build/odrive_controller/odrive_controller.egg-info/PKG-INFO
[1.129s] writing dependency_links to ../../build/odrive_controller/odrive_controller.egg-info/dependency_links.txt
[1.129s] writing entry points to ../../build/odrive_controller/odrive_controller.egg-info/entry_points.txt
[1.129s] writing requirements to ../../build/odrive_controller/odrive_controller.egg-info/requires.txt
[1.129s] writing top-level names to ../../build/odrive_controller/odrive_controller.egg-info/top_level.txt
[1.146s] reading manifest file '../../build/odrive_controller/odrive_controller.egg-info/SOURCES.txt'
[1.146s] writing manifest file '../../build/odrive_controller/odrive_controller.egg-info/SOURCES.txt'
[1.146s] running build
[1.146s] running build_py
[1.146s] running install
[1.147s] running install_lib
[1.147s] running install_data
[1.148s] running install_egg_info
[1.149s] removing '/home/ryung/Desktop/buf/install/odrive_controller/lib/python3.8/site-packages/odrive_controller-0.0.0-py3.8.egg-info' (and everything under it)
[1.149s] Copying ../../build/odrive_controller/odrive_controller.egg-info to /home/ryung/Desktop/buf/install/odrive_controller/lib/python3.8/site-packages/odrive_controller-0.0.0-py3.8.egg-info
[1.149s] running install_scripts
[1.158s] Installing odrive_controller script to /home/ryung/Desktop/buf/install/odrive_controller/lib/odrive_controller
[1.158s] writing list of installed files to '/home/ryung/Desktop/buf/build/odrive_controller/install.log'
[1.235s] Invoked command in '/home/ryung/Desktop/buf/src/odrive_controller' returned '0': PYTHONPATH=/home/ryung/Desktop/buf/build/odrive_controller/prefix_override:/home/ryung/Desktop/buf/install/odrive_controller/lib/python3.8/site-packages:${PYTHONPATH} /usr/bin/python3 setup.py egg_info --egg-base ../../build/odrive_controller build --build-base /home/ryung/Desktop/buf/build/odrive_controller/build install --record /home/ryung/Desktop/buf/build/odrive_controller/install.log --install-scripts $base/lib/odrive_controller --single-version-externally-managed
