running egg_info
creating ../../build/odrive_controller/odrive_controller.egg-info
writing ../../build/odrive_controller/odrive_controller.egg-info/PKG-INFO
writing dependency_links to ../../build/odrive_controller/odrive_controller.egg-info/dependency_links.txt
writing entry points to ../../build/odrive_controller/odrive_controller.egg-info/entry_points.txt
writing requirements to ../../build/odrive_controller/odrive_controller.egg-info/requires.txt
writing top-level names to ../../build/odrive_controller/odrive_controller.egg-info/top_level.txt
writing manifest file '../../build/odrive_controller/odrive_controller.egg-info/SOURCES.txt'
reading manifest file '../../build/odrive_controller/odrive_controller.egg-info/SOURCES.txt'
writing manifest file '../../build/odrive_controller/odrive_controller.egg-info/SOURCES.txt'
running build
running build_py
creating /home/ionia/Desktop/dubal_ws/build/odrive_controller/build
creating /home/ionia/Desktop/dubal_ws/build/odrive_controller/build/lib
creating /home/ionia/Desktop/dubal_ws/build/odrive_controller/build/lib/odrive_controller
copying odrive_controller/__init__.py -> /home/ionia/Desktop/dubal_ws/build/odrive_controller/build/lib/odrive_controller
running install
running install_lib
creating /home/ionia/Desktop/dubal_ws/install/odrive_controller/lib/python3.8/site-packages/odrive_controller
copying /home/ionia/Desktop/dubal_ws/build/odrive_controller/build/lib/odrive_controller/__init__.py -> /home/ionia/Desktop/dubal_ws/install/odrive_controller/lib/python3.8/site-packages/odrive_controller
byte-compiling /home/ionia/Desktop/dubal_ws/install/odrive_controller/lib/python3.8/site-packages/odrive_controller/__init__.py to __init__.cpython-38.pyc
running install_data
creating /home/ionia/Desktop/dubal_ws/install/odrive_controller/share/ament_index
creating /home/ionia/Desktop/dubal_ws/install/odrive_controller/share/ament_index/resource_index
creating /home/ionia/Desktop/dubal_ws/install/odrive_controller/share/ament_index/resource_index/packages
copying resource/odrive_controller -> /home/ionia/Desktop/dubal_ws/install/odrive_controller/share/ament_index/resource_index/packages
copying package.xml -> /home/ionia/Desktop/dubal_ws/install/odrive_controller/share/odrive_controller
running install_egg_info
Copying ../../build/odrive_controller/odrive_controller.egg-info to /home/ionia/Desktop/dubal_ws/install/odrive_controller/lib/python3.8/site-packages/odrive_controller-0.0.0-py3.8.egg-info
running install_scripts
writing list of installed files to '/home/ionia/Desktop/dubal_ws/build/odrive_controller/install.log'
