[0.048s] Invoking command in '/home/ionia/Desktop/dubal_ws/build/controller': CMAKE_PREFIX_PATH=/opt/ros/foxy CONDA_PROMPT_MODIFIER=(base) /usr/bin/cmake /home/ionia/Desktop/dubal_ws/src/controller -DCMAKE_INSTALL_PREFIX=/home/ionia/Desktop/dubal_ws/install/controller
[0.540s] -- Found ament_cmake: 0.9.12 (/opt/ros/foxy/share/ament_cmake/cmake)
[0.540s] -- Using PYTHON_EXECUTABLE: /home/ionia/anaconda3/bin/python3
[0.541s] -- Found rclcpp: 2.4.3 (/opt/ros/foxy/share/rclcpp/cmake)
[0.543s] -- Using all available rosidl_typesupport_c: rosidl_typesupport_fastrtps_c;rosidl_typesupport_introspection_c
[0.544s] -- Found rosidl_adapter: 1.3.1 (/opt/ros/foxy/share/rosidl_adapter/cmake)
[0.724s] -- Using all available rosidl_typesupport_cpp: rosidl_typesupport_fastrtps_cpp;rosidl_typesupport_introspection_cpp
[0.820s] -- Found rmw_implementation_cmake: 1.0.4 (/opt/ros/foxy/share/rmw_implementation_cmake/cmake)
[0.822s] -- Using RMW implementation 'rmw_fastrtps_cpp' as default
[1.136s] -- Found sensor_msgs: 2.0.5 (/opt/ros/foxy/share/sensor_msgs/cmake)
[1.684s] -- Configuring done
[1.687s] CMake Error at CMakeLists.txt:8 (add_executable):
[1.687s]   Cannot find source file:
[1.687s] 
[1.688s]     src/main_controller.c++
[1.688s] 
[1.688s]   Tried extensions .c .C .c++ .cc .cpp .cxx .cu .m .M .mm .h .hh .h++ .hm
[1.689s]   .hpp .hxx .in .txx
[1.689s] 
[1.689s] 
[1.692s] CMake Error at CMakeLists.txt:8 (add_executable):
[1.693s]   No SOURCES given to target: controller_main
[1.693s] 
[1.693s] 
[1.694s] CMake Generate step failed.  Build files cannot be regenerated correctly.
[1.724s] Invoked command in '/home/ionia/Desktop/dubal_ws/build/controller' returned '1': CMAKE_PREFIX_PATH=/opt/ros/foxy CONDA_PROMPT_MODIFIER=(base) /usr/bin/cmake /home/ionia/Desktop/dubal_ws/src/controller -DCMAKE_INSTALL_PREFIX=/home/ionia/Desktop/dubal_ws/install/controller
