[0.872s] Invoking command in '/home/ryung/Desktop/buf/src/serial_reciver': PYTHONPATH=/home/ryung/Desktop/buf/build/serial_reciver/prefix_override:/home/ryung/Desktop/buf/install/serial_reciver/lib/python3.8/site-packages:${PYTHONPATH} /usr/bin/python3 setup.py egg_info --egg-base ../../build/serial_reciver build --build-base /home/ryung/Desktop/buf/build/serial_reciver/build install --record /home/ryung/Desktop/buf/build/serial_reciver/install.log --install-scripts $base/lib/serial_reciver --single-version-externally-managed
[0.982s] running egg_info
[0.983s] writing ../../build/serial_reciver/serial_reciver.egg-info/PKG-INFO
[0.983s] writing dependency_links to ../../build/serial_reciver/serial_reciver.egg-info/dependency_links.txt
[0.983s] writing entry points to ../../build/serial_reciver/serial_reciver.egg-info/entry_points.txt
[0.983s] writing requirements to ../../build/serial_reciver/serial_reciver.egg-info/requires.txt
[0.983s] writing top-level names to ../../build/serial_reciver/serial_reciver.egg-info/top_level.txt
[1.000s] reading manifest file '../../build/serial_reciver/serial_reciver.egg-info/SOURCES.txt'
[1.001s] writing manifest file '../../build/serial_reciver/serial_reciver.egg-info/SOURCES.txt'
[1.001s] running build
[1.001s] running build_py
[1.001s] running install
[1.001s] running install_lib
[1.002s] running install_data
[1.002s] running install_egg_info
[1.003s] removing '/home/ryung/Desktop/buf/install/serial_reciver/lib/python3.8/site-packages/serial_reciver-0.0.0-py3.8.egg-info' (and everything under it)
[1.003s] Copying ../../build/serial_reciver/serial_reciver.egg-info to /home/ryung/Desktop/buf/install/serial_reciver/lib/python3.8/site-packages/serial_reciver-0.0.0-py3.8.egg-info
[1.004s] running install_scripts
[1.013s] Installing serial_reciver_node script to /home/ryung/Desktop/buf/install/serial_reciver/lib/serial_reciver
[1.013s] writing list of installed files to '/home/ryung/Desktop/buf/build/serial_reciver/install.log'
[1.025s] Invoked command in '/home/ryung/Desktop/buf/src/serial_reciver' returned '0': PYTHONPATH=/home/ryung/Desktop/buf/build/serial_reciver/prefix_override:/home/ryung/Desktop/buf/install/serial_reciver/lib/python3.8/site-packages:${PYTHONPATH} /usr/bin/python3 setup.py egg_info --egg-base ../../build/serial_reciver build --build-base /home/ryung/Desktop/buf/build/serial_reciver/build install --record /home/ryung/Desktop/buf/build/serial_reciver/install.log --install-scripts $base/lib/serial_reciver --single-version-externally-managed
