In file included from [01m[K/home/ryung/Desktop/buf/src/controller/src/controller_main.cpp:5[m[K:
[01m[K/home/ryung/Desktop/buf/src/controller/include/controller_main.h:28:1:[m[K [01;31m[Kerror: [m[K‘[01m[KKp[m[K’ does not name a type
   28 | [01;31m[KKp[m[K = {0.0, 0.0, 0.0, 0.0};
      | [01;31m[K^~[m[K
[01m[K/home/ryung/Desktop/buf/src/controller/include/controller_main.h:29:1:[m[K [01;31m[Kerror: [m[K‘[01m[KKd[m[K’ does not name a type
   29 | [01;31m[KKd[m[K = {0.0, 0.0, 0.0, 0.0};
      | [01;31m[K^~[m[K
[01m[K/home/ryung/Desktop/buf/src/controller/include/controller_main.h:30:1:[m[K [01;31m[Kerror: [m[K‘[01m[KKi[m[K’ does not name a type
   30 | [01;31m[KKi[m[K = {0.0, 0.0, 0.0, 0.0};
      | [01;31m[K^~[m[K
In file included from [01m[K/home/ryung/Desktop/buf/src/controller/src/controller_main.cpp:6[m[K:
[01m[K/home/ryung/Desktop/buf/src/controller/include/controller_main_function.h:[m[K In function ‘[01m[Kvoid sbus_callback(sensor_msgs::msg::JointState_<std::allocator<void> >::SharedPtr)[m[K’:
[01m[K/home/ryung/Desktop/buf/src/controller/include/controller_main_function.h:54:20:[m[K [01;31m[Kerror: [m[K‘[01m[KConnect_state[m[K’ was not declared in this scope; did you mean ‘[01m[KConnect_stae[m[K’?
   54 |     if(ref[3]>0.4) [01;31m[KConnect_state[m[K=true;
      |                    [01;31m[K^~~~~~~~~~~~~[m[K
      |                    [32m[KConnect_stae[m[K
[01m[K/home/ryung/Desktop/buf/src/controller/include/controller_main_function.h:55:10:[m[K [01;31m[Kerror: [m[K‘[01m[KConnect_state[m[K’ was not declared in this scope; did you mean ‘[01m[KConnect_stae[m[K’?
   55 |     else [01;31m[KConnect_state[m[K=false;
      |          [01;31m[K^~~~~~~~~~~~~[m[K
      |          [32m[KConnect_stae[m[K
[01m[K/home/ryung/Desktop/buf/src/controller/include/controller_main_function.h:59:20:[m[K [01;31m[Kerror: [m[K‘[01m[KKill_state[m[K’ was not declared in this scope; did you mean ‘[01m[KKill_stae[m[K’?
   59 |     if(ref[4]>0.4) [01;31m[KKill_state[m[K=true;
      |                    [01;31m[K^~~~~~~~~~[m[K
      |                    [32m[KKill_stae[m[K
[01m[K/home/ryung/Desktop/buf/src/controller/include/controller_main_function.h:60:10:[m[K [01;31m[Kerror: [m[K‘[01m[KKill_state[m[K’ was not declared in this scope; did you mean ‘[01m[KKill_stae[m[K’?
   60 |     else [01;31m[KKill_state[m[K=false;
      |          [01;31m[K^~~~~~~~~~[m[K
      |          [32m[KKill_stae[m[K
[01m[K/home/ryung/Desktop/buf/src/controller/include/controller_main_function.h:[m[K In function ‘[01m[Kfloat computePID(float, float, float, int)[m[K’:
[01m[K/home/ryung/Desktop/buf/src/controller/include/controller_main_function.h:101:15:[m[K [01;31m[Kerror: [m[K‘[01m[KKp[m[K’ was not declared in this scope
  101 |     float P = [01;31m[KKp[m[K[PID_case] * error;
      |               [01;31m[K^~[m[K
[01m[K/home/ryung/Desktop/buf/src/controller/include/controller_main_function.h:104:20:[m[K [01;31m[Kerror: [m[K‘[01m[KKi[m[K’ was not declared in this scope
  104 |     I[PID_case] += [01;31m[KKi[m[K[PID_case] * error * dt;
      |                    [01;31m[K^~[m[K
[01m[K/home/ryung/Desktop/buf/src/controller/include/controller_main_function.h:109:45:[m[K [01;31m[Kerror: [m[K‘[01m[KKd[m[K’ was not declared in this scope
  109 |     D[PID_case] = lowpassfilter(D[PID_case],[01;31m[KKd[m[K[PID_case]*(0-vel),0.1);
      |                                             [01;31m[K^~[m[K
[01m[K/home/ryung/Desktop/buf/src/controller/src/controller_main.cpp:[m[K In function ‘[01m[Kint main(int, char**)[m[K’:
[01m[K/home/ryung/Desktop/buf/src/controller/src/controller_main.cpp:20:10:[m[K [01;31m[Kerror: [m[Kconflicting declaration ‘[01m[Kauto sbus_subscription[m[K’
   20 |     auto [01;31m[Ksbus_subscription[m[K = node->create_subscription<sensor_msgs::msg::JointState>("gps_data", 10, gps_callback);
      |          [01;31m[K^~~~~~~~~~~~~~~~~[m[K
[01m[K/home/ryung/Desktop/buf/src/controller/src/controller_main.cpp:19:10:[m[K [01;36m[Knote: [m[Kprevious declaration as ‘[01m[Kstd::shared_ptr<rclcpp::Subscription<sensor_msgs::msg::JointState_<std::allocator<void> >, std::allocator<void>, rclcpp::message_memory_strategy::MessageMemoryStrategy<sensor_msgs::msg::JointState_<std::allocator<void> >, std::allocator<void> > > > sbus_subscription[m[K’
   19 |     auto [01;36m[Ksbus_subscription[m[K = node->create_subscription<sensor_msgs::msg::JointState>("sbus_data", 10, sbus_callback);
      |          [01;36m[K^~~~~~~~~~~~~~~~~[m[K
[01m[K/home/ryung/Desktop/buf/src/controller/src/controller_main.cpp:24:5:[m[K [01;31m[Kerror: [m[K‘[01m[Kodrive_msg_0[m[K’ was not declared in this scope
   24 |     [01;31m[Kodrive_msg_0[m[K.data.resize(1);
      |     [01;31m[K^~~~~~~~~~~~[m[K
make[2]: *** [CMakeFiles/controller_main.dir/build.make:63: CMakeFiles/controller_main.dir/src/controller_main.cpp.o] Error 1
make[1]: *** [CMakeFiles/Makefile2:78: CMakeFiles/controller_main.dir/all] Error 2
make: *** [Makefile:141: all] Error 2
