[0.054s] Invoking command in '/home/ionia/Desktop/dubal_ws/build/controller': CMAKE_PREFIX_PATH=/opt/ros/foxy CONDA_PROMPT_MODIFIER=(base) /usr/bin/cmake /home/ionia/Desktop/dubal_ws/src/controller -DCMAKE_INSTALL_PREFIX=/home/ionia/Desktop/dubal_ws/install/controller
[0.847s] -- Found ament_cmake: 0.9.12 (/opt/ros/foxy/share/ament_cmake/cmake)
[0.848s] -- Using PYTHON_EXECUTABLE: /home/ionia/anaconda3/bin/python3
[0.851s] -- Found rclcpp: 2.4.3 (/opt/ros/foxy/share/rclcpp/cmake)
[0.851s] -- Using all available rosidl_typesupport_c: rosidl_typesupport_fastrtps_c;rosidl_typesupport_introspection_c
[0.852s] -- Found rosidl_adapter: 1.3.1 (/opt/ros/foxy/share/rosidl_adapter/cmake)
[0.852s] -- Using all available rosidl_typesupport_cpp: rosidl_typesupport_fastrtps_cpp;rosidl_typesupport_introspection_cpp
[0.875s] -- Found rmw_implementation_cmake: 1.0.4 (/opt/ros/foxy/share/rmw_implementation_cmake/cmake)
[0.878s] -- Using RMW implementation 'rmw_fastrtps_cpp' as default
[1.215s] -- Found sensor_msgs: 2.0.5 (/opt/ros/foxy/share/sensor_msgs/cmake)
[1.501s] Traceback (most recent call last):
[1.501s]   File "/opt/ros/foxy/share/ament_cmake_core/cmake/core/package_xml_2_cmake.py", line 21, in <module>
[1.502s]     from catkin_pkg.package import parse_package_string
[1.502s] ModuleNotFoundError: No module named 'catkin_pkg'
[1.511s] CMake Error at /opt/ros/foxy/share/ament_cmake_core/cmake/core/ament_package_xml.cmake:94 (message):
[1.511s]   execute_process(/home/ionia/anaconda3/bin/python3
[1.511s]   /opt/ros/foxy/share/ament_cmake_core/cmake/core/package_xml_2_cmake.py
[1.512s]   /home/ionia/Desktop/dubal_ws/src/controller/package.xml
[1.512s]   /home/ionia/Desktop/dubal_ws/build/controller/ament_cmake_core/package.cmake)
[1.512s]   returned error code 1
[1.512s] Call Stack (most recent call first):
[1.512s]   /opt/ros/foxy/share/ament_cmake_core/cmake/core/ament_package_xml.cmake:49 (_ament_package_xml)
[1.512s]   /opt/ros/foxy/share/ament_cmake_core/cmake/core/ament_package.cmake:63 (ament_package_xml)
[1.512s]   CMakeLists.txt:16 (ament_package)
[1.512s] 
[1.513s] 
[1.515s] -- Configuring incomplete, errors occurred!
[1.515s] See also "/home/ionia/Desktop/dubal_ws/build/controller/CMakeFiles/CMakeOutput.log".
[1.515s] See also "/home/ionia/Desktop/dubal_ws/build/controller/CMakeFiles/CMakeError.log".
[1.532s] Invoked command in '/home/ionia/Desktop/dubal_ws/build/controller' returned '1': CMAKE_PREFIX_PATH=/opt/ros/foxy CONDA_PROMPT_MODIFIER=(base) /usr/bin/cmake /home/ionia/Desktop/dubal_ws/src/controller -DCMAKE_INSTALL_PREFIX=/home/ionia/Desktop/dubal_ws/install/controller
