[0.091s] Invoking command in '/home/ionia/Desktop/dubal_ws/build/controller': CMAKE_PREFIX_PATH=${CMAKE_PREFIX_PATH}:/home/ionia/Desktop/dubal_ws/install/serial_reciver:/home/ionia/Desktop/dubal_ws/install/odrive_controller:/opt/ros/foxy /usr/bin/cmake --build /home/ionia/Desktop/dubal_ws/build/controller -- -j4 -l4
[1.332s] [35m[1mScanning dependencies of target controller_main[0m
[1.334s] [ 50%] [32mBuilding CXX object CMakeFiles/controller_main.dir/src/controller_main.cpp.o[0m
[12.695s] [100%] [32m[1mLinking CXX executable controller_main[0m
[13.274s] [100%] Built target controller_main
[13.294s] Invoked command in '/home/ionia/Desktop/dubal_ws/build/controller' returned '0': CMAKE_PREFIX_PATH=${CMAKE_PREFIX_PATH}:/home/ionia/Desktop/dubal_ws/install/serial_reciver:/home/ionia/Desktop/dubal_ws/install/odrive_controller:/opt/ros/foxy /usr/bin/cmake --build /home/ionia/Desktop/dubal_ws/build/controller -- -j4 -l4
[13.360s] Invoking command in '/home/ionia/Desktop/dubal_ws/build/controller': CMAKE_PREFIX_PATH=${CMAKE_PREFIX_PATH}:/home/ionia/Desktop/dubal_ws/install/serial_reciver:/home/ionia/Desktop/dubal_ws/install/odrive_controller:/opt/ros/foxy /usr/bin/cmake --install /home/ionia/Desktop/dubal_ws/build/controller
[13.374s] -- Install configuration: ""
[13.375s] -- Installing: /home/ionia/Desktop/dubal_ws/install/controller/lib/controller/controller_main
[13.380s] -- Set runtime path of "/home/ionia/Desktop/dubal_ws/install/controller/lib/controller/controller_main" to ""
[13.380s] -- Up-to-date: /home/ionia/Desktop/dubal_ws/install/controller/share/ament_index/resource_index/package_run_dependencies/controller
[13.381s] -- Up-to-date: /home/ionia/Desktop/dubal_ws/install/controller/share/ament_index/resource_index/parent_prefix_path/controller
[13.381s] -- Up-to-date: /home/ionia/Desktop/dubal_ws/install/controller/share/controller/environment/ament_prefix_path.sh
[13.381s] -- Up-to-date: /home/ionia/Desktop/dubal_ws/install/controller/share/controller/environment/ament_prefix_path.dsv
[13.382s] -- Up-to-date: /home/ionia/Desktop/dubal_ws/install/controller/share/controller/environment/path.sh
[13.382s] -- Up-to-date: /home/ionia/Desktop/dubal_ws/install/controller/share/controller/environment/path.dsv
[13.382s] -- Up-to-date: /home/ionia/Desktop/dubal_ws/install/controller/share/controller/local_setup.bash
[13.382s] -- Up-to-date: /home/ionia/Desktop/dubal_ws/install/controller/share/controller/local_setup.sh
[13.382s] -- Up-to-date: /home/ionia/Desktop/dubal_ws/install/controller/share/controller/local_setup.zsh
[13.383s] -- Up-to-date: /home/ionia/Desktop/dubal_ws/install/controller/share/controller/local_setup.dsv
[13.383s] -- Installing: /home/ionia/Desktop/dubal_ws/install/controller/share/controller/package.dsv
[13.383s] -- Up-to-date: /home/ionia/Desktop/dubal_ws/install/controller/share/ament_index/resource_index/packages/controller
[13.383s] -- Up-to-date: /home/ionia/Desktop/dubal_ws/install/controller/share/controller/cmake/controllerConfig.cmake
[13.383s] -- Up-to-date: /home/ionia/Desktop/dubal_ws/install/controller/share/controller/cmake/controllerConfig-version.cmake
[13.383s] -- Up-to-date: /home/ionia/Desktop/dubal_ws/install/controller/share/controller/package.xml
[13.388s] Invoked command in '/home/ionia/Desktop/dubal_ws/build/controller' returned '0': CMAKE_PREFIX_PATH=${CMAKE_PREFIX_PATH}:/home/ionia/Desktop/dubal_ws/install/serial_reciver:/home/ionia/Desktop/dubal_ws/install/odrive_controller:/opt/ros/foxy /usr/bin/cmake --install /home/ionia/Desktop/dubal_ws/build/controller
