[4.967s] Invoking command in '/home/ionia/Desktop/dubal_ws/src/odrive_controller': PYTHONPATH=/home/ionia/Desktop/dubal_ws/build/odrive_controller/prefix_override:/usr/lib/python3/dist-packages/colcon_core/task/python/colcon_distutils_commands:/home/ionia/Desktop/dubal_ws/install/odrive_controller/lib/python3.8/site-packages:${PYTHONPATH} /usr/bin/python3 -W ignore:setup.py install is deprecated setup.py egg_info --egg-base ../../build/odrive_controller build --build-base /home/ionia/Desktop/dubal_ws/build/odrive_controller/build install --record /home/ionia/Desktop/dubal_ws/build/odrive_controller/install.log --install-scripts $base/lib/odrive_controller --single-version-externally-managed install_data
[6.030s] running egg_info
[6.032s] writing ../../build/odrive_controller/odrive_controller.egg-info/PKG-INFO
[6.033s] writing dependency_links to ../../build/odrive_controller/odrive_controller.egg-info/dependency_links.txt
[6.034s] writing entry points to ../../build/odrive_controller/odrive_controller.egg-info/entry_points.txt
[6.035s] writing requirements to ../../build/odrive_controller/odrive_controller.egg-info/requires.txt
[6.035s] writing top-level names to ../../build/odrive_controller/odrive_controller.egg-info/top_level.txt
[6.198s] reading manifest file '../../build/odrive_controller/odrive_controller.egg-info/SOURCES.txt'
[6.212s] writing manifest file '../../build/odrive_controller/odrive_controller.egg-info/SOURCES.txt'
[6.214s] running build
[6.218s] running build_py
[6.221s] running install
[6.233s] running install_lib
[6.246s] running install_data
[6.247s] running install_egg_info
[6.261s] removing '/home/ionia/Desktop/dubal_ws/install/odrive_controller/lib/python3.8/site-packages/odrive_controller-0.0.0-py3.8.egg-info' (and everything under it)
[6.262s] Copying ../../build/odrive_controller/odrive_controller.egg-info to /home/ionia/Desktop/dubal_ws/install/odrive_controller/lib/python3.8/site-packages/odrive_controller-0.0.0-py3.8.egg-info
[6.264s] running install_scripts
[6.470s] Installing odrive_controller script to /home/ionia/Desktop/dubal_ws/install/odrive_controller/lib/odrive_controller
[6.470s] writing list of installed files to '/home/ionia/Desktop/dubal_ws/build/odrive_controller/install.log'
[6.683s] Invoked command in '/home/ionia/Desktop/dubal_ws/src/odrive_controller' returned '0': PYTHONPATH=/home/ionia/Desktop/dubal_ws/build/odrive_controller/prefix_override:/usr/lib/python3/dist-packages/colcon_core/task/python/colcon_distutils_commands:/home/ionia/Desktop/dubal_ws/install/odrive_controller/lib/python3.8/site-packages:${PYTHONPATH} /usr/bin/python3 -W ignore:setup.py install is deprecated setup.py egg_info --egg-base ../../build/odrive_controller build --build-base /home/ionia/Desktop/dubal_ws/build/odrive_controller/build install --record /home/ionia/Desktop/dubal_ws/build/odrive_controller/install.log --install-scripts $base/lib/odrive_controller --single-version-externally-managed install_data
