[0.072s] Invoking command in '/home/ionia/Desktop/dubal_ws/build/controller': CMAKE_PREFIX_PATH=${CMAKE_PREFIX_PATH}:/home/ionia/Desktop/dubal_ws/install/serial_reciver:/home/ionia/Desktop/dubal_ws/install/odrive_controller:/opt/ros/foxy /usr/bin/cmake --build /home/ionia/Desktop/dubal_ws/build/controller -- -j4 -l4
[1.117s] [ 50%] [32mBuilding CXX object CMakeFiles/controller_main.dir/src/controller_main.cpp.o[0m
[14.046s] [32m[1mLinking CXX executable controller_main[0m
[14.835s] Built target controller_main
[14.859s] Invoked command in '/home/ionia/Desktop/dubal_ws/build/controller' returned '0': CMAKE_PREFIX_PATH=${CMAKE_PREFIX_PATH}:/home/ionia/Desktop/dubal_ws/install/serial_reciver:/home/ionia/Desktop/dubal_ws/install/odrive_controller:/opt/ros/foxy /usr/bin/cmake --build /home/ionia/Desktop/dubal_ws/build/controller -- -j4 -l4
[14.913s] Invoking command in '/home/ionia/Desktop/dubal_ws/build/controller': CMAKE_PREFIX_PATH=${CMAKE_PREFIX_PATH}:/home/ionia/Desktop/dubal_ws/install/serial_reciver:/home/ionia/Desktop/dubal_ws/install/odrive_controller:/opt/ros/foxy /usr/bin/cmake --install /home/ionia/Desktop/dubal_ws/build/controller
[14.931s] -- Install configuration: ""
[14.932s] -- Installing: /home/ionia/Desktop/dubal_ws/install/controller/lib/controller/controller_main
[14.937s] -- Set runtime path of "/home/ionia/Desktop/dubal_ws/install/controller/lib/controller/controller_main" to ""
[14.938s] -- Up-to-date: /home/ionia/Desktop/dubal_ws/install/controller/share/ament_index/resource_index/package_run_dependencies/controller
[14.938s] -- Up-to-date: /home/ionia/Desktop/dubal_ws/install/controller/share/ament_index/resource_index/parent_prefix_path/controller
[14.938s] -- Up-to-date: /home/ionia/Desktop/dubal_ws/install/controller/share/controller/environment/ament_prefix_path.sh
[14.938s] -- Up-to-date: /home/ionia/Desktop/dubal_ws/install/controller/share/controller/environment/ament_prefix_path.dsv
[14.939s] -- Up-to-date: /home/ionia/Desktop/dubal_ws/install/controller/share/controller/environment/path.sh
[14.939s] -- Up-to-date: /home/ionia/Desktop/dubal_ws/install/controller/share/controller/environment/path.dsv
[14.939s] -- Up-to-date: /home/ionia/Desktop/dubal_ws/install/controller/share/controller/local_setup.bash
[14.939s] -- Up-to-date: /home/ionia/Desktop/dubal_ws/install/controller/share/controller/local_setup.sh
[14.939s] -- Up-to-date: /home/ionia/Desktop/dubal_ws/install/controller/share/controller/local_setup.zsh
[14.940s] -- Up-to-date: /home/ionia/Desktop/dubal_ws/install/controller/share/controller/local_setup.dsv
[14.940s] -- Installing: /home/ionia/Desktop/dubal_ws/install/controller/share/controller/package.dsv
[14.940s] -- Up-to-date: /home/ionia/Desktop/dubal_ws/install/controller/share/ament_index/resource_index/packages/controller
[14.940s] -- Up-to-date: /home/ionia/Desktop/dubal_ws/install/controller/share/controller/cmake/controllerConfig.cmake
[14.940s] -- Up-to-date: /home/ionia/Desktop/dubal_ws/install/controller/share/controller/cmake/controllerConfig-version.cmake
[14.941s] -- Up-to-date: /home/ionia/Desktop/dubal_ws/install/controller/share/controller/package.xml
[14.944s] Invoked command in '/home/ionia/Desktop/dubal_ws/build/controller' returned '0': CMAKE_PREFIX_PATH=${CMAKE_PREFIX_PATH}:/home/ionia/Desktop/dubal_ws/install/serial_reciver:/home/ionia/Desktop/dubal_ws/install/odrive_controller:/opt/ros/foxy /usr/bin/cmake --install /home/ionia/Desktop/dubal_ws/build/controller
