[01m[K/home/ryung/Desktop/buf/src/controller/src/controller_main.cpp:[m[K In function ‘[01m[Kvoid controller_main()[m[K’:
[01m[K/home/ryung/Desktop/buf/src/controller/src/controller_main.cpp:119:64:[m[K [01;31m[Kerror: [m[K‘[01m[KKp1[m[K’ was not declared in this scope
  119 |     float ref_theta_dot = computePID(ref[2], imu_theta, dt, 1, [01;31m[KKp1[m[K, Ki1, Kd1); //ref_theta
      |                                                                [01;31m[K^~~[m[K
[01m[K/home/ryung/Desktop/buf/src/controller/src/controller_main.cpp:119:69:[m[K [01;31m[Kerror: [m[K‘[01m[KKi1[m[K’ was not declared in this scope
  119 |     float ref_theta_dot = computePID(ref[2], imu_theta, dt, 1, Kp1, [01;31m[KKi1[m[K, Kd1); //ref_theta
      |                                                                     [01;31m[K^~~[m[K
[01m[K/home/ryung/Desktop/buf/src/controller/src/controller_main.cpp:119:74:[m[K [01;31m[Kerror: [m[K‘[01m[KKd1[m[K’ was not declared in this scope
  119 |     float ref_theta_dot = computePID(ref[2], imu_theta, dt, 1, Kp1, Ki1, [01;31m[KKd1[m[K); //ref_theta
      |                                                                          [01;31m[K^~~[m[K
[01m[K/home/ryung/Desktop/buf/src/controller/src/controller_main.cpp:122:69:[m[K [01;31m[Kerror: [m[K‘[01m[KKp2[m[K’ was not declared in this scope
  122 |     balancing_CMD = computePID(ref_theta_dot, imu_theta_dot, dt, 2, [01;31m[KKp2[m[K, Ki2, Kd2); //ref_theta_dot
      |                                                                     [01;31m[K^~~[m[K
[01m[K/home/ryung/Desktop/buf/src/controller/src/controller_main.cpp:122:74:[m[K [01;31m[Kerror: [m[K‘[01m[KKi2[m[K’ was not declared in this scope
  122 |     balancing_CMD = computePID(ref_theta_dot, imu_theta_dot, dt, 2, Kp2, [01;31m[KKi2[m[K, Kd2); //ref_theta_dot
      |                                                                          [01;31m[K^~~[m[K
[01m[K/home/ryung/Desktop/buf/src/controller/src/controller_main.cpp:122:79:[m[K [01;31m[Kerror: [m[K‘[01m[KKd2[m[K’ was not declared in this scope
  122 |     balancing_CMD = computePID(ref_theta_dot, imu_theta_dot, dt, 2, Kp2, Ki2, [01;31m[KKd2[m[K); //ref_theta_dot
      |                                                                               [01;31m[K^~~[m[K
[01m[K/home/ryung/Desktop/buf/src/controller/src/controller_main.cpp:125:58:[m[K [01;31m[Kerror: [m[K‘[01m[KKp3[m[K’ was not declared in this scope
  125 |     heading_CMD = computePID(ref[0], imu_psi_dot, dt, 3, [01;31m[KKp3[m[K, Ki3, Kd3);
      |                                                          [01;31m[K^~~[m[K
[01m[K/home/ryung/Desktop/buf/src/controller/src/controller_main.cpp:125:63:[m[K [01;31m[Kerror: [m[K‘[01m[KKi3[m[K’ was not declared in this scope
  125 |     heading_CMD = computePID(ref[0], imu_psi_dot, dt, 3, Kp3, [01;31m[KKi3[m[K, Kd3);
      |                                                               [01;31m[K^~~[m[K
[01m[K/home/ryung/Desktop/buf/src/controller/src/controller_main.cpp:125:68:[m[K [01;31m[Kerror: [m[K‘[01m[KKd3[m[K’ was not declared in this scope
  125 |     heading_CMD = computePID(ref[0], imu_psi_dot, dt, 3, Kp3, Ki3, [01;31m[KKd3[m[K);
      |                                                                    [01;31m[K^~~[m[K
[01m[K/home/ryung/Desktop/buf/src/controller/src/controller_main.cpp:[m[K In function ‘[01m[Kint main(int, char**)[m[K’:
[01m[K/home/ryung/Desktop/buf/src/controller/src/controller_main.cpp:161:5:[m[K [01;31m[Kerror: [m[K‘[01m[KKp0[m[K’ was not declared in this scope
  161 |     [01;31m[KKp0[m[K = node->get_parameter("Kp0").as_double();
      |     [01;31m[K^~~[m[K
[01m[K/home/ryung/Desktop/buf/src/controller/src/controller_main.cpp:162:5:[m[K [01;31m[Kerror: [m[K‘[01m[KKi0[m[K’ was not declared in this scope
  162 |     [01;31m[KKi0[m[K = node->get_parameter("Ki0").as_double();
      |     [01;31m[K^~~[m[K
[01m[K/home/ryung/Desktop/buf/src/controller/src/controller_main.cpp:163:5:[m[K [01;31m[Kerror: [m[K‘[01m[KKd0[m[K’ was not declared in this scope
  163 |     [01;31m[KKd0[m[K = node->get_parameter("Kd0").as_double();
      |     [01;31m[K^~~[m[K
[01m[K/home/ryung/Desktop/buf/src/controller/src/controller_main.cpp:164:5:[m[K [01;31m[Kerror: [m[K‘[01m[KKp1[m[K’ was not declared in this scope
  164 |     [01;31m[KKp1[m[K = node->get_parameter("Kp1").as_double();
      |     [01;31m[K^~~[m[K
[01m[K/home/ryung/Desktop/buf/src/controller/src/controller_main.cpp:165:5:[m[K [01;31m[Kerror: [m[K‘[01m[KKi1[m[K’ was not declared in this scope
  165 |     [01;31m[KKi1[m[K = node->get_parameter("Ki1").as_double();
      |     [01;31m[K^~~[m[K
[01m[K/home/ryung/Desktop/buf/src/controller/src/controller_main.cpp:166:5:[m[K [01;31m[Kerror: [m[K‘[01m[KKd1[m[K’ was not declared in this scope
  166 |     [01;31m[KKd1[m[K = node->get_parameter("Kd1").as_double();
      |     [01;31m[K^~~[m[K
[01m[K/home/ryung/Desktop/buf/src/controller/src/controller_main.cpp:167:5:[m[K [01;31m[Kerror: [m[K‘[01m[KKp2[m[K’ was not declared in this scope
  167 |     [01;31m[KKp2[m[K = node->get_parameter("Kp2").as_double();
      |     [01;31m[K^~~[m[K
[01m[K/home/ryung/Desktop/buf/src/controller/src/controller_main.cpp:168:5:[m[K [01;31m[Kerror: [m[K‘[01m[KKi2[m[K’ was not declared in this scope
  168 |     [01;31m[KKi2[m[K = node->get_parameter("Ki2").as_double();
      |     [01;31m[K^~~[m[K
[01m[K/home/ryung/Desktop/buf/src/controller/src/controller_main.cpp:169:5:[m[K [01;31m[Kerror: [m[K‘[01m[KKd2[m[K’ was not declared in this scope
  169 |     [01;31m[KKd2[m[K = node->get_parameter("Kd2").as_double();
      |     [01;31m[K^~~[m[K
[01m[K/home/ryung/Desktop/buf/src/controller/src/controller_main.cpp:170:5:[m[K [01;31m[Kerror: [m[K‘[01m[KKp3[m[K’ was not declared in this scope
  170 |     [01;31m[KKp3[m[K = node->get_parameter("Kp3").as_double();
      |     [01;31m[K^~~[m[K
[01m[K/home/ryung/Desktop/buf/src/controller/src/controller_main.cpp:171:5:[m[K [01;31m[Kerror: [m[K‘[01m[KKi3[m[K’ was not declared in this scope
  171 |     [01;31m[KKi3[m[K = node->get_parameter("Ki3").as_double();
      |     [01;31m[K^~~[m[K
[01m[K/home/ryung/Desktop/buf/src/controller/src/controller_main.cpp:172:5:[m[K [01;31m[Kerror: [m[K‘[01m[KKd3[m[K’ was not declared in this scope
  172 |     [01;31m[KKd3[m[K = node->get_parameter("Kd3").as_double();
      |     [01;31m[K^~~[m[K
make[2]: *** [CMakeFiles/controller_main.dir/build.make:63: CMakeFiles/controller_main.dir/src/controller_main.cpp.o] Error 1
make[1]: *** [CMakeFiles/Makefile2:78: CMakeFiles/controller_main.dir/all] Error 2
make: *** [Makefile:141: all] Error 2
