[0.040s] Invoking command in '/home/ionia/Desktop/dubal_ws/build/controller': CMAKE_PREFIX_PATH=/opt/ros/foxy CONDA_PROMPT_MODIFIER=(base) /usr/bin/cmake /home/ionia/Desktop/dubal_ws/src/controller -DCMAKE_INSTALL_PREFIX=/home/ionia/Desktop/dubal_ws/install/controller
[0.780s] -- Found ament_cmake: 0.9.12 (/opt/ros/foxy/share/ament_cmake/cmake)
[0.784s] -- Using PYTHON_EXECUTABLE: /home/ionia/anaconda3/bin/python3
[0.784s] -- Found rclcpp: 2.4.3 (/opt/ros/foxy/share/rclcpp/cmake)
[0.785s] -- Using all available rosidl_typesupport_c: rosidl_typesupport_fastrtps_c;rosidl_typesupport_introspection_c
[0.785s] -- Found rosidl_adapter: 1.3.1 (/opt/ros/foxy/share/rosidl_adapter/cmake)
[0.840s] -- Found OpenSSL: /usr/lib/x86_64-linux-gnu/libcrypto.so (found version "1.1.1f")  
[0.911s] -- Found FastRTPS: /opt/ros/foxy/include  
[1.102s] -- Using all available rosidl_typesupport_cpp: rosidl_typesupport_fastrtps_cpp;rosidl_typesupport_introspection_cpp
[1.253s] -- Found rmw_implementation_cmake: 1.0.4 (/opt/ros/foxy/share/rmw_implementation_cmake/cmake)
[1.257s] -- Using RMW implementation 'rmw_fastrtps_cpp' as default
[1.260s] -- Looking for pthread.h
[1.428s] -- Looking for pthread.h - found
[1.429s] -- Performing Test CMAKE_HAVE_LIBC_PTHREAD
[1.602s] -- Performing Test CMAKE_HAVE_LIBC_PTHREAD - Failed
[1.603s] -- Looking for pthread_create in pthreads
[1.746s] -- Looking for pthread_create in pthreads - not found
[1.746s] -- Looking for pthread_create in pthread
[1.905s] -- Looking for pthread_create in pthread - found
[1.906s] -- Found Threads: TRUE  
[2.443s] -- Found sensor_msgs: 2.0.5 (/opt/ros/foxy/share/sensor_msgs/cmake)
[2.717s] Traceback (most recent call last):
[2.717s]   File "/opt/ros/foxy/share/ament_cmake_core/cmake/core/package_xml_2_cmake.py", line 21, in <module>
[2.717s]     from catkin_pkg.package import parse_package_string
[2.717s] ModuleNotFoundError: No module named 'catkin_pkg'
[2.724s] CMake Error at /opt/ros/foxy/share/ament_cmake_core/cmake/core/ament_package_xml.cmake:94 (message):
[2.724s]   execute_process(/home/ionia/anaconda3/bin/python3
[2.724s]   /opt/ros/foxy/share/ament_cmake_core/cmake/core/package_xml_2_cmake.py
[2.725s]   /home/ionia/Desktop/dubal_ws/src/controller/package.xml
[2.725s]   /home/ionia/Desktop/dubal_ws/build/controller/ament_cmake_core/package.cmake)
[2.725s]   returned error code 1
[2.725s] Call Stack (most recent call first):
[2.725s]   /opt/ros/foxy/share/ament_cmake_core/cmake/core/ament_package_xml.cmake:49 (_ament_package_xml)
[2.725s]   /opt/ros/foxy/share/ament_cmake_core/cmake/core/ament_package.cmake:63 (ament_package_xml)
[2.725s]   CMakeLists.txt:16 (ament_package)
[2.726s] 
[2.726s] 
[2.728s] -- Configuring incomplete, errors occurred!
[2.728s] See also "/home/ionia/Desktop/dubal_ws/build/controller/CMakeFiles/CMakeOutput.log".
[2.728s] See also "/home/ionia/Desktop/dubal_ws/build/controller/CMakeFiles/CMakeError.log".
[2.740s] Invoked command in '/home/ionia/Desktop/dubal_ws/build/controller' returned '1': CMAKE_PREFIX_PATH=/opt/ros/foxy CONDA_PROMPT_MODIFIER=(base) /usr/bin/cmake /home/ionia/Desktop/dubal_ws/src/controller -DCMAKE_INSTALL_PREFIX=/home/ionia/Desktop/dubal_ws/install/controller
