[1.063s] Invoking command in '/home/ryung/Desktop/buf/src/odrive_controller': PYTHONPATH=/home/ryung/Desktop/buf/build/odrive_controller/prefix_override:/home/ryung/Desktop/buf/install/odrive_controller/lib/python3.8/site-packages:${PYTHONPATH} /usr/bin/python3 setup.py egg_info --egg-base ../../build/odrive_controller build --build-base /home/ryung/Desktop/buf/build/odrive_controller/build install --record /home/ryung/Desktop/buf/build/odrive_controller/install.log --install-scripts $base/lib/odrive_controller --single-version-externally-managed
[1.184s] running egg_info
[1.184s] writing ../../build/odrive_controller/odrive_controller.egg-info/PKG-INFO
[1.184s] writing dependency_links to ../../build/odrive_controller/odrive_controller.egg-info/dependency_links.txt
[1.185s] writing entry points to ../../build/odrive_controller/odrive_controller.egg-info/entry_points.txt
[1.185s] writing requirements to ../../build/odrive_controller/odrive_controller.egg-info/requires.txt
[1.185s] writing top-level names to ../../build/odrive_controller/odrive_controller.egg-info/top_level.txt
[1.204s] reading manifest file '../../build/odrive_controller/odrive_controller.egg-info/SOURCES.txt'
[1.205s] writing manifest file '../../build/odrive_controller/odrive_controller.egg-info/SOURCES.txt'
[1.205s] running build
[1.205s] running build_py
[1.205s] copying odrive_controller/odrive_controller.py -> /home/ryung/Desktop/buf/build/odrive_controller/build/lib/odrive_controller
[1.205s] running install
[1.205s] running install_lib
[1.206s] copying /home/ryung/Desktop/buf/build/odrive_controller/build/lib/odrive_controller/odrive_controller.py -> /home/ryung/Desktop/buf/install/odrive_controller/lib/python3.8/site-packages/odrive_controller
[1.206s] byte-compiling /home/ryung/Desktop/buf/install/odrive_controller/lib/python3.8/site-packages/odrive_controller/odrive_controller.py to odrive_controller.cpython-38.pyc
[1.207s] running install_data
[1.207s] running install_egg_info
[1.208s] removing '/home/ryung/Desktop/buf/install/odrive_controller/lib/python3.8/site-packages/odrive_controller-0.0.0-py3.8.egg-info' (and everything under it)
[1.208s] Copying ../../build/odrive_controller/odrive_controller.egg-info to /home/ryung/Desktop/buf/install/odrive_controller/lib/python3.8/site-packages/odrive_controller-0.0.0-py3.8.egg-info
[1.209s] running install_scripts
[1.219s] Installing odrive_controller script to /home/ryung/Desktop/buf/install/odrive_controller/lib/odrive_controller
[1.219s] writing list of installed files to '/home/ryung/Desktop/buf/build/odrive_controller/install.log'
[1.299s] Invoked command in '/home/ryung/Desktop/buf/src/odrive_controller' returned '0': PYTHONPATH=/home/ryung/Desktop/buf/build/odrive_controller/prefix_override:/home/ryung/Desktop/buf/install/odrive_controller/lib/python3.8/site-packages:${PYTHONPATH} /usr/bin/python3 setup.py egg_info --egg-base ../../build/odrive_controller build --build-base /home/ryung/Desktop/buf/build/odrive_controller/build install --record /home/ryung/Desktop/buf/build/odrive_controller/install.log --install-scripts $base/lib/odrive_controller --single-version-externally-managed
