[0.437s] Invoking command in '/home/ryung/Desktop/buf/build/controller': CMAKE_PREFIX_PATH=${CMAKE_PREFIX_PATH}:/home/ryung/Desktop/buf/install/serial_reciver:/home/ryung/Desktop/buf/install/odrive_controller:/home/ryung/Desktop/dubal_ws/install/two_wheel_demo:/home/ryung/Desktop/dubal_ws/install/serial_reciver:/home/ryung/Desktop/dubal_ws/install/odrive_driver:/home/ryung/Desktop/dubal_ws/install/eye_dubal:/opt/ros/foxy /usr/bin/cmake --build /home/ryung/Desktop/buf/build/controller -- -j16 -l16
[0.688s] [35m[1mScanning dependencies of target controller_main[0m
[0.688s] [ 50%] [32mBuilding CXX object CMakeFiles/controller_main.dir/src/controller_main.cpp.o[0m
[1.142s] [01m[K/home/ryung/Desktop/buf/src/controller/src/controller_main.cpp:[m[K In function ‘[01m[Kvoid butterworth()[m[K’:
[1.142s] [01m[K/home/ryung/Desktop/buf/src/controller/src/controller_main.cpp:16:3:[m[K [01;31m[Kerror: [m[K‘[01m[Kwc[m[K’ was not declared in this scope
[1.142s]    16 |   [01;31m[Kwc[m[K = tan(M_PI * cut_off_freq_current * dt);
[1.142s]       |   [01;31m[K^~[m[K
[1.144s] [01m[K/home/ryung/Desktop/buf/src/controller/src/controller_main.cpp:16:19:[m[K [01;31m[Kerror: [m[K‘[01m[Kcut_off_freq_current[m[K’ was not declared in this scope
[1.144s]    16 |   wc = tan(M_PI * [01;31m[Kcut_off_freq_current[m[K * dt);
[1.144s]       |                   [01;31m[K^~~~~~~~~~~~~~~~~~~~[m[K
[1.145s] [01m[K/home/ryung/Desktop/buf/src/controller/src/controller_main.cpp:16:42:[m[K [01;31m[Kerror: [m[K‘[01m[Kdt[m[K’ was not declared in this scope
[1.145s]    16 |   wc = tan(M_PI * cut_off_freq_current * [01;31m[Kdt[m[K);
[1.145s]       |                                          [01;31m[K^~[m[K
[1.145s] [01m[K/home/ryung/Desktop/buf/src/controller/src/controller_main.cpp:17:3:[m[K [01;31m[Kerror: [m[K‘[01m[Kwc2[m[K’ was not declared in this scope
[1.145s]    17 |   [01;31m[Kwc2[m[K = wc*wc;
[1.145s]       |   [01;31m[K^~~[m[K
[1.146s] [01m[K/home/ryung/Desktop/buf/src/controller/src/controller_main.cpp:19:3:[m[K [01;31m[Kerror: [m[K‘[01m[Kb0_2nd[m[K’ was not declared in this scope
[1.146s]    19 |   [01;31m[Kb0_2nd[m[K = (wc2) / (1 + sqrt(2)*wc + wc2);
[1.146s]       |   [01;31m[K^~~~~~[m[K
[1.147s] [01m[K/home/ryung/Desktop/buf/src/controller/src/controller_main.cpp:20:3:[m[K [01;31m[Kerror: [m[K‘[01m[Kb1_2nd[m[K’ was not declared in this scope
[1.147s]    20 |   [01;31m[Kb1_2nd[m[K = 2 * b0_2nd;
[1.147s]       |   [01;31m[K^~~~~~[m[K
[1.147s] [01m[K/home/ryung/Desktop/buf/src/controller/src/controller_main.cpp:21:3:[m[K [01;31m[Kerror: [m[K‘[01m[Kb2_2nd[m[K’ was not declared in this scope
[1.147s]    21 |   [01;31m[Kb2_2nd[m[K = b0_2nd;
[1.147s]       |   [01;31m[K^~~~~~[m[K
[1.148s] [01m[K/home/ryung/Desktop/buf/src/controller/src/controller_main.cpp:22:3:[m[K [01;31m[Kerror: [m[K‘[01m[Ka0_2nd[m[K’ was not declared in this scope
[1.148s]    22 |   [01;31m[Ka0_2nd[m[K = 1;
[1.148s]       |   [01;31m[K^~~~~~[m[K
[1.149s] [01m[K/home/ryung/Desktop/buf/src/controller/src/controller_main.cpp:23:3:[m[K [01;31m[Kerror: [m[K‘[01m[Ka1_2nd[m[K’ was not declared in this scope
[1.149s]    23 |   [01;31m[Ka1_2nd[m[K = 2 * (wc2 - 1) / (1 + sqrt(2) * wc + wc2);
[1.149s]       |   [01;31m[K^~~~~~[m[K
[1.149s] [01m[K/home/ryung/Desktop/buf/src/controller/src/controller_main.cpp:24:3:[m[K [01;31m[Kerror: [m[K‘[01m[Ka2_2nd[m[K’ was not declared in this scope
[1.149s]    24 |   [01;31m[Ka2_2nd[m[K = (1 - sqrt(2) * wc + wc2) / (1 + sqrt(2) * wc + wc2);
[1.149s]       |   [01;31m[K^~~~~~[m[K
[1.152s] [01m[K/home/ryung/Desktop/buf/src/controller/src/controller_main.cpp:27:3:[m[K [01;31m[Kerror: [m[K‘[01m[Kbw2_filtered_current_1_input[m[K’ was not declared in this scope
[1.152s]    27 |   [01;31m[Kbw2_filtered_current_1_input[m[K[2] = imu_theta;
[1.152s]       |   [01;31m[K^~~~~~~~~~~~~~~~~~~~~~~~~~~~[m[K
[1.153s] [01m[K/home/ryung/Desktop/buf/src/controller/src/controller_main.cpp:27:37:[m[K [01;31m[Kerror: [m[K‘[01m[Kimu_theta[m[K’ was not declared in this scope
[1.153s]    27 |   bw2_filtered_current_1_input[2] = [01;31m[Kimu_theta[m[K;
[1.153s]       |                                     [01;31m[K^~~~~~~~~[m[K
[1.155s] [01m[K/home/ryung/Desktop/buf/src/controller/src/controller_main.cpp:29:3:[m[K [01;31m[Kerror: [m[K‘[01m[Kbw2_filtered_current_1_output[m[K’ was not declared in this scope
[1.155s]    29 |   [01;31m[Kbw2_filtered_current_1_output[m[K[2] = b0_2nd * bw2_filtered_current_1_input[2] + b1_2nd * bw2_filtered_current_1_input[1] + b2_2nd * bw2_filtered_current_1_input[0] - a1_2nd * bw2_filtered_current_1_output[1] - a2_2nd * bw2_filtered_current_1_output[0];
[1.156s]       |   [01;31m[K^~~~~~~~~~~~~~~~~~~~~~~~~~~~~[m[K
[1.157s] [01m[K/home/ryung/Desktop/buf/src/controller/src/controller_main.cpp:[m[K In function ‘[01m[Kfloat dead_zone_calibration(float)[m[K’:
[1.157s] [01m[K/home/ryung/Desktop/buf/src/controller/src/controller_main.cpp:56:16:[m[K [01;31m[Kerror: [m[K‘[01m[KDEADZONE_SBUS[m[K’ was not declared in this scope
[1.157s]    56 |     if (data > [01;31m[KDEADZONE_SBUS[m[K)
[1.157s]       |                [01;31m[K^~~~~~~~~~~~~[m[K
[1.160s] [01m[K/home/ryung/Desktop/buf/src/controller/src/controller_main.cpp:[m[K In function ‘[01m[Kvoid sbus_callback(sensor_msgs::msg::JointState_<std::allocator<void> >::SharedPtr)[m[K’:
[1.160s] [01m[K/home/ryung/Desktop/buf/src/controller/src/controller_main.cpp:66:5:[m[K [01;31m[Kerror: [m[K‘[01m[Ksbus_data[m[K’ was not declared in this scope
[1.160s]    66 |     [01;31m[Ksbus_data[m[K[0] = 100.*(msg->position[0] - sbus_center)/sbus_Range;  // SBUS ch1 : Heading angle stick
[1.160s]       |     [01;31m[K^~~~~~~~~[m[K
[1.161s] [01m[K/home/ryung/Desktop/buf/src/controller/src/controller_main.cpp:66:45:[m[K [01;31m[Kerror: [m[K‘[01m[Ksbus_center[m[K’ was not declared in this scope
[1.161s]    66 |     sbus_data[0] = 100.*(msg->position[0] - [01;31m[Ksbus_center[m[K)/sbus_Range;  // SBUS ch1 : Heading angle stick
[1.161s]       |                                             [01;31m[K^~~~~~~~~~~[m[K
[1.162s] [01m[K/home/ryung/Desktop/buf/src/controller/src/controller_main.cpp:66:58:[m[K [01;31m[Kerror: [m[K‘[01m[Ksbus_Range[m[K’ was not declared in this scope
[1.162s]    66 |     sbus_data[0] = 100.*(msg->position[0] - sbus_center)/[01;31m[Ksbus_Range[m[K;  // SBUS ch1 : Heading angle stick
[1.162s]       |                                                          [01;31m[K^~~~~~~~~~[m[K
[1.162s] [01m[K/home/ryung/Desktop/buf/src/controller/src/controller_main.cpp:67:5:[m[K [01;31m[Kerror: [m[K‘[01m[Kref[m[K’ was not declared in this scope; did you mean ‘[01m[Kstd::ref[m[K’?
[1.162s]    67 |     [01;31m[Kref[m[K[0] = lowpassfilter(ref[0], sbus_data[0], 0.1);
[1.162s]       |     [01;31m[K^~~[m[K
[1.162s]       |     [32m[Kstd::ref[m[K
[1.162s] In file included from [01m[K/usr/include/c++/9/bits/shared_ptr_base.h:54[m[K,
[1.163s]                  from [01m[K/usr/include/c++/9/bits/shared_ptr.h:52[m[K,
[1.163s]                  from [01m[K/usr/include/c++/9/memory:81[m[K,
[1.163s]                  from [01m[K/opt/ros/foxy/include/rclcpp/rclcpp.hpp:144[m[K,
[1.163s]                  from [01m[K/home/ryung/Desktop/buf/src/controller/src/controller_main.cpp:1[m[K:
[1.163s] [01m[K/usr/include/c++/9/bits/refwrap.h:370:5:[m[K [01;36m[Knote: [m[K‘[01m[Kstd::ref[m[K’ declared here
[1.163s]   370 |     [01;36m[Kref[m[K(reference_wrapper<_Tp> __t) noexcept
[1.163s]       |     [01;36m[K^~~[m[K
[1.164s] [01m[K/home/ryung/Desktop/buf/src/controller/src/controller_main.cpp:75:51:[m[K [01;31m[Kerror: [m[K‘[01m[Kleg_down_bound[m[K’ was not declared in this scope
[1.164s]    75 |     ref[2] = lowpassfilter(ref[2], sbus_data[2] > [01;31m[Kleg_down_bound[m[K ? -1 : (sbus_data[2] > leg_up_bound ? 0 : 1), 0.2);
[1.164s]       |                                                   [01;31m[K^~~~~~~~~~~~~~[m[K
[1.165s] [01m[K/home/ryung/Desktop/buf/src/controller/src/controller_main.cpp:75:89:[m[K [01;31m[Kerror: [m[K‘[01m[Kleg_up_bound[m[K’ was not declared in this scope
[1.165s]    75 | ref[2], sbus_data[2] > leg_down_bound ? -1 : (sbus_data[2] > [01;31m[Kleg_up_bound[m[K ? 0 : 1), 0.2);
[1.165s]       |                                                              [01;31m[K^~~~~~~~~~~~[m[K
[1.165s] 
[1.166s] [01m[K/home/ryung/Desktop/buf/src/controller/src/controller_main.cpp:79:51:[m[K [01;31m[Kerror: [m[K‘[01m[Kkill_bound[m[K’ was not declared in this scope; did you mean ‘[01m[Kllround[m[K’?
[1.166s]    79 |     ref[3] = lowpassfilter(ref[3], sbus_data[3] > [01;31m[Kkill_bound[m[K ? 1 : 0, 0.9);
[1.166s]       |                                                   [01;31m[K^~~~~~~~~~[m[K
[1.166s]       |                                                   [32m[Kllround[m[K
[1.169s] [01m[K/home/ryung/Desktop/buf/src/controller/src/controller_main.cpp:[m[K In function ‘[01m[Kvoid imu_callback(sensor_msgs::msg::Imu_<std::allocator<void> >::SharedPtr)[m[K’:
[1.169s] [01m[K/home/ryung/Desktop/buf/src/controller/src/controller_main.cpp:88:5:[m[K [01;31m[Kerror: [m[K‘[01m[Kimu_theta_past[m[K’ was not declared in this scope
[1.169s]    88 |     [01;31m[Kimu_theta_past[m[K = imu_theta;
[1.169s]       |     [01;31m[K^~~~~~~~~~~~~~[m[K
[1.170s] [01m[K/home/ryung/Desktop/buf/src/controller/src/controller_main.cpp:88:22:[m[K [01;31m[Kerror: [m[K‘[01m[Kimu_theta[m[K’ was not declared in this scope
[1.170s]    88 |     imu_theta_past = [01;31m[Kimu_theta[m[K;
[1.170s]       |                      [01;31m[K^~~~~~~~~[m[K
[1.171s] [01m[K/home/ryung/Desktop/buf/src/controller/src/controller_main.cpp:89:5:[m[K [01;31m[Kerror: [m[K‘[01m[Kimu_psi_past[m[K’ was not declared in this scope
[1.171s]    89 |     [01;31m[Kimu_psi_past[m[K = imu_psi;
[1.171s]       |     [01;31m[K^~~~~~~~~~~~[m[K
[1.171s] [01m[K/home/ryung/Desktop/buf/src/controller/src/controller_main.cpp:89:20:[m[K [01;31m[Kerror: [m[K‘[01m[Kimu_psi[m[K’ was not declared in this scope
[1.171s]    89 |     imu_psi_past = [01;31m[Kimu_psi[m[K;
[1.171s]       |                    [01;31m[K^~~~~~~[m[K
[1.172s] [01m[K/home/ryung/Desktop/buf/src/controller/src/controller_main.cpp:91:69:[m[K [01;31m[Kerror: [m[K‘[01m[Kdeg2rad[m[K’ was not declared in this scope
[1.172s]    91 | _theta = lowpassfilter(imu_theta, -msg->angular_velocity.y * [01;31m[Kdeg2rad[m[K, 0.01);                                         //rad
[1.172s]       |                                                              [01;31m[K^~~~~~~[m[K
[1.172s] 
[1.173s] [01m[K/home/ryung/Desktop/buf/src/controller/src/controller_main.cpp:96:9:[m[K [01;31m[Kerror: [m[K‘[01m[Kimu_theta_dot[m[K’ was not declared in this scope
[1.173s]    96 |         [01;31m[Kimu_theta_dot[m[K = lowpassfilter(imu_theta_dot, (imu_theta - imu_theta_past)/dt, 0.1);    //rad/s
[1.173s]       |         [01;31m[K^~~~~~~~~~~~~[m[K
[1.174s] [01m[K/home/ryung/Desktop/buf/src/controller/src/controller_main.cpp:96:83:[m[K [01;31m[Kerror: [m[K‘[01m[Kdt[m[K’ was not declared in this scope
[1.174s]    96 |  = lowpassfilter(imu_theta_dot, (imu_theta - imu_theta_past)/[01;31m[Kdt[m[K, 0.1);    //rad/s
[1.174s]       |                                                              [01;31m[K^~[m[K
[1.174s] 
[1.175s] [01m[K/home/ryung/Desktop/buf/src/controller/src/controller_main.cpp:100:5:[m[K [01;31m[Kerror: [m[K‘[01m[Kimu_psi_dot[m[K’ was not declared in this scope
[1.175s]   100 |     [01;31m[Kimu_psi_dot[m[K = lowpassfilter(imu_psi_dot, (imu_psi - imu_psi_past)/dt, 0.01);            //rad/s
[1.175s]       |     [01;31m[K^~~~~~~~~~~[m[K
[1.175s] [01m[K/home/ryung/Desktop/buf/src/controller/src/controller_main.cpp:100:71:[m[K [01;31m[Kerror: [m[K‘[01m[Kdt[m[K’ was not declared in this scope
[1.175s]   100 | si_dot = lowpassfilter(imu_psi_dot, (imu_psi - imu_psi_past)/[01;31m[Kdt[m[K, 0.01);            //rad/s
[1.175s]       |                                                              [01;31m[K^~[m[K
[1.175s] 
[1.176s] [01m[K/home/ryung/Desktop/buf/src/controller/src/controller_main.cpp:[m[K In function ‘[01m[Kfloat computePID(float, float, float, int, float, float, float)[m[K’:
[1.176s] [01m[K/home/ryung/Desktop/buf/src/controller/src/controller_main.cpp:110:5:[m[K [01;31m[Kerror: [m[K‘[01m[KI[m[K’ was not declared in this scope
[1.176s]   110 |     [01;31m[KI[m[K[i] += Ki * error * dt;
[1.176s]       |     [01;31m[K^[m[K
[1.176s] [01m[K/home/ryung/Desktop/buf/src/controller/src/controller_main.cpp:121:5:[m[K [01;31m[Kerror: [m[K‘[01m[KD[m[K’ was not declared in this scope
[1.176s]   121 |     [01;31m[KD[m[K[i] = lowpassfilter(D[i],-Kd*(y - y_past[i])/dt,0.1);
[1.176s]       |     [01;31m[K^[m[K
[1.177s] [01m[K/home/ryung/Desktop/buf/src/controller/src/controller_main.cpp:121:40:[m[K [01;31m[Kerror: [m[K‘[01m[Ky_past[m[K’ was not declared in this scope
[1.177s]   121 |     D[i] = lowpassfilter(D[i],-Kd*(y - [01;31m[Ky_past[m[K[i])/dt,0.1);
[1.177s]       |                                        [01;31m[K^~~~~~[m[K
[1.177s] [01m[K/home/ryung/Desktop/buf/src/controller/src/controller_main.cpp:[m[K In function ‘[01m[Kvoid controller_main()[m[K’:
[1.177s] [01m[K/home/ryung/Desktop/buf/src/controller/src/controller_main.cpp:134:5:[m[K [01;31m[Kerror: [m[K‘[01m[Kref[m[K’ was not declared in this scope; did you mean ‘[01m[Kstd::ref[m[K’?
[1.178s]   134 |     [01;31m[Kref[m[K[2]=-3*deg2rad; //example
[1.178s]       |     [01;31m[K^~~[m[K
[1.179s]       |     [32m[Kstd::ref[m[K
[1.180s] In file included from [01m[K/usr/include/c++/9/bits/shared_ptr_base.h:54[m[K,
[1.181s]                  from [01m[K/usr/include/c++/9/bits/shared_ptr.h:52[m[K,
[1.181s]                  from [01m[K/usr/include/c++/9/memory:81[m[K,
[1.182s]                  from [01m[K/opt/ros/foxy/include/rclcpp/rclcpp.hpp:144[m[K,
[1.182s]                  from [01m[K/home/ryung/Desktop/buf/src/controller/src/controller_main.cpp:1[m[K:
[1.182s] [01m[K/usr/include/c++/9/bits/refwrap.h:370:5:[m[K [01;36m[Knote: [m[K‘[01m[Kstd::ref[m[K’ declared here
[1.182s]   370 |     [01;36m[Kref[m[K(reference_wrapper<_Tp> __t) noexcept
[1.182s]       |     [01;36m[K^~~[m[K
[1.182s] [01m[K/home/ryung/Desktop/buf/src/controller/src/controller_main.cpp:134:15:[m[K [01;31m[Kerror: [m[K‘[01m[Kdeg2rad[m[K’ was not declared in this scope
[1.182s]   134 |     ref[2]=-3*[01;31m[Kdeg2rad[m[K; //example
[1.182s]       |               [01;31m[K^~~~~~~[m[K
[1.183s] [01m[K/home/ryung/Desktop/buf/src/controller/src/controller_main.cpp:136:5:[m[K [01;31m[Kerror: [m[K‘[01m[Kref_theta_dot[m[K’ was not declared in this scope
[1.183s]   136 |     [01;31m[Kref_theta_dot[m[K = computePID(ref[2], imu_theta, dt, 1, Kp1, Ki1, Kd1); //ref_theta
[1.183s]       |     [01;31m[K^~~~~~~~~~~~~[m[K
[1.183s] [01m[K/home/ryung/Desktop/buf/src/controller/src/controller_main.cpp:136:40:[m[K [01;31m[Kerror: [m[K‘[01m[Kimu_theta[m[K’ was not declared in this scope
[1.183s]   136 |     ref_theta_dot = computePID(ref[2], [01;31m[Kimu_theta[m[K, dt, 1, Kp1, Ki1, Kd1); //ref_theta
[1.183s]       |                                        [01;31m[K^~~~~~~~~[m[K
[1.183s] [01m[K/home/ryung/Desktop/buf/src/controller/src/controller_main.cpp:136:51:[m[K [01;31m[Kerror: [m[K‘[01m[Kdt[m[K’ was not declared in this scope
[1.183s]   136 |     ref_theta_dot = computePID(ref[2], imu_theta, [01;31m[Kdt[m[K, 1, Kp1, Ki1, Kd1); //ref_theta
[1.183s]       |                                                   [01;31m[K^~[m[K
[1.183s] [01m[K/home/ryung/Desktop/buf/src/controller/src/controller_main.cpp:136:58:[m[K [01;31m[Kerror: [m[K‘[01m[KKp1[m[K’ was not declared in this scope
[1.183s]   136 |     ref_theta_dot = computePID(ref[2], imu_theta, dt, 1, [01;31m[KKp1[m[K, Ki1, Kd1); //ref_theta
[1.183s]       |                                                          [01;31m[K^~~[m[K
[1.184s] [01m[K/home/ryung/Desktop/buf/src/controller/src/controller_main.cpp:136:63:[m[K [01;31m[Kerror: [m[K‘[01m[KKi1[m[K’ was not declared in this scope
[1.184s]   136 |    ref_theta_dot = computePID(ref[2], imu_theta, dt, 1, Kp1, [01;31m[KKi1[m[K, Kd1); //ref_theta
[1.184s]       |                                                              [01;31m[K^~~[m[K
[1.184s] 
[1.184s] [01m[K/home/ryung/Desktop/buf/src/controller/src/controller_main.cpp:136:68:[m[K [01;31m[Kerror: [m[K‘[01m[KKd1[m[K’ was not declared in this scope
[1.184s]   136 | f_theta_dot = computePID(ref[2], imu_theta, dt, 1, Kp1, Ki1, [01;31m[KKd1[m[K); //ref_theta
[1.184s]       |                                                              [01;31m[K^~~[m[K
[1.184s] 
[1.184s] [01m[K/home/ryung/Desktop/buf/src/controller/src/controller_main.cpp:139:5:[m[K [01;31m[Kerror: [m[K‘[01m[Kbalancing_CMD[m[K’ was not declared in this scope
[1.184s]   139 |     [01;31m[Kbalancing_CMD[m[K = computePID(ref_theta_dot, imu_theta_dot, dt, 2, Kp2, Ki2, Kd2); //ref_theta_dot
[1.184s]       |     [01;31m[K^~~~~~~~~~~~~[m[K
[1.184s] [01m[K/home/ryung/Desktop/buf/src/controller/src/controller_main.cpp:139:47:[m[K [01;31m[Kerror: [m[K‘[01m[Kimu_theta_dot[m[K’ was not declared in this scope
[1.184s]   139 |     balancing_CMD = computePID(ref_theta_dot, [01;31m[Kimu_theta_dot[m[K, dt, 2, Kp2, Ki2, Kd2); //ref_theta_dot
[1.184s]       |                                               [01;31m[K^~~~~~~~~~~~~[m[K
[1.184s] [01m[K/home/ryung/Desktop/buf/src/controller/src/controller_main.cpp:139:69:[m[K [01;31m[Kerror: [m[K‘[01m[KKp2[m[K’ was not declared in this scope
[1.184s]   139 | ancing_CMD = computePID(ref_theta_dot, imu_theta_dot, dt, 2, [01;31m[KKp2[m[K, Ki2, Kd2); //ref_theta_dot
[1.184s]       |                                                              [01;31m[K^~~[m[K
[1.184s] 
[1.184s] [01m[K/home/ryung/Desktop/buf/src/controller/src/controller_main.cpp:139:74:[m[K [01;31m[Kerror: [m[K‘[01m[KKi2[m[K’ was not declared in this scope
[1.184s]   139 | g_CMD = computePID(ref_theta_dot, imu_theta_dot, dt, 2, Kp2, [01;31m[KKi2[m[K, Kd2); //ref_theta_dot
[1.184s]       |                                                              [01;31m[K^~~[m[K
[1.184s] 
[1.184s] [01m[K/home/ryung/Desktop/buf/src/controller/src/controller_main.cpp:139:79:[m[K [01;31m[Kerror: [m[K‘[01m[KKd2[m[K’ was not declared in this scope
[1.184s]   139 |  = computePID(ref_theta_dot, imu_theta_dot, dt, 2, Kp2, Ki2, [01;31m[KKd2[m[K); //ref_theta_dot
[1.184s]       |                                                              [01;31m[K^~~[m[K
[1.184s] 
[1.185s] [01m[K/home/ryung/Desktop/buf/src/controller/src/controller_main.cpp:142:5:[m[K [01;31m[Kerror: [m[K‘[01m[Kheading_CMD[m[K’ was not declared in this scope
[1.185s]   142 |     [01;31m[Kheading_CMD[m[K = computePID(ref[0], imu_psi_dot, dt, 3, Kp3, Ki3, Kd3);
[1.185s]       |     [01;31m[K^~~~~~~~~~~[m[K
[1.186s] [01m[K/home/ryung/Desktop/buf/src/controller/src/controller_main.cpp:142:38:[m[K [01;31m[Kerror: [m[K‘[01m[Kimu_psi_dot[m[K’ was not declared in this scope
[1.186s]   142 |     heading_CMD = computePID(ref[0], [01;31m[Kimu_psi_dot[m[K, dt, 3, Kp3, Ki3, Kd3);
[1.186s]       |                                      [01;31m[K^~~~~~~~~~~[m[K
[1.186s] [01m[K/home/ryung/Desktop/buf/src/controller/src/controller_main.cpp:142:58:[m[K [01;31m[Kerror: [m[K‘[01m[KKp3[m[K’ was not declared in this scope
[1.186s]   142 |     heading_CMD = computePID(ref[0], imu_psi_dot, dt, 3, [01;31m[KKp3[m[K, Ki3, Kd3);
[1.186s]       |                                                          [01;31m[K^~~[m[K
[1.187s] [01m[K/home/ryung/Desktop/buf/src/controller/src/controller_main.cpp:142:63:[m[K [01;31m[Kerror: [m[K‘[01m[KKi3[m[K’ was not declared in this scope
[1.187s]   142 |     heading_CMD = computePID(ref[0], imu_psi_dot, dt, 3, Kp3, [01;31m[KKi3[m[K, Kd3);
[1.187s]       |                                                               [01;31m[K^~~[m[K
[1.187s] [01m[K/home/ryung/Desktop/buf/src/controller/src/controller_main.cpp:142:68:[m[K [01;31m[Kerror: [m[K‘[01m[KKd3[m[K’ was not declared in this scope
[1.187s]   142 |     heading_CMD = computePID(ref[0], imu_psi_dot, dt, 3, Kp3, Ki3, [01;31m[KKd3[m[K);
[1.187s]       |                                                                    [01;31m[K^~~[m[K
[1.188s] [01m[K/home/ryung/Desktop/buf/src/controller/src/controller_main.cpp:144:5:[m[K [01;31m[Kerror: [m[K‘[01m[KMotor_L_cmd[m[K’ was not declared in this scope
[1.188s]   144 |     [01;31m[KMotor_L_cmd[m[K=balancing_CMD - heading_CMD;
[1.188s]       |     [01;31m[K^~~~~~~~~~~[m[K
[1.193s] [01m[K/home/ryung/Desktop/buf/src/controller/src/controller_main.cpp:[m[K In function ‘[01m[Kint main(int, char**)[m[K’:
[1.193s] [01m[K/home/ryung/Desktop/buf/src/controller/src/controller_main.cpp:167:5:[m[K [01;31m[Kerror: [m[K‘[01m[KKp0[m[K’ was not declared in this scope
[1.193s]   167 |     [01;31m[KKp0[m[K = node->get_parameter("Kp0").as_double();
[1.193s]       |     [01;31m[K^~~[m[K
[1.193s] [01m[K/home/ryung/Desktop/buf/src/controller/src/controller_main.cpp:168:5:[m[K [01;31m[Kerror: [m[K‘[01m[KKi0[m[K’ was not declared in this scope
[1.193s]   168 |     [01;31m[KKi0[m[K = node->get_parameter("Ki0").as_double();
[1.193s]       |     [01;31m[K^~~[m[K
[1.194s] [01m[K/home/ryung/Desktop/buf/src/controller/src/controller_main.cpp:169:5:[m[K [01;31m[Kerror: [m[K‘[01m[KKd0[m[K’ was not declared in this scope
[1.194s]   169 |     [01;31m[KKd0[m[K = node->get_parameter("Kd0").as_double();
[1.194s]       |     [01;31m[K^~~[m[K
[1.194s] [01m[K/home/ryung/Desktop/buf/src/controller/src/controller_main.cpp:170:5:[m[K [01;31m[Kerror: [m[K‘[01m[KKp1[m[K’ was not declared in this scope
[1.194s]   170 |     [01;31m[KKp1[m[K = node->get_parameter("Kp1").as_double();
[1.194s]       |     [01;31m[K^~~[m[K
[1.195s] [01m[K/home/ryung/Desktop/buf/src/controller/src/controller_main.cpp:171:5:[m[K [01;31m[Kerror: [m[K‘[01m[KKi1[m[K’ was not declared in this scope
[1.195s]   171 |     [01;31m[KKi1[m[K = node->get_parameter("Ki1").as_double();
[1.195s]       |     [01;31m[K^~~[m[K
[1.195s] [01m[K/home/ryung/Desktop/buf/src/controller/src/controller_main.cpp:172:5:[m[K [01;31m[Kerror: [m[K‘[01m[KKd1[m[K’ was not declared in this scope
[1.195s]   172 |     [01;31m[KKd1[m[K = node->get_parameter("Kd1").as_double();
[1.195s]       |     [01;31m[K^~~[m[K
[1.195s] [01m[K/home/ryung/Desktop/buf/src/controller/src/controller_main.cpp:173:5:[m[K [01;31m[Kerror: [m[K‘[01m[KKp2[m[K’ was not declared in this scope
[1.195s]   173 |     [01;31m[KKp2[m[K = node->get_parameter("Kp2").as_double();
[1.195s]       |     [01;31m[K^~~[m[K
[1.196s] [01m[K/home/ryung/Desktop/buf/src/controller/src/controller_main.cpp:174:5:[m[K [01;31m[Kerror: [m[K‘[01m[KKi2[m[K’ was not declared in this scope
[1.196s]   174 |     [01;31m[KKi2[m[K = node->get_parameter("Ki2").as_double();
[1.196s]       |     [01;31m[K^~~[m[K
[1.196s] [01m[K/home/ryung/Desktop/buf/src/controller/src/controller_main.cpp:175:5:[m[K [01;31m[Kerror: [m[K‘[01m[KKd2[m[K’ was not declared in this scope
[1.196s]   175 |     [01;31m[KKd2[m[K = node->get_parameter("Kd2").as_double();
[1.196s]       |     [01;31m[K^~~[m[K
[1.197s] [01m[K/home/ryung/Desktop/buf/src/controller/src/controller_main.cpp:176:5:[m[K [01;31m[Kerror: [m[K‘[01m[KKp3[m[K’ was not declared in this scope
[1.197s]   176 |     [01;31m[KKp3[m[K = node->get_parameter("Kp3").as_double();
[1.197s]       |     [01;31m[K^~~[m[K
[1.197s] [01m[K/home/ryung/Desktop/buf/src/controller/src/controller_main.cpp:177:5:[m[K [01;31m[Kerror: [m[K‘[01m[KKi3[m[K’ was not declared in this scope
[1.197s]   177 |     [01;31m[KKi3[m[K = node->get_parameter("Ki3").as_double();
[1.197s]       |     [01;31m[K^~~[m[K
[1.197s] [01m[K/home/ryung/Desktop/buf/src/controller/src/controller_main.cpp:178:5:[m[K [01;31m[Kerror: [m[K‘[01m[KKd3[m[K’ was not declared in this scope
[1.197s]   178 |     [01;31m[KKd3[m[K = node->get_parameter("Kd3").as_double();
[1.198s]       |     [01;31m[K^~~[m[K
[1.212s] [01m[K/home/ryung/Desktop/buf/src/controller/src/controller_main.cpp:196:5:[m[K [01;31m[Kerror: [m[K‘[01m[Klast_time[m[K’ was not declared in this scope; did you mean ‘[01m[Kasctime[m[K’?
[1.212s]   196 |     [01;31m[Klast_time[m[K = node->now();
[1.212s]       |     [01;31m[K^~~~~~~~~[m[K
[1.212s]       |     [32m[Kasctime[m[K
[1.213s] [01m[K/home/ryung/Desktop/buf/src/controller/src/controller_main.cpp:197:32:[m[K [01;31m[Kerror: [m[K‘[01m[Kloop_hz[m[K’ was not declared in this scope
[1.213s]   197 |     rclcpp::WallRate loop_rate([01;31m[Kloop_hz[m[K);
[1.213s]       |                                [01;31m[K^~~~~~~[m[K
[1.213s] [01m[K/home/ryung/Desktop/buf/src/controller/src/controller_main.cpp:203:9:[m[K [01;31m[Kerror: [m[K‘[01m[Kdt[m[K’ was not declared in this scope
[1.214s]   203 |         [01;31m[Kdt[m[K = (current_time - last_time).seconds();
[1.214s]       |         [01;31m[K^~[m[K
[1.214s] [01m[K/home/ryung/Desktop/buf/src/controller/src/controller_main.cpp:209:15:[m[K [01;31m[Kerror: [m[K‘[01m[KMotor_L_cmd[m[K’ was not declared in this scope
[1.215s]   209 |         if ((([01;31m[KMotor_L_cmd[m[K <  DEADZONE_INPUT) && (Motor_L_cmd > 0)) ||
[1.215s]       |               [01;31m[K^~~~~~~~~~~[m[K
[1.216s] [01m[K/home/ryung/Desktop/buf/src/controller/src/controller_main.cpp:209:30:[m[K [01;31m[Kerror: [m[K‘[01m[KDEADZONE_INPUT[m[K’ was not declared in this scope
[1.216s]   209 |         if (((Motor_L_cmd <  [01;31m[KDEADZONE_INPUT[m[K) && (Motor_L_cmd > 0)) ||
[1.216s]       |                              [01;31m[K^~~~~~~~~~~~~~[m[K
[1.217s] [01m[K/home/ryung/Desktop/buf/src/controller/src/controller_main.cpp:212:13:[m[K [01;31m[Kerror: [m[K‘[01m[KMotor_L_cmd[m[K’ was not declared in this scope
[1.217s]   212 |         if ([01;31m[KMotor_L_cmd[m[K >  Lim_INPUT || Motor_L_cmd <  -Lim_INPUT)
[1.217s]       |             [01;31m[K^~~~~~~~~~~[m[K
[1.217s] [01m[K/home/ryung/Desktop/buf/src/controller/src/controller_main.cpp:212:28:[m[K [01;31m[Kerror: [m[K‘[01m[KLim_INPUT[m[K’ was not declared in this scope
[1.217s]   212 |         if (Motor_L_cmd >  [01;31m[KLim_INPUT[m[K || Motor_L_cmd <  -Lim_INPUT)
[1.217s]       |                            [01;31m[K^~~~~~~~~[m[K
[1.218s] [01m[K/home/ryung/Desktop/buf/src/controller/src/controller_main.cpp:215:32:[m[K [01;31m[Kerror: [m[K‘[01m[KMotor_L_cmd[m[K’ was not declared in this scope
[1.218s]   215 |         odrive_msg_0.data[0] = [01;31m[KMotor_L_cmd[m[K;
[1.218s]       |                                [01;31m[K^~~~~~~~~~~[m[K
[1.219s] In file included from [01m[K/opt/ros/foxy/include/rclcpp/client.hpp:40[m[K,
[1.219s]                  from [01m[K/opt/ros/foxy/include/rclcpp/callback_group.hpp:23[m[K,
[1.219s]                  from [01m[K/opt/ros/foxy/include/rclcpp/any_executable.hpp:20[m[K,
[1.219s]                  from [01m[K/opt/ros/foxy/include/rclcpp/memory_strategy.hpp:24[m[K,
[1.219s]                  from [01m[K/opt/ros/foxy/include/rclcpp/memory_strategies.hpp:18[m[K,
[1.219s]                  from [01m[K/opt/ros/foxy/include/rclcpp/executor_options.hpp:20[m[K,
[1.219s]                  from [01m[K/opt/ros/foxy/include/rclcpp/executor.hpp:33[m[K,
[1.219s]                  from [01m[K/opt/ros/foxy/include/rclcpp/executors/multi_threaded_executor.hpp:26[m[K,
[1.219s]                  from [01m[K/opt/ros/foxy/include/rclcpp/executors.hpp:21[m[K,
[1.219s]                  from [01m[K/opt/ros/foxy/include/rclcpp/rclcpp.hpp:146[m[K,
[1.219s]                  from [01m[K/home/ryung/Desktop/buf/src/controller/src/controller_main.cpp:1[m[K:
[1.219s] [01m[K/home/ryung/Desktop/buf/src/controller/src/controller_main.cpp:218:21:[m[K [01;31m[Kerror: [m[K‘[01m[Kref[m[K’ was not declared in this scope; did you mean ‘[01m[Kstd::ref[m[K’?
[1.219s]   218 |                     [01;31m[Kref[m[K[0], ref[1], ref[2], ref[3], Motor_L_cmd);
[1.219s]       |                     [01;31m[K^~~[m[K
[1.219s] In file included from [01m[K/usr/include/c++/9/bits/shared_ptr_base.h:54[m[K,
[1.219s]                  from [01m[K/usr/include/c++/9/bits/shared_ptr.h:52[m[K,
[1.219s]                  from [01m[K/usr/include/c++/9/memory:81[m[K,
[1.219s]                  from [01m[K/opt/ros/foxy/include/rclcpp/rclcpp.hpp:144[m[K,
[1.219s]                  from [01m[K/home/ryung/Desktop/buf/src/controller/src/controller_main.cpp:1[m[K:
[1.219s] [01m[K/usr/include/c++/9/bits/refwrap.h:370:5:[m[K [01;36m[Knote: [m[K‘[01m[Kstd::ref[m[K’ declared here
[1.219s]   370 |     [01;36m[Kref[m[K(reference_wrapper<_Tp> __t) noexcept
[1.219s]       |     [01;36m[K^~~[m[K
[1.226s] [01m[K/home/ryung/Desktop/buf/src/controller/src/controller_main.cpp:225:20:[m[K [01;31m[Kerror: [m[K‘[01m[Kref_theta_dot[m[K’ was not declared in this scope
[1.226s]   225 |         msg.data = [01;31m[Kref_theta_dot[m[K*rad2deg;
[1.226s]       |                    [01;31m[K^~~~~~~~~~~~~[m[K
[1.226s] [01m[K/home/ryung/Desktop/buf/src/controller/src/controller_main.cpp:225:34:[m[K [01;31m[Kerror: [m[K‘[01m[Krad2deg[m[K’ was not declared in this scope
[1.226s]   225 |         msg.data = ref_theta_dot*[01;31m[Krad2deg[m[K;
[1.226s]       |                                  [01;31m[K^~~~~~~[m[K
[1.233s] [01m[K/home/ryung/Desktop/buf/src/controller/src/controller_main.cpp:228:20:[m[K [01;31m[Kerror: [m[K‘[01m[Kimu_theta[m[K’ was not declared in this scope
[1.233s]   228 |         msg.data = [01;31m[Kimu_theta[m[K*rad2deg;
[1.233s]       |                    [01;31m[K^~~~~~~~~[m[K
[1.234s] [01m[K/home/ryung/Desktop/buf/src/controller/src/controller_main.cpp:231:20:[m[K [01;31m[Kerror: [m[K‘[01m[Kimu_theta_dot[m[K’ was not declared in this scope
[1.234s]   231 |         msg.data = [01;31m[Kimu_theta_dot[m[K*rad2deg;
[1.234s]       |                    [01;31m[K^~~~~~~~~~~~~[m[K
[2.228s] make[2]: *** [CMakeFiles/controller_main.dir/build.make:63: CMakeFiles/controller_main.dir/src/controller_main.cpp.o] Error 1
[2.228s] make[1]: *** [CMakeFiles/Makefile2:78: CMakeFiles/controller_main.dir/all] Error 2
[2.228s] make: *** [Makefile:141: all] Error 2
[2.229s] Invoked command in '/home/ryung/Desktop/buf/build/controller' returned '2': CMAKE_PREFIX_PATH=${CMAKE_PREFIX_PATH}:/home/ryung/Desktop/buf/install/serial_reciver:/home/ryung/Desktop/buf/install/odrive_controller:/home/ryung/Desktop/dubal_ws/install/two_wheel_demo:/home/ryung/Desktop/dubal_ws/install/serial_reciver:/home/ryung/Desktop/dubal_ws/install/odrive_driver:/home/ryung/Desktop/dubal_ws/install/eye_dubal:/opt/ros/foxy /usr/bin/cmake --build /home/ryung/Desktop/buf/build/controller -- -j16 -l16
