[0.054s] Invoking command in '/home/ionia/Desktop/dubal_ws/build/controller': CMAKE_PREFIX_PATH=/opt/ros/foxy CONDA_PROMPT_MODIFIER=(base) /usr/bin/cmake /home/ionia/Desktop/dubal_ws/src/controller -DCMAKE_INSTALL_PREFIX=/home/ionia/Desktop/dubal_ws/install/controller
[0.669s] -- The C compiler identification is GNU 9.4.0
[0.670s] -- The CXX compiler identification is GNU 9.4.0
[0.670s] -- Check for working C compiler: /usr/bin/cc
[0.794s] -- Check for working C compiler: /usr/bin/cc -- works
[0.794s] -- Detecting C compiler ABI info
[0.991s] -- Detecting C compiler ABI info - done
[1.034s] -- Detecting C compile features
[1.036s] -- Detecting C compile features - done
[1.044s] -- Check for working CXX compiler: /usr/bin/c++
[1.394s] -- Check for working CXX compiler: /usr/bin/c++ -- works
[1.399s] -- Detecting CXX compiler ABI info
[1.604s] -- Detecting CXX compiler ABI info - done
[1.677s] -- Detecting CXX compile features
[1.678s] -- Detecting CXX compile features - done
[1.695s] -- Found ament_cmake: 0.9.12 (/opt/ros/foxy/share/ament_cmake/cmake)
[1.789s] -- Found PythonInterp: /home/ionia/anaconda3/bin/python3 (found suitable version "3.12.4", minimum required is "3") 
[1.790s] -- Using PYTHON_EXECUTABLE: /home/ionia/anaconda3/bin/python3
[2.740s] -- Found ament_lint_auto: 0.9.8 (/opt/ros/foxy/share/ament_lint_auto/cmake)
[2.956s] Traceback (most recent call last):
[2.957s]   File "/opt/ros/foxy/share/ament_cmake_core/cmake/core/package_xml_2_cmake.py", line 21, in <module>
[2.957s]     from catkin_pkg.package import parse_package_string
[2.957s] ModuleNotFoundError: No module named 'catkin_pkg'
[2.979s] CMake Error at /opt/ros/foxy/share/ament_cmake_core/cmake/core/ament_package_xml.cmake:94 (message):
[2.979s]   execute_process(/home/ionia/anaconda3/bin/python3
[2.979s]   /opt/ros/foxy/share/ament_cmake_core/cmake/core/package_xml_2_cmake.py
[2.979s]   /home/ionia/Desktop/dubal_ws/src/controller/package.xml
[2.980s]   /home/ionia/Desktop/dubal_ws/build/controller/ament_cmake_core/package.cmake)
[2.980s]   returned error code 1
[2.980s] Call Stack (most recent call first):
[2.980s]   /opt/ros/foxy/share/ament_cmake_core/cmake/core/ament_package_xml.cmake:49 (_ament_package_xml)
[2.980s]   /opt/ros/foxy/share/ament_lint_auto/cmake/ament_lint_auto_find_test_dependencies.cmake:31 (ament_package_xml)
[2.980s]   CMakeLists.txt:32 (ament_lint_auto_find_test_dependencies)
[2.981s] 
[2.981s] 
[2.981s] -- Configuring incomplete, errors occurred!
[2.981s] See also "/home/ionia/Desktop/dubal_ws/build/controller/CMakeFiles/CMakeOutput.log".
[2.995s] Invoked command in '/home/ionia/Desktop/dubal_ws/build/controller' returned '1': CMAKE_PREFIX_PATH=/opt/ros/foxy CONDA_PROMPT_MODIFIER=(base) /usr/bin/cmake /home/ionia/Desktop/dubal_ws/src/controller -DCMAKE_INSTALL_PREFIX=/home/ionia/Desktop/dubal_ws/install/controller
