[0.440s] Invoking command in '/home/ryung/Desktop/buf/build/controller': CMAKE_PREFIX_PATH=${CMAKE_PREFIX_PATH}:/home/ryung/Desktop/buf/install/serial_reciver:/home/ryung/Desktop/buf/install/odrive_controller:/home/ryung/Desktop/dubal_ws/install/two_wheel_demo:/home/ryung/Desktop/dubal_ws/install/serial_reciver:/home/ryung/Desktop/dubal_ws/install/odrive_driver:/home/ryung/Desktop/dubal_ws/install/eye_dubal:/opt/ros/foxy /usr/bin/cmake --build /home/ryung/Desktop/buf/build/controller -- -j16 -l16
[0.967s] -- Found ament_cmake: 0.9.12 (/opt/ros/foxy/share/ament_cmake/cmake)
[0.967s] -- Using PYTHON_EXECUTABLE: /usr/bin/python3
[0.967s] -- Found rclcpp: 2.4.3 (/opt/ros/foxy/share/rclcpp/cmake)
[0.968s] -- Using all available rosidl_typesupport_c: rosidl_typesupport_fastrtps_c;rosidl_typesupport_introspection_c
[0.968s] -- Found rosidl_adapter: 1.3.1 (/opt/ros/foxy/share/rosidl_adapter/cmake)
[0.968s] -- Using all available rosidl_typesupport_cpp: rosidl_typesupport_fastrtps_cpp;rosidl_typesupport_introspection_cpp
[0.968s] -- Found rmw_implementation_cmake: 1.0.4 (/opt/ros/foxy/share/rmw_implementation_cmake/cmake)
[0.968s] -- Using RMW implementation 'rmw_fastrtps_cpp' as default
[0.968s] -- Found sensor_msgs: 2.0.5 (/opt/ros/foxy/share/sensor_msgs/cmake)
[0.968s] -- Configuring done
[0.968s] -- Generating done
[0.968s] -- Build files have been written to: /home/ryung/Desktop/buf/build/controller
[0.968s] [35m[1mScanning dependencies of target controller_main[0m
[0.968s] [ 50%] [32mBuilding CXX object CMakeFiles/controller_main.dir/src/controller_main.cpp.o[0m
[4.617s] [100%] [32m[1mLinking CXX executable controller_main[0m
[4.776s] [100%] Built target controller_main
[4.782s] Invoked command in '/home/ryung/Desktop/buf/build/controller' returned '0': CMAKE_PREFIX_PATH=${CMAKE_PREFIX_PATH}:/home/ryung/Desktop/buf/install/serial_reciver:/home/ryung/Desktop/buf/install/odrive_controller:/home/ryung/Desktop/dubal_ws/install/two_wheel_demo:/home/ryung/Desktop/dubal_ws/install/serial_reciver:/home/ryung/Desktop/dubal_ws/install/odrive_driver:/home/ryung/Desktop/dubal_ws/install/eye_dubal:/opt/ros/foxy /usr/bin/cmake --build /home/ryung/Desktop/buf/build/controller -- -j16 -l16
[4.805s] Invoking command in '/home/ryung/Desktop/buf/build/controller': CMAKE_PREFIX_PATH=${CMAKE_PREFIX_PATH}:/home/ryung/Desktop/buf/install/serial_reciver:/home/ryung/Desktop/buf/install/odrive_controller:/home/ryung/Desktop/dubal_ws/install/two_wheel_demo:/home/ryung/Desktop/dubal_ws/install/serial_reciver:/home/ryung/Desktop/dubal_ws/install/odrive_driver:/home/ryung/Desktop/dubal_ws/install/eye_dubal:/opt/ros/foxy /usr/bin/cmake --install /home/ryung/Desktop/buf/build/controller
[4.812s] -- Install configuration: ""
[4.812s] -- Installing: /home/ryung/Desktop/buf/install/controller/lib/controller/controller_main
[4.814s] -- Set runtime path of "/home/ryung/Desktop/buf/install/controller/lib/controller/controller_main" to ""
[4.814s] -- Up-to-date: /home/ryung/Desktop/buf/install/controller/share/controller/
[4.814s] -- Up-to-date: /home/ryung/Desktop/buf/install/controller/share/controller//dubal_no_eye.py
[4.814s] -- Up-to-date: /home/ryung/Desktop/buf/install/controller/share/ament_index/resource_index/package_run_dependencies/controller
[4.814s] -- Up-to-date: /home/ryung/Desktop/buf/install/controller/share/ament_index/resource_index/parent_prefix_path/controller
[4.814s] -- Up-to-date: /home/ryung/Desktop/buf/install/controller/share/controller/environment/ament_prefix_path.sh
[4.814s] -- Installing: /home/ryung/Desktop/buf/install/controller/share/controller/environment/ament_prefix_path.dsv
[4.815s] -- Up-to-date: /home/ryung/Desktop/buf/install/controller/share/controller/environment/path.sh
[4.815s] -- Installing: /home/ryung/Desktop/buf/install/controller/share/controller/environment/path.dsv
[4.815s] -- Up-to-date: /home/ryung/Desktop/buf/install/controller/share/controller/local_setup.bash
[4.815s] -- Up-to-date: /home/ryung/Desktop/buf/install/controller/share/controller/local_setup.sh
[4.815s] -- Up-to-date: /home/ryung/Desktop/buf/install/controller/share/controller/local_setup.zsh
[4.815s] -- Installing: /home/ryung/Desktop/buf/install/controller/share/controller/local_setup.dsv
[4.815s] -- Installing: /home/ryung/Desktop/buf/install/controller/share/controller/package.dsv
[4.815s] -- Up-to-date: /home/ryung/Desktop/buf/install/controller/share/ament_index/resource_index/packages/controller
[4.815s] -- Up-to-date: /home/ryung/Desktop/buf/install/controller/share/controller/cmake/controllerConfig.cmake
[4.815s] -- Up-to-date: /home/ryung/Desktop/buf/install/controller/share/controller/cmake/controllerConfig-version.cmake
[4.815s] -- Installing: /home/ryung/Desktop/buf/install/controller/share/controller/package.xml
[4.816s] Invoked command in '/home/ryung/Desktop/buf/build/controller' returned '0': CMAKE_PREFIX_PATH=${CMAKE_PREFIX_PATH}:/home/ryung/Desktop/buf/install/serial_reciver:/home/ryung/Desktop/buf/install/odrive_controller:/home/ryung/Desktop/dubal_ws/install/two_wheel_demo:/home/ryung/Desktop/dubal_ws/install/serial_reciver:/home/ryung/Desktop/dubal_ws/install/odrive_driver:/home/ryung/Desktop/dubal_ws/install/eye_dubal:/opt/ros/foxy /usr/bin/cmake --install /home/ryung/Desktop/buf/build/controller
